TN:
SF:app/dashboard/estimates/page.tsx
FN:121,formatCurrency
FN:125,EstimatesPage
FN:148,(anonymous_3)
FN:154,(anonymous_4)
FN:165,(anonymous_5)
FN:180,(anonymous_6)
FN:229,(anonymous_7)
FN:247,(anonymous_8)
FN:279,(anonymous_9)
FN:287,(anonymous_10)
FN:290,(anonymous_11)
FN:320,(anonymous_12)
FN:341,(anonymous_13)
FN:353,(anonymous_14)
FN:395,(anonymous_15)
FN:405,(anonymous_16)
FNF:16
FNH:16
FNDA:36,formatCurrency
FNDA:38,EstimatesPage
FNDA:38,(anonymous_3)
FNDA:38,(anonymous_4)
FNDA:2,(anonymous_5)
FNDA:40,(anonymous_6)
FNDA:1,(anonymous_7)
FNDA:152,(anonymous_8)
FNDA:2,(anonymous_9)
FNDA:3,(anonymous_10)
FNDA:266,(anonymous_11)
FNDA:1,(anonymous_12)
FNDA:1,(anonymous_13)
FNDA:36,(anonymous_14)
FNDA:1,(anonymous_15)
FNDA:2,(anonymous_16)
DA:3,1
DA:4,1
DA:5,1
DA:6,1
DA:7,1
DA:8,1
DA:9,1
DA:10,1
DA:11,1
DA:26,1
DA:27,1
DA:51,1
DA:84,1
DA:94,1
DA:102,1
DA:112,1
DA:122,36
DA:125,1
DA:126,38
DA:127,38
DA:128,38
DA:129,38
DA:130,38
DA:131,38
DA:138,38
DA:144,38
DA:146,38
DA:148,38
DA:149,38
DA:150,34
DA:151,34
DA:154,38
DA:155,38
DA:156,34
DA:157,34
DA:165,38
DA:166,2
DA:167,2
DA:168,2
DA:169,2
DA:170,1
DA:171,1
DA:172,1
DA:174,1
DA:176,2
DA:180,38
DA:182,40
DA:185,40
DA:186,40
DA:189,38
DA:216,38
DA:229,1
DA:248,152
DA:279,2
DA:287,3
DA:291,266
DA:321,1
DA:322,1
DA:341,1
DA:354,36
DA:355,36
DA:395,1
DA:405,2
LF:63
LH:63
BRDA:146,0,0,38
BRDA:146,0,1,36
BRDA:149,1,0,4
BRDA:150,2,0,34
BRDA:150,2,1,0
BRDA:150,2,2,0
BRDA:151,3,0,34
BRDA:151,3,1,0
BRDA:155,4,0,4
BRDA:156,5,0,34
BRDA:156,5,1,0
BRDA:156,5,2,0
BRDA:158,6,0,34
BRDA:158,6,1,0
BRDA:159,7,0,34
BRDA:159,7,1,0
BRDA:160,8,0,34
BRDA:160,8,1,0
BRDA:161,9,0,34
BRDA:161,9,1,0
BRDA:169,10,0,1
BRDA:182,11,0,40
BRDA:182,11,1,4
BRDA:182,11,2,3
BRDA:183,12,0,0
BRDA:183,12,1,4
BRDA:183,13,0,4
BRDA:183,13,1,4
BRDA:184,14,0,0
BRDA:184,14,1,3
BRDA:184,15,0,3
BRDA:184,15,1,3
BRDA:185,16,0,40
BRDA:185,16,1,4
BRDA:186,17,0,40
BRDA:186,17,1,38
BRDA:259,18,0,8
BRDA:259,18,1,144
BRDA:311,19,0,3
BRDA:311,19,1,35
BRDA:311,20,0,38
BRDA:311,20,1,36
BRDA:328,21,0,2
BRDA:328,21,1,33
BRDA:332,22,0,2
BRDA:332,22,1,31
BRDA:354,23,0,36
BRDA:354,23,1,0
BRDA:370,24,0,36
BRDA:370,24,1,1
BRDA:374,25,0,36
BRDA:374,25,1,36
BRDA:374,26,0,36
BRDA:374,26,1,0
BRDA:399,27,0,36
BRDA:399,27,1,26
BRF:56
BRH:43
end_of_record
TN:
SF:app/dashboard/estimates/[id]/error.tsx
FN:6,Error
FNF:1
FNH:1
FNDA:5,Error
DA:3,1
DA:4,1
DA:6,1
DA:7,5
LF:4
LH:4
BRDA:14,0,0,5
BRDA:14,0,1,1
BRF:2
BRH:2
end_of_record
TN:
SF:app/dashboard/estimates/[id]/loading.tsx
FN:3,Loading
FNF:1
FNH:1
FNDA:1,Loading
DA:1,1
DA:3,1
DA:4,1
LF:3
LH:3
BRF:0
BRH:0
end_of_record
TN:
SF:app/dashboard/estimates/[id]/page.tsx
FN:114,formatCurrency
FN:118,EstimateDetailPage
FN:130,(anonymous_3)
FN:145,(anonymous_4)
FN:149,(anonymous_5)
FN:179,(anonymous_6)
FN:208,(anonymous_7)
FN:246,(anonymous_8)
FN:254,(anonymous_9)
FN:263,(anonymous_10)
FN:270,(anonymous_11)
FN:281,(anonymous_12)
FN:289,(anonymous_13)
FN:299,(anonymous_14)
FN:438,(anonymous_15)
FNF:15
FNH:14
FNDA:152,formatCurrency
FNDA:90,EstimateDetailPage
FNDA:42,(anonymous_3)
FNDA:38,(anonymous_4)
FNDA:5,(anonymous_5)
FNDA:2,(anonymous_6)
FNDA:1,(anonymous_7)
FNDA:1,(anonymous_8)
FNDA:0,(anonymous_9)
FNDA:2,(anonymous_10)
FNDA:4,(anonymous_11)
FNDA:1,(anonymous_12)
FNDA:1,(anonymous_13)
FNDA:1,(anonymous_14)
FNDA:2,(anonymous_15)
DA:3,1
DA:4,1
DA:5,1
DA:6,1
DA:12,1
DA:13,1
DA:29,1
DA:31,1
DA:32,1
DA:33,1
DA:35,1
DA:40,1
DA:81,1
DA:115,152
DA:118,1
DA:119,90
DA:120,90
DA:121,90
DA:123,90
DA:124,90
DA:125,90
DA:126,90
DA:127,90
DA:128,90
DA:130,90
DA:131,42
DA:132,42
DA:133,42
DA:134,42
DA:135,39
DA:136,38
DA:137,38
DA:139,3
DA:141,41
DA:145,90
DA:146,38
DA:149,90
DA:150,5
DA:151,5
DA:152,5
DA:153,5
DA:158,5
DA:159,1
DA:160,1
DA:162,4
DA:163,4
DA:169,4
DA:171,1
DA:172,1
DA:173,1
DA:175,5
DA:179,90
DA:180,2
DA:181,2
DA:182,2
DA:183,1
DA:184,1
DA:186,1
DA:190,90
DA:191,38
DA:198,52
DA:199,3
DA:208,1
DA:216,49
DA:218,49
DA:246,1
DA:254,0
DA:263,2
DA:270,4
DA:281,1
DA:289,1
DA:299,1
DA:439,2
LF:73
LH:72
BRDA:135,0,0,1
BRDA:137,1,0,38
BRDA:137,1,1,0
BRDA:137,2,0,38
BRDA:137,2,1,38
BRDA:139,3,0,3
BRDA:139,3,1,0
BRDA:156,4,0,0
BRDA:156,4,1,5
BRDA:158,5,0,1
BRDA:160,6,0,1
BRDA:160,6,1,0
BRDA:169,7,0,4
BRDA:169,7,1,0
BRDA:171,8,0,1
BRDA:171,8,1,0
BRDA:182,9,0,1
BRDA:186,10,0,1
BRDA:186,10,1,0
BRDA:190,11,0,38
BRDA:198,12,0,3
BRDA:198,13,0,52
BRDA:198,13,1,49
BRDA:203,14,0,3
BRDA:203,14,1,0
BRDA:216,15,0,49
BRDA:216,15,1,0
BRDA:227,16,0,49
BRDA:227,16,1,0
BRDA:233,17,0,49
BRDA:233,17,1,0
BRDA:258,18,0,49
BRDA:258,18,1,32
BRDA:276,19,0,49
BRDA:276,19,1,8
BRDA:295,20,0,49
BRDA:295,20,1,5
BRDA:304,21,0,49
BRDA:304,21,1,2
BRDA:304,21,2,1
BRDA:316,22,0,49
BRDA:316,22,1,1
BRDA:345,23,0,49
BRDA:345,23,1,48
BRDA:392,24,0,49
BRDA:392,24,1,48
BRDA:438,25,0,49
BRDA:438,25,1,0
BRDA:446,26,0,1
BRDA:446,26,1,1
BRDA:451,27,0,1
BRDA:451,27,1,1
BRDA:467,28,0,2
BRDA:467,28,1,0
BRDA:483,29,0,49
BRDA:483,29,1,1
BRDA:514,30,0,49
BRDA:514,30,1,1
BRF:58
BRH:45
end_of_record
TN:
SF:app/dashboard/estimates/new/error.tsx
FN:6,Error
FNF:1
FNH:1
FNDA:5,Error
DA:3,1
DA:4,1
DA:6,1
DA:7,5
LF:4
LH:4
BRDA:14,0,0,5
BRDA:14,0,1,1
BRF:2
BRH:2
end_of_record
TN:
SF:app/dashboard/estimates/new/loading.tsx
FN:3,Loading
FNF:1
FNH:1
FNDA:1,Loading
DA:1,1
DA:3,1
DA:4,1
LF:3
LH:3
BRF:0
BRH:0
end_of_record
TN:
SF:app/dashboard/estimates/new/page.tsx
FN:63,newLineId
FN:68,formatCurrency
FN:83,NewEstimatePage
FN:86,(anonymous_3)
FN:136,(anonymous_4)
FN:153,(anonymous_5)
FN:170,(anonymous_6)
FN:171,(anonymous_7)
FN:184,(anonymous_8)
FN:185,(anonymous_9)
FN:185,(anonymous_10)
FN:188,(anonymous_11)
FN:189,(anonymous_12)
FN:189,(anonymous_13)
FN:193,(anonymous_14)
FN:199,(anonymous_15)
FN:206,(anonymous_16)
FN:209,(anonymous_17)
FN:228,(anonymous_18)
FN:248,(anonymous_19)
FN:299,(anonymous_20)
FN:329,(anonymous_21)
FN:330,(anonymous_22)
FN:335,(anonymous_23)
FN:339,(anonymous_24)
FN:375,(anonymous_25)
FN:382,(anonymous_26)
FN:447,(anonymous_27)
FN:455,(anonymous_28)
FN:466,(anonymous_29)
FN:474,(anonymous_30)
FN:486,(anonymous_31)
FN:498,(anonymous_32)
FN:515,(anonymous_33)
FN:598,(anonymous_34)
FN:637,(anonymous_35)
FN:645,(anonymous_36)
FNF:37
FNH:34
FNDA:113,newLineId
FNDA:444,formatCurrency
FNDA:111,NewEstimatePage
FNDA:111,(anonymous_3)
FNDA:12,(anonymous_4)
FNDA:8,(anonymous_5)
FNDA:2,(anonymous_6)
FNDA:2,(anonymous_7)
FNDA:5,(anonymous_8)
FNDA:5,(anonymous_9)
FNDA:5,(anonymous_10)
FNDA:2,(anonymous_11)
FNDA:2,(anonymous_12)
FNDA:3,(anonymous_13)
FNDA:112,(anonymous_14)
FNDA:112,(anonymous_15)
FNDA:110,(anonymous_16)
FNDA:6,(anonymous_17)
FNDA:6,(anonymous_18)
FNDA:3,(anonymous_19)
FNDA:1,(anonymous_20)
FNDA:12,(anonymous_21)
FNDA:0,(anonymous_22)
FNDA:10,(anonymous_23)
FNDA:8,(anonymous_24)
FNDA:4,(anonymous_25)
FNDA:23,(anonymous_26)
FNDA:112,(anonymous_27)
FNDA:1,(anonymous_28)
FNDA:3,(anonymous_29)
FNDA:0,(anonymous_30)
FNDA:1,(anonymous_31)
FNDA:0,(anonymous_32)
FNDA:2,(anonymous_33)
FNDA:110,(anonymous_34)
FNDA:5,(anonymous_35)
FNDA:1,(anonymous_36)
DA:3,1
DA:4,1
DA:5,1
DA:6,1
DA:7,1
DA:8,1
DA:9,1
DA:10,1
DA:15,1
DA:16,1
DA:17,1
DA:27,1
DA:29,1
DA:34,1
DA:62,1
DA:64,113
DA:65,113
DA:69,444
DA:72,1
DA:83,1
DA:84,111
DA:86,111
DA:87,111
DA:88,111
DA:89,111
DA:97,111
DA:109,111
DA:110,111
DA:111,111
DA:112,111
DA:113,111
DA:115,111
DA:116,111
DA:117,111
DA:118,111
DA:120,111
DA:122,111
DA:133,111
DA:136,111
DA:137,12
DA:138,12
DA:139,1
DA:140,1
DA:142,11
DA:143,11
DA:144,11
DA:145,11
DA:146,11
DA:147,11
DA:149,0
DA:153,111
DA:154,8
DA:155,8
DA:156,8
DA:157,8
DA:159,8
DA:160,8
DA:161,8
DA:162,8
DA:163,8
DA:165,0
DA:170,111
DA:171,2
DA:184,111
DA:185,5
DA:188,111
DA:189,3
DA:193,112
DA:194,111
DA:195,111
DA:198,111
DA:199,111
DA:200,112
DA:201,112
DA:202,112
DA:203,112
DA:204,112
DA:206,111
DA:207,111
DA:209,111
DA:211,6
DA:221,6
DA:227,6
DA:228,6
DA:231,6
DA:232,3
DA:235,3
DA:236,3
DA:238,3
DA:239,3
DA:240,3
DA:241,3
DA:248,3
DA:257,3
DA:262,3
DA:263,1
DA:264,1
DA:266,2
DA:267,2
DA:268,2
DA:269,2
DA:271,1
DA:272,1
DA:273,1
DA:277,111
DA:299,1
DA:329,12
DA:330,0
DA:336,10
DA:339,8
DA:375,4
DA:383,23
DA:448,112
DA:455,1
DA:466,3
DA:475,0
DA:487,1
DA:499,0
DA:515,2
DA:599,110
DA:637,5
DA:645,1
LF:122
LH:117
BRDA:113,0,0,111
BRDA:113,0,1,0
BRDA:113,1,0,111
BRDA:113,1,1,111
BRDA:138,2,0,1
BRDA:145,3,0,11
BRDA:145,3,1,11
BRDA:145,3,2,0
BRDA:146,4,0,11
BRDA:146,4,1,0
BRDA:162,5,0,8
BRDA:162,5,1,8
BRDA:162,5,2,0
BRDA:163,6,0,8
BRDA:163,6,1,0
BRDA:185,7,0,5
BRDA:185,7,1,0
BRDA:194,8,0,1
BRDA:194,8,1,110
BRDA:201,9,0,1
BRDA:201,9,1,111
BRDA:204,10,0,112
BRDA:204,10,1,112
BRDA:231,11,0,3
BRDA:231,12,0,6
BRDA:231,12,1,4
BRDA:232,13,0,3
BRDA:232,13,1,1
BRDA:232,13,2,0
BRDA:232,14,0,2
BRDA:232,14,1,1
BRDA:232,15,0,0
BRDA:232,15,1,2
BRDA:232,16,0,2
BRDA:232,16,1,2
BRDA:233,17,0,1
BRDA:233,17,1,0
BRDA:233,18,0,0
BRDA:233,18,1,1
BRDA:233,19,0,1
BRDA:233,19,1,1
BRDA:247,20,0,1
BRDA:247,20,1,2
BRDA:262,21,0,1
BRDA:264,22,0,1
BRDA:264,22,1,0
BRDA:267,23,0,2
BRDA:267,23,1,0
BRDA:271,24,0,1
BRDA:271,24,1,0
BRDA:330,25,0,0
BRDA:330,25,1,0
BRDA:333,26,0,111
BRDA:333,26,1,10
BRDA:333,26,2,10
BRDA:344,27,0,10
BRDA:344,27,1,10
BRDA:354,28,0,111
BRDA:354,28,1,31
BRDA:359,29,0,111
BRDA:359,29,1,0
BRDA:380,30,0,88
BRDA:380,30,1,23
BRDA:441,31,0,1
BRDA:441,31,1,110
BRDA:473,32,0,112
BRDA:473,32,1,0
BRDA:485,33,0,112
BRDA:485,33,1,111
BRDA:555,34,0,111
BRDA:555,34,1,0
BRDA:590,35,0,111
BRDA:590,35,1,0
BRDA:623,36,0,111
BRDA:623,36,1,4
BRF:75
BRH:56
end_of_record
