TN:
SF:src/accounting/controllers/accounting.controller.ts
FN:29,(anonymous_4)
FN:45,(anonymous_5)
FN:64,(anonymous_6)
FN:84,(anonymous_7)
FN:113,(anonymous_8)
FN:133,(anonymous_9)
FN:149,(anonymous_10)
FN:165,(anonymous_11)
FNF:8
FNH:0
FNDA:0,(anonymous_4)
FNDA:0,(anonymous_5)
FNDA:0,(anonymous_6)
FNDA:0,(anonymous_7)
FNDA:0,(anonymous_8)
FNDA:0,(anonymous_9)
FNDA:0,(anonymous_10)
FNDA:0,(anonymous_11)
DA:1,0
DA:2,0
DA:10,0
DA:11,0
DA:12,0
DA:13,0
DA:14,0
DA:15,0
DA:16,0
DA:17,0
DA:28,0
DA:30,0
DA:31,0
DA:45,0
DA:49,0
DA:50,0
DA:64,0
DA:68,0
DA:73,0
DA:84,0
DA:92,0
DA:93,0
DA:113,0
DA:117,0
DA:118,0
DA:133,0
DA:137,0
DA:138,0
DA:149,0
DA:154,0
DA:155,0
DA:165,0
DA:171,0
DA:176,0
DA:177,0
DA:181,0
LF:36
LH:0
BRDA:98,0,0,0
BRDA:98,0,1,0
BRDA:99,1,0,0
BRDA:99,1,1,0
BRDA:47,2,0,0
BRDA:47,2,1,0
BRDA:47,3,0,0
BRDA:47,3,1,0
BRDA:48,4,0,0
BRDA:48,4,1,0
BRDA:48,5,0,0
BRDA:48,5,1,0
BRDA:66,6,0,0
BRDA:66,6,1,0
BRDA:66,7,0,0
BRDA:66,7,1,0
BRDA:67,8,0,0
BRDA:67,8,1,0
BRDA:67,9,0,0
BRDA:67,9,1,0
BRDA:86,10,0,0
BRDA:86,10,1,0
BRDA:86,11,0,0
BRDA:86,11,1,0
BRDA:87,12,0,0
BRDA:87,12,1,0
BRDA:87,13,0,0
BRDA:87,13,1,0
BRDA:116,14,0,0
BRDA:116,14,1,0
BRDA:116,15,0,0
BRDA:116,15,1,0
BRDA:136,16,0,0
BRDA:136,16,1,0
BRDA:136,17,0,0
BRDA:136,17,1,0
BRDA:153,18,0,0
BRDA:153,18,1,0
BRDA:153,19,0,0
BRDA:153,19,1,0
BRDA:167,20,0,0
BRDA:167,20,1,0
BRDA:167,21,0,0
BRDA:167,21,1,0
BRDA:170,22,0,0
BRDA:170,22,1,0
BRDA:170,23,0,0
BRDA:170,23,1,0
BRDA:30,24,0,0
BRDA:30,24,1,0
BRDA:30,25,0,0
BRDA:30,25,1,0
BRDA:30,26,0,0
BRDA:30,26,1,0
BRDA:30,27,0,0
BRDA:30,27,1,0
BRF:56
BRH:0
end_of_record
TN:
SF:src/accounting/services/accounting.service.ts
FN:33,(anonymous_2)
FN:43,(anonymous_3)
FN:55,(anonymous_4)
FN:65,(anonymous_5)
FN:77,(anonymous_6)
FN:87,(anonymous_7)
FN:104,(anonymous_8)
FN:119,(anonymous_9)
FN:155,(anonymous_10)
FN:190,(anonymous_11)
FN:220,(anonymous_12)
FN:235,(anonymous_13)
FN:268,(anonymous_14)
FN:287,(anonymous_15)
FNF:14
FNH:0
FNDA:0,(anonymous_2)
FNDA:0,(anonymous_3)
FNDA:0,(anonymous_4)
FNDA:0,(anonymous_5)
FNDA:0,(anonymous_6)
FNDA:0,(anonymous_7)
FNDA:0,(anonymous_8)
FNDA:0,(anonymous_9)
FNDA:0,(anonymous_10)
FNDA:0,(anonymous_11)
FNDA:0,(anonymous_12)
FNDA:0,(anonymous_13)
FNDA:0,(anonymous_14)
FNDA:0,(anonymous_15)
DA:1,0
DA:2,0
DA:3,0
DA:4,0
DA:5,0
DA:38,0
DA:48,0
DA:60,0
DA:70,0
DA:82,0
DA:92,0
DA:101,0
DA:105,0
DA:106,0
DA:107,0
DA:109,0
DA:124,0
DA:136,0
DA:140,0
DA:149,0
DA:160,0
DA:172,0
DA:176,0
DA:184,0
DA:194,0
DA:201,0
DA:202,0
DA:204,0
DA:214,0
DA:221,0
DA:225,0
DA:226,0
DA:229,0
DA:236,0
DA:238,0
DA:239,0
DA:244,0
DA:254,0
DA:256,0
DA:262,0
DA:274,0
DA:291,0
DA:293,0
DA:294,0
DA:304,0
DA:309,0
DA:310,0
DA:313,0
DA:314,0
DA:315,0
DA:316,0
DA:318,0
DA:324,0
DA:335,0
DA:336,0
DA:343,0
DA:345,0
DA:347,0
DA:355,0
DA:361,0
LF:60
LH:0
BRDA:196,0,0,0
BRDA:196,0,1,0
BRDA:197,1,0,0
BRDA:197,1,1,0
BRDA:198,2,0,0
BRDA:198,2,1,0
BRDA:201,3,0,0
BRDA:201,3,1,0
BRDA:202,4,0,0
BRDA:202,4,1,0
BRDA:225,5,0,0
BRDA:238,6,0,0
BRDA:293,7,0,0
BRDA:310,8,0,0
BRDA:310,8,1,0
BRDA:313,9,0,0
BRDA:313,9,1,0
BRDA:315,10,0,0
BRDA:315,10,1,0
BRDA:327,11,0,0
BRDA:327,11,1,0
BRDA:328,12,0,0
BRDA:328,12,1,0
BRDA:329,13,0,0
BRDA:329,13,1,0
BRDA:330,14,0,0
BRDA:330,14,1,0
BRDA:331,15,0,0
BRDA:331,15,1,0
BRDA:335,16,0,0
BRDA:345,17,0,0
BRDA:345,17,1,0
BRDA:105,18,0,0
BRDA:105,18,1,0
BRDA:105,19,0,0
BRDA:105,19,1,0
BRDA:105,20,0,0
BRDA:105,20,1,0
BRDA:105,21,0,0
BRDA:105,21,1,0
BRDA:106,22,0,0
BRDA:106,22,1,0
BRDA:106,23,0,0
BRDA:106,23,1,0
BRF:44
BRH:0
end_of_record
TN:
SF:src/accounting/services/quickbooks.service.ts
FN:12,(anonymous_2)
FN:14,(anonymous_3)
FN:51,(anonymous_4)
FNF:3
FNH:0
FNDA:0,(anonymous_2)
FNDA:0,(anonymous_3)
FNDA:0,(anonymous_4)
DA:1,0
DA:2,0
DA:3,0
DA:6,0
DA:9,0
DA:10,0
DA:12,0
DA:19,0
DA:20,0
DA:39,0
DA:51,0
DA:62,0
DA:64,0
DA:66,0
DA:67,0
LF:15
LH:0
BRDA:54,0,0,0
BRDA:54,0,1,0
BRDA:12,1,0,0
BRDA:12,1,1,0
BRDA:12,2,0,0
BRDA:12,2,1,0
BRF:6
BRH:0
end_of_record
TN:
SF:src/admin/admin-setup.service.ts
FN:15,(anonymous_11)
FN:20,(anonymous_12)
FN:24,(anonymous_13)
FNF:3
FNH:0
FNDA:0,(anonymous_11)
FNDA:0,(anonymous_12)
FNDA:0,(anonymous_13)
DA:1,0
DA:2,0
DA:3,0
DA:4,0
DA:5,0
DA:14,0
DA:16,0
DA:17,0
DA:21,0
DA:22,0
DA:24,0
DA:26,0
DA:42,0
DA:70,0
DA:76,0
DA:78,0
DA:79,0
DA:104,0
DA:107,0
LF:19
LH:0
BRDA:16,0,0,0
BRDA:16,0,1,0
BRDA:16,1,0,0
BRDA:16,1,1,0
BRDA:16,2,0,0
BRDA:16,2,1,0
BRDA:16,3,0,0
BRDA:16,3,1,0
BRF:8
BRH:0
end_of_record
TN:
SF:src/admin/admin-tenants.controller.ts
FN:15,(anonymous_4)
FN:21,(anonymous_5)
FNF:2
FNH:0
FNDA:0,(anonymous_4)
FNDA:0,(anonymous_5)
DA:1,0
DA:2,0
DA:3,0
DA:4,0
DA:14,0
DA:15,0
DA:21,0
DA:23,0
DA:34,0
LF:9
LH:0
BRDA:34,0,0,0
BRDA:34,0,1,0
BRDA:21,1,0,0
BRDA:21,1,1,0
BRDA:21,2,0,0
BRDA:21,2,1,0
BRDA:15,3,0,0
BRDA:15,3,1,0
BRDA:15,4,0,0
BRDA:15,4,1,0
BRF:10
BRH:0
end_of_record
TN:
SF:src/admin/admin.controller.ts
FN:8,(anonymous_4)
FN:15,(anonymous_5)
FNF:2
FNH:0
FNDA:0,(anonymous_4)
FNDA:0,(anonymous_5)
DA:1,0
DA:2,0
DA:3,0
DA:7,0
DA:8,0
DA:15,0
DA:18,0
DA:20,0
DA:21,0
DA:24,0
DA:25,0
DA:28,0
DA:30,0
LF:13
LH:0
BRDA:20,0,0,0
BRDA:24,1,0,0
BRDA:17,2,0,0
BRDA:17,2,1,0
BRDA:17,3,0,0
BRDA:17,3,1,0
BRDA:8,4,0,0
BRDA:8,4,1,0
BRDA:8,5,0,0
BRDA:8,5,1,0
BRF:10
BRH:0
end_of_record
TN:
SF:src/admin/audit-logs.controller.ts
FN:15,(anonymous_4)
FN:21,(anonymous_5)
FNF:2
FNH:0
FNDA:0,(anonymous_4)
FNDA:0,(anonymous_5)
DA:1,0
DA:2,0
DA:3,0
DA:4,0
DA:14,0
DA:15,0
DA:21,0
DA:28,0
DA:29,0
DA:30,0
DA:31,0
DA:33,0
DA:34,0
DA:36,0
DA:46,0
LF:15
LH:0
BRDA:30,0,0,0
BRDA:31,1,0,0
BRDA:33,2,0,0
BRDA:33,2,1,0
BRDA:34,3,0,0
BRDA:34,3,1,0
BRDA:27,4,0,0
BRDA:27,4,1,0
BRDA:27,5,0,0
BRDA:27,5,1,0
BRDA:15,6,0,0
BRDA:15,6,1,0
BRDA:15,7,0,0
BRDA:15,7,1,0
BRF:14
BRH:0
end_of_record
TN:
SF:src/admin/roles.controller.ts
FN:54,(anonymous_2)
FN:55,(anonymous_3)
FNF:2
FNH:0
FNDA:0,(anonymous_2)
FNDA:0,(anonymous_3)
DA:1,0
DA:2,0
DA:3,0
DA:4,0
DA:9,0
DA:49,0
DA:54,0
DA:55,0
DA:60,0
LF:9
LH:0
BRDA:58,0,0,0
BRDA:58,0,1,0
BRF:2
BRH:0
end_of_record
TN:
SF:src/admin/tenant-settings.controller.ts
FN:32,(anonymous_13)
FN:40,(anonymous_14)
FN:48,(anonymous_15)
FN:57,(anonymous_16)
FN:66,(anonymous_17)
FN:88,(anonymous_18)
FN:78,(anonymous_19)
FNF:7
FNH:0
FNDA:0,(anonymous_13)
FNDA:0,(anonymous_14)
FNDA:0,(anonymous_15)
FNDA:0,(anonymous_16)
FNDA:0,(anonymous_17)
FNDA:0,(anonymous_18)
FNDA:0,(anonymous_19)
DA:1,0
DA:12,0
DA:13,0
DA:14,0
DA:15,0
DA:16,0
DA:17,0
DA:18,0
DA:19,0
DA:20,0
DA:21,0
DA:22,0
DA:23,0
DA:24,0
DA:31,0
DA:33,0
DA:34,0
DA:40,0
DA:41,0
DA:42,0
DA:48,0
DA:49,0
DA:50,0
DA:57,0
DA:58,0
DA:59,0
DA:66,0
DA:67,0
DA:68,0
DA:83,0
DA:84,0
DA:88,0
DA:90,0
DA:91,0
DA:92,0
DA:93,0
DA:97,0
DA:98,0
DA:99,0
DA:100,0
DA:101,0
LF:41
LH:0
BRDA:92,0,0,0
BRDA:48,1,0,0
BRDA:48,1,1,0
BRDA:48,2,0,0
BRDA:48,2,1,0
BRDA:66,3,0,0
BRDA:66,3,1,0
BRDA:66,4,0,0
BRDA:66,4,1,0
BRDA:88,5,0,0
BRDA:88,5,1,0
BRDA:88,6,0,0
BRDA:88,6,1,0
BRDA:88,6,2,0
BRDA:33,7,0,0
BRDA:33,7,1,0
BRDA:33,8,0,0
BRDA:33,8,1,0
BRDA:33,9,0,0
BRDA:33,9,1,0
BRDA:33,10,0,0
BRDA:33,10,1,0
BRF:22
BRH:0
end_of_record
TN:
SF:src/admin/tenant-settings.service.ts
FN:58,(anonymous_2)
FN:60,(anonymous_3)
FN:73,(anonymous_4)
FN:102,(anonymous_5)
FN:132,(anonymous_6)
FN:152,(anonymous_7)
FNF:6
FNH:0
FNDA:0,(anonymous_2)
FNDA:0,(anonymous_3)
FNDA:0,(anonymous_4)
FNDA:0,(anonymous_5)
FNDA:0,(anonymous_6)
FNDA:0,(anonymous_7)
DA:1,0
DA:2,0
DA:57,0
DA:58,0
DA:61,0
DA:66,0
DA:67,0
DA:70,0
DA:74,0
DA:79,0
DA:80,0
DA:83,0
DA:84,0
DA:87,0
DA:88,0
DA:89,0
DA:93,0
DA:99,0
DA:103,0
DA:108,0
DA:109,0
DA:112,0
DA:113,0
DA:115,0
DA:116,0
DA:117,0
DA:121,0
DA:123,0
DA:129,0
DA:133,0
DA:135,0
DA:146,0
DA:153,0
DA:158,0
DA:159,0
DA:162,0
DA:163,0
DA:165,0
DA:171,0
LF:39
LH:0
BRDA:66,0,0,0
BRDA:70,1,0,0
BRDA:70,1,1,0
BRDA:79,2,0,0
BRDA:83,3,0,0
BRDA:83,3,1,0
BRDA:88,4,0,0
BRDA:99,5,0,0
BRDA:99,5,1,0
BRDA:108,6,0,0
BRDA:112,7,0,0
BRDA:112,7,1,0
BRDA:116,8,0,0
BRDA:129,9,0,0
BRDA:129,9,1,0
BRDA:138,10,0,0
BRDA:138,10,1,0
BRDA:141,11,0,0
BRDA:141,11,1,0
BRDA:158,12,0,0
BRDA:162,13,0,0
BRDA:162,13,1,0
BRDA:171,14,0,0
BRDA:171,14,1,0
BRDA:58,15,0,0
BRDA:58,15,1,0
BRDA:58,16,0,0
BRDA:58,16,1,0
BRF:28
BRH:0
end_of_record
TN:
SF:src/admin/users.controller.ts
FN:28,(anonymous_4)
FN:34,(anonymous_5)
FN:77,(anonymous_6)
FN:106,(anonymous_7)
FN:151,(anonymous_8)
FNF:5
FNH:0
FNDA:0,(anonymous_4)
FNDA:0,(anonymous_5)
FNDA:0,(anonymous_6)
FNDA:0,(anonymous_7)
FNDA:0,(anonymous_8)
DA:1,0
DA:14,0
DA:15,0
DA:16,0
DA:17,0
DA:27,0
DA:28,0
DA:34,0
DA:40,0
DA:41,0
DA:42,0
DA:43,0
DA:46,0
DA:47,0
DA:49,0
DA:69,0
DA:77,0
DA:81,0
DA:96,0
DA:97,0
DA:106,0
DA:111,0
DA:114,0
DA:116,0
DA:117,0
DA:118,0
DA:119,0
DA:120,0
DA:122,0
DA:124,0
DA:126,0
DA:131,0
DA:142,0
DA:151,0
DA:152,0
DA:155,0
DA:156,0
DA:157,0
DA:160,0
DA:165,0
LF:40
LH:0
BRDA:42,0,0,0
BRDA:42,1,0,0
BRDA:42,1,1,0
BRDA:46,2,0,0
BRDA:46,2,1,0
BRDA:47,3,0,0
BRDA:47,3,1,0
BRDA:96,4,0,0
BRDA:114,5,0,0
BRDA:117,6,0,0
BRDA:118,7,0,0
BRDA:119,8,0,0
BRDA:124,9,0,0
BRDA:155,10,0,0
BRDA:156,11,0,0
BRDA:39,12,0,0
BRDA:39,12,1,0
BRDA:39,13,0,0
BRDA:39,13,1,0
BRDA:80,14,0,0
BRDA:80,14,1,0
BRDA:80,15,0,0
BRDA:80,15,1,0
BRDA:110,16,0,0
BRDA:110,16,1,0
BRDA:110,17,0,0
BRDA:110,17,1,0
BRDA:151,18,0,0
BRDA:151,18,1,0
BRDA:151,19,0,0
BRDA:151,19,1,0
BRDA:28,20,0,0
BRDA:28,20,1,0
BRDA:28,21,0,0
BRDA:28,21,1,0
BRF:35
BRH:0
end_of_record
TN:
SF:src/admin/webhook-config.controller.ts
FN:18,(anonymous_4)
FNF:1
FNH:0
FNDA:0,(anonymous_4)
DA:1,0
DA:2,0
DA:3,0
DA:13,0
DA:18,0
DA:20,0
LF:6
LH:0
BRF:0
BRH:0
end_of_record
TN:
SF:src/ai-compliance/ai-compliance.controller.ts
FN:28,(anonymous_4)
FN:34,(anonymous_5)
FN:45,(anonymous_6)
FN:54,(anonymous_7)
FN:65,(anonymous_8)
FN:77,(anonymous_9)
FNF:6
FNH:0
FNDA:0,(anonymous_4)
FNDA:0,(anonymous_5)
FNDA:0,(anonymous_6)
FNDA:0,(anonymous_7)
FNDA:0,(anonymous_8)
FNDA:0,(anonymous_9)
DA:8,0
DA:9,0
DA:10,0
DA:11,0
DA:12,0
DA:13,0
DA:14,0
DA:15,0
DA:27,0
DA:28,0
DA:34,0
DA:38,0
DA:45,0
DA:46,0
DA:54,0
DA:58,0
DA:65,0
DA:69,0
DA:77,0
DA:83,0
LF:20
LH:0
BRDA:36,0,0,0
BRDA:36,0,1,0
BRDA:36,1,0,0
BRDA:36,1,1,0
BRDA:37,2,0,0
BRDA:37,2,1,0
BRDA:37,3,0,0
BRDA:37,3,1,0
BRDA:45,4,0,0
BRDA:45,4,1,0
BRDA:45,5,0,0
BRDA:45,5,1,0
BRDA:57,6,0,0
BRDA:57,6,1,0
BRDA:57,7,0,0
BRDA:57,7,1,0
BRDA:67,8,0,0
BRDA:67,8,1,0
BRDA:67,9,0,0
BRDA:67,9,1,0
BRDA:68,10,0,0
BRDA:68,10,1,0
BRDA:68,11,0,0
BRDA:68,11,1,0
BRDA:81,12,0,0
BRDA:81,12,1,0
BRDA:81,13,0,0
BRDA:81,13,1,0
BRDA:82,14,0,0
BRDA:82,14,1,0
BRDA:82,15,0,0
BRDA:82,15,1,0
BRDA:28,16,0,0
BRDA:28,16,1,0
BRDA:28,17,0,0
BRDA:28,17,1,0
BRF:36
BRH:0
end_of_record
TN:
SF:src/ai-compliance/ai-compliance.service.ts
FN:27,(anonymous_2)
FN:33,(anonymous_3)
FN:58,(anonymous_4)
FN:93,(anonymous_5)
FN:142,(anonymous_6)
FN:163,(anonymous_7)
FNF:6
FNH:0
FNDA:0,(anonymous_2)
FNDA:0,(anonymous_3)
FNDA:0,(anonymous_4)
FNDA:0,(anonymous_5)
FNDA:0,(anonymous_6)
FNDA:0,(anonymous_7)
DA:8,0
DA:14,0
DA:15,0
DA:24,0
DA:25,0
DA:27,0
DA:34,0
DA:35,0
DA:50,0
DA:51,0
DA:64,0
DA:65,0
DA:69,0
DA:70,0
DA:73,0
DA:84,0
DA:85,0
DA:86,0
DA:97,0
DA:98,0
DA:99,0
DA:101,0
DA:103,0
DA:104,0
DA:107,0
DA:108,0
DA:111,0
DA:112,0
DA:113,0
DA:114,0
DA:116,0
DA:117,0
DA:121,0
DA:122,0
DA:132,0
DA:134,0
DA:135,0
DA:143,0
DA:144,0
DA:148,0
DA:149,0
DA:152,0
DA:154,0
DA:155,0
DA:156,0
DA:164,0
DA:166,0
DA:186,0
DA:187,0
DA:189,0
DA:190,0
DA:191,0
DA:194,0
DA:202,0
DA:203,0
LF:55
LH:0
BRDA:42,0,0,0
BRDA:42,0,1,0
BRDA:69,1,0,0
BRDA:84,2,0,0
BRDA:97,3,0,0
BRDA:97,3,1,0
BRDA:98,4,0,0
BRDA:98,4,1,0
BRDA:103,5,0,0
BRDA:107,6,0,0
BRDA:111,7,0,0
BRDA:111,8,0,0
BRDA:111,8,1,0
BRDA:113,9,0,0
BRDA:116,10,0,0
BRDA:148,11,0,0
BRDA:154,12,0,0
BRDA:186,13,0,0
BRDA:186,13,1,0
BRDA:187,14,0,0
BRDA:187,14,1,0
BRDA:27,15,0,0
BRDA:27,15,1,0
BRDA:27,16,0,0
BRDA:27,16,1,0
BRF:25
BRH:0
end_of_record
TN:
SF:src/ai-diagnostic/ai-diagnostic.controller.ts
FN:24,(anonymous_4)
FN:30,(anonymous_5)
FN:41,(anonymous_6)
FN:53,(anonymous_7)
FN:65,(anonymous_8)
FNF:5
FNH:0
FNDA:0,(anonymous_4)
FNDA:0,(anonymous_5)
FNDA:0,(anonymous_6)
FNDA:0,(anonymous_7)
FNDA:0,(anonymous_8)
DA:8,0
DA:9,0
DA:10,0
DA:11,0
DA:12,0
DA:13,0
DA:14,0
DA:15,0
DA:16,0
DA:23,0
DA:24,0
DA:30,0
DA:34,0
DA:41,0
DA:45,0
DA:53,0
DA:57,0
DA:65,0
DA:69,0
LF:19
LH:0
BRDA:32,0,0,0
BRDA:32,0,1,0
BRDA:32,1,0,0
BRDA:32,1,1,0
BRDA:33,2,0,0
BRDA:33,2,1,0
BRDA:33,3,0,0
BRDA:33,3,1,0
BRDA:43,4,0,0
BRDA:43,4,1,0
BRDA:43,5,0,0
BRDA:43,5,1,0
BRDA:44,6,0,0
BRDA:44,6,1,0
BRDA:44,7,0,0
BRDA:44,7,1,0
BRDA:56,8,0,0
BRDA:56,8,1,0
BRDA:56,9,0,0
BRDA:56,9,1,0
BRDA:68,10,0,0
BRDA:68,10,1,0
BRDA:68,11,0,0
BRDA:68,11,1,0
BRDA:24,12,0,0
BRDA:24,12,1,0
BRDA:24,13,0,0
BRDA:24,13,1,0
BRF:28
BRH:0
end_of_record
TN:
SF:src/ai-diagnostic/ai-diagnostic.service.ts
FN:26,(anonymous_2)
FN:36,(anonymous_3)
FN:70,(anonymous_4)
FN:105,(anonymous_5)
FN:136,(anonymous_6)
FN:211,(anonymous_7)
FN:242,(anonymous_8)
FN:307,(anonymous_9)
FN:368,(anonymous_10)
FN:376,(anonymous_11)
FN:384,(anonymous_12)
FN:421,(anonymous_13)
FN:458,(anonymous_14)
FN:466,(anonymous_15)
FNF:14
FNH:0
FNDA:0,(anonymous_2)
FNDA:0,(anonymous_3)
FNDA:0,(anonymous_4)
FNDA:0,(anonymous_5)
FNDA:0,(anonymous_6)
FNDA:0,(anonymous_7)
FNDA:0,(anonymous_8)
FNDA:0,(anonymous_9)
FNDA:0,(anonymous_10)
FNDA:0,(anonymous_11)
FNDA:0,(anonymous_12)
FNDA:0,(anonymous_13)
FNDA:0,(anonymous_14)
FNDA:0,(anonymous_15)
DA:8,0
DA:9,0
DA:10,0
DA:11,0
DA:22,0
DA:23,0
DA:27,0
DA:28,0
DA:30,0
DA:41,0
DA:42,0
DA:44,0
DA:47,0
DA:60,0
DA:75,0
DA:77,0
DA:79,0
DA:82,0
DA:95,0
DA:111,0
DA:115,0
DA:116,0
DA:119,0
DA:140,0
DA:144,0
DA:145,0
DA:149,0
DA:152,0
DA:153,0
DA:156,0
DA:159,0
DA:160,0
DA:170,0
DA:172,0
DA:173,0
DA:175,0
DA:176,0
DA:177,0
DA:187,0
DA:190,0
DA:191,0
DA:192,0
DA:193,0
DA:203,0
DA:207,0
DA:208,0
DA:211,0
DA:212,0
DA:229,0
DA:232,0
DA:243,0
DA:245,0
DA:246,0
DA:251,0
DA:252,0
DA:253,0
DA:254,0
DA:258,0
DA:262,0
DA:264,0
DA:265,0
DA:286,0
DA:287,0
DA:288,0
DA:291,0
DA:296,0
DA:302,0
DA:303,0
DA:308,0
DA:310,0
DA:311,0
DA:349,0
DA:369,0
DA:377,0
DA:389,0
DA:390,0
DA:398,0
DA:409,0
DA:410,0
DA:426,0
DA:427,0
DA:435,0
DA:446,0
DA:447,0
DA:459,0
DA:460,0
DA:461,0
DA:463,0
DA:469,0
DA:470,0
DA:472,0
DA:473,0
DA:474,0
DA:481,0
LF:94
LH:0
BRDA:108,0,0,0
BRDA:109,1,0,0
BRDA:115,2,0,0
BRDA:144,3,0,0
BRDA:175,4,0,0
BRDA:190,5,0,0
BRDA:245,6,0,0
BRDA:252,7,0,0
BRDA:286,8,0,0
BRDA:297,9,0,0
BRDA:297,9,1,0
BRDA:298,10,0,0
BRDA:298,10,1,0
BRDA:310,11,0,0
BRDA:369,12,0,0
BRDA:369,12,1,0
BRDA:377,13,0,0
BRDA:377,13,1,0
BRDA:399,14,0,0
BRDA:399,14,1,0
BRDA:401,15,0,0
BRDA:401,15,1,0
BRDA:402,16,0,0
BRDA:402,16,1,0
BRDA:405,17,0,0
BRDA:405,17,1,0
BRDA:406,18,0,0
BRDA:406,18,1,0
BRDA:436,19,0,0
BRDA:436,19,1,0
BRDA:438,20,0,0
BRDA:438,20,1,0
BRDA:439,21,0,0
BRDA:439,21,1,0
BRDA:440,22,0,0
BRDA:440,22,1,0
BRDA:443,23,0,0
BRDA:443,23,1,0
BRDA:460,24,0,0
BRDA:460,25,0,0
BRDA:460,25,1,0
BRDA:470,26,0,0
BRDA:470,26,1,0
BRDA:27,27,0,0
BRDA:27,27,1,0
BRDA:27,28,0,0
BRDA:27,28,1,0
BRDA:27,29,0,0
BRDA:27,29,1,0
BRDA:27,30,0,0
BRDA:27,30,1,0
BRF:51
BRH:0
end_of_record
TN:
SF:src/ai-scheduling/ai-scheduling.controller.ts
FN:23,(anonymous_4)
FN:29,(anonymous_5)
FN:40,(anonymous_6)
FN:58,(anonymous_7)
FNF:4
FNH:0
FNDA:0,(anonymous_4)
FNDA:0,(anonymous_5)
FNDA:0,(anonymous_6)
FNDA:0,(anonymous_7)
DA:8,0
DA:9,0
DA:10,0
DA:11,0
DA:12,0
DA:13,0
DA:14,0
DA:15,0
DA:16,0
DA:22,0
DA:23,0
DA:29,0
DA:33,0
DA:40,0
DA:44,0
DA:58,0
DA:63,0
LF:17
LH:0
BRDA:31,0,0,0
BRDA:31,0,1,0
BRDA:31,1,0,0
BRDA:31,1,1,0
BRDA:32,2,0,0
BRDA:32,2,1,0
BRDA:32,3,0,0
BRDA:32,3,1,0
BRDA:42,4,0,0
BRDA:42,4,1,0
BRDA:42,5,0,0
BRDA:42,5,1,0
BRDA:43,6,0,0
BRDA:43,6,1,0
BRDA:43,7,0,0
BRDA:43,7,1,0
BRDA:62,8,0,0
BRDA:62,8,1,0
BRDA:62,9,0,0
BRDA:62,9,1,0
BRDA:23,10,0,0
BRDA:23,10,1,0
BRDA:23,11,0,0
BRDA:23,11,1,0
BRF:24
BRH:0
end_of_record
TN:
SF:src/ai-scheduling/ai-scheduling.service.ts
FN:21,(anonymous_2)
FN:32,(anonymous_3)
FN:96,(anonymous_4)
FN:122,(anonymous_5)
FN:125,(anonymous_6)
FN:164,(anonymous_7)
FN:240,(anonymous_8)
FN:293,(anonymous_9)
FN:311,(anonymous_10)
FN:341,(anonymous_11)
FN:344,(anonymous_12)
FN:373,(anonymous_13)
FN:388,(anonymous_14)
FN:398,(anonymous_15)
FN:401,(anonymous_16)
FN:423,(anonymous_17)
FNF:16
FNH:0
FNDA:0,(anonymous_2)
FNDA:0,(anonymous_3)
FNDA:0,(anonymous_4)
FNDA:0,(anonymous_5)
FNDA:0,(anonymous_6)
FNDA:0,(anonymous_7)
FNDA:0,(anonymous_8)
FNDA:0,(anonymous_9)
FNDA:0,(anonymous_10)
FNDA:0,(anonymous_11)
FNDA:0,(anonymous_12)
FNDA:0,(anonymous_13)
FNDA:0,(anonymous_14)
FNDA:0,(anonymous_15)
FNDA:0,(anonymous_16)
FNDA:0,(anonymous_17)
DA:9,0
DA:10,0
DA:11,0
DA:12,0
DA:17,0
DA:18,0
DA:22,0
DA:23,0
DA:25,0
DA:33,0
DA:36,0
DA:38,0
DA:39,0
DA:40,0
DA:41,0
DA:42,0
DA:45,0
DA:73,0
DA:76,0
DA:90,0
DA:97,0
DA:99,0
DA:100,0
DA:101,0
DA:102,0
DA:104,0
DA:118,0
DA:122,0
DA:125,0
DA:136,0
DA:138,0
DA:141,0
DA:154,0
DA:169,0
DA:170,0
DA:171,0
DA:172,0
DA:175,0
DA:185,0
DA:198,0
DA:201,0
DA:202,0
DA:203,0
DA:204,0
DA:208,0
DA:209,0
DA:211,0
DA:213,0
DA:214,0
DA:215,0
DA:216,0
DA:217,0
DA:219,0
DA:221,0
DA:231,0
DA:234,0
DA:252,0
DA:253,0
DA:256,0
DA:257,0
DA:258,0
DA:259,0
DA:262,0
DA:263,0
DA:264,0
DA:265,0
DA:270,0
DA:271,0
DA:272,0
DA:275,0
DA:276,0
DA:278,0
DA:280,0
DA:281,0
DA:282,0
DA:287,0
DA:288,0
DA:289,0
DA:290,0
DA:292,0
DA:294,0
DA:299,0
DA:302,0
DA:305,0
DA:306,0
DA:310,0
DA:311,0
DA:312,0
DA:316,0
DA:317,0
DA:320,0
DA:321,0
DA:324,0
DA:326,0
DA:341,0
DA:345,0
DA:347,0
DA:348,0
DA:349,0
DA:350,0
DA:352,0
DA:355,0
DA:356,0
DA:357,0
DA:358,0
DA:360,0
DA:363,0
DA:364,0
DA:367,0
DA:374,0
DA:377,0
DA:378,0
DA:379,0
DA:380,0
DA:381,0
DA:382,0
DA:386,0
DA:387,0
DA:388,0
DA:389,0
DA:392,0
DA:399,0
DA:401,0
DA:402,0
DA:403,0
DA:404,0
DA:405,0
DA:406,0
DA:407,0
DA:408,0
DA:411,0
DA:414,0
DA:415,0
DA:417,0
DA:424,0
DA:425,0
DA:426,0
DA:427,0
LF:138
LH:0
BRDA:36,0,0,0
BRDA:36,0,1,0
BRDA:50,1,0,0
BRDA:50,1,1,0
BRDA:50,2,0,0
BRDA:50,2,1,0
BRDA:80,3,0,0
BRDA:80,3,1,0
BRDA:81,4,0,0
BRDA:81,4,1,0
BRDA:81,5,0,0
BRDA:81,5,1,0
BRDA:82,6,0,0
BRDA:82,6,1,0
BRDA:84,7,0,0
BRDA:84,7,1,0
BRDA:129,8,0,0
BRDA:129,8,1,0
BRDA:130,9,0,0
BRDA:130,9,1,0
BRDA:131,10,0,0
BRDA:131,10,1,0
BRDA:131,11,0,0
BRDA:131,11,1,0
BRDA:132,12,0,0
BRDA:132,12,1,0
BRDA:204,13,0,0
BRDA:204,13,1,0
BRDA:214,14,0,0
BRDA:214,15,0,0
BRDA:214,15,1,0
BRDA:216,16,0,0
BRDA:216,16,1,0
BRDA:217,17,0,0
BRDA:217,17,1,0
BRDA:219,18,0,0
BRDA:219,18,1,0
BRDA:252,19,0,0
BRDA:252,20,0,0
BRDA:252,20,1,0
BRDA:264,21,0,0
BRDA:265,22,0,0
BRDA:265,22,1,0
BRDA:270,23,0,0
BRDA:270,23,1,0
BRDA:276,24,0,0
BRDA:276,25,0,0
BRDA:276,25,1,0
BRDA:294,26,0,0
BRDA:294,26,1,0
BRDA:294,26,2,0
BRDA:299,27,0,0
BRDA:305,28,0,0
BRDA:305,29,0,0
BRDA:305,29,1,0
BRDA:310,30,0,0
BRDA:310,31,0,0
BRDA:310,31,1,0
BRDA:316,32,0,0
BRDA:316,32,1,0
BRDA:320,33,0,0
BRDA:320,34,0,0
BRDA:320,34,1,0
BRDA:347,35,0,0
BRDA:347,35,1,0
BRDA:349,36,0,0
BRDA:349,36,1,0
BRDA:355,37,0,0
BRDA:355,37,1,0
BRDA:357,38,0,0
BRDA:357,38,1,0
BRDA:363,39,0,0
BRDA:363,40,0,0
BRDA:363,40,1,0
BRDA:374,41,0,0
BRDA:379,42,0,0
BRDA:379,42,1,0
BRDA:380,43,0,0
BRDA:380,43,1,0
BRDA:399,44,0,0
BRDA:407,45,0,0
BRDA:22,46,0,0
BRDA:22,46,1,0
BRDA:22,47,0,0
BRDA:22,47,1,0
BRDA:22,48,0,0
BRDA:22,48,1,0
BRDA:22,49,0,0
BRDA:22,49,1,0
BRF:89
BRH:0
end_of_record
TN:
SF:src/analytics/controllers/metabase.controller.ts
FN:63,(anonymous_4)
FN:131,(anonymous_5)
FN:228,(anonymous_6)
FN:302,(anonymous_7)
FN:330,(anonymous_8)
FNF:5
FNH:0
FNDA:0,(anonymous_4)
FNDA:0,(anonymous_5)
FNDA:0,(anonymous_6)
FNDA:0,(anonymous_7)
FNDA:0,(anonymous_8)
DA:10,0
DA:19,0
DA:20,0
DA:21,0
DA:22,0
DA:23,0
DA:24,0
DA:25,0
DA:47,0
DA:48,0
DA:54,0
DA:63,0
DA:64,0
DA:65,0
DA:66,0
DA:68,0
DA:69,0
DA:131,0
DA:138,0
DA:139,0
DA:143,0
DA:144,0
DA:145,0
DA:152,0
DA:153,0
DA:154,0
DA:155,0
DA:162,0
DA:166,0
DA:167,0
DA:170,0
DA:172,0
DA:184,0
DA:187,0
DA:189,0
DA:191,0
DA:200,0
DA:201,0
DA:228,0
DA:233,0
DA:234,0
DA:237,0
DA:238,0
DA:239,0
DA:242,0
DA:243,0
DA:244,0
DA:247,0
DA:248,0
DA:254,0
DA:255,0
DA:257,0
DA:266,0
DA:267,0
DA:302,0
DA:310,0
DA:330,0
DA:339,0
DA:341,0
LF:59
LH:0
BRDA:68,0,0,0
BRDA:68,1,0,0
BRDA:68,1,1,0
BRDA:138,2,0,0
BRDA:143,3,0,0
BRDA:153,4,0,0
BRDA:163,5,0,0
BRDA:163,5,1,0
BRDA:166,6,0,0
BRDA:166,7,0,0
BRDA:166,7,1,0
BRDA:233,8,0,0
BRDA:233,9,0,0
BRDA:233,9,1,0
BRDA:238,10,0,0
BRDA:238,11,0,0
BRDA:238,11,1,0
BRDA:242,12,0,0
BRDA:242,12,1,0
BRDA:243,13,0,0
BRDA:243,14,0,0
BRDA:243,14,1,0
BRDA:313,15,0,0
BRDA:313,15,1,0
BRDA:339,16,0,0
BRDA:339,16,1,0
BRDA:347,17,0,0
BRDA:347,17,1,0
BRDA:136,18,0,0
BRDA:136,18,1,0
BRDA:136,19,0,0
BRDA:136,19,1,0
BRDA:232,20,0,0
BRDA:232,20,1,0
BRDA:232,21,0,0
BRDA:232,21,1,0
BRDA:302,22,0,0
BRDA:302,22,1,0
BRDA:302,23,0,0
BRDA:302,23,1,0
BRDA:330,24,0,0
BRDA:330,24,1,0
BRDA:330,25,0,0
BRDA:330,25,1,0
BRDA:63,26,0,0
BRDA:63,26,1,0
BRDA:63,27,0,0
BRDA:63,27,1,0
BRF:48
BRH:0
end_of_record
TN:
SF:src/analytics/controllers/metrics.controller.ts
FN:109,(anonymous_4)
FN:154,(anonymous_5)
FN:194,(anonymous_6)
FN:198,(anonymous_7)
FN:241,(anonymous_8)
FN:300,(anonymous_9)
FN:311,(anonymous_10)
FN:312,(anonymous_11)
FN:313,(anonymous_12)
FN:314,(anonymous_13)
FN:360,(anonymous_14)
FN:440,(anonymous_15)
FN:454,(anonymous_16)
FN:494,(anonymous_17)
FNF:14
FNH:0
FNDA:0,(anonymous_4)
FNDA:0,(anonymous_5)
FNDA:0,(anonymous_6)
FNDA:0,(anonymous_7)
FNDA:0,(anonymous_8)
FNDA:0,(anonymous_9)
FNDA:0,(anonymous_10)
FNDA:0,(anonymous_11)
FNDA:0,(anonymous_12)
FNDA:0,(anonymous_13)
FNDA:0,(anonymous_14)
FNDA:0,(anonymous_15)
FNDA:0,(anonymous_16)
FNDA:0,(anonymous_17)
DA:1,0
DA:2,0
DA:3,0
DA:4,0
DA:5,0
DA:6,0
DA:7,0
DA:8,0
DA:102,0
DA:110,0
DA:111,0
DA:112,0
DA:114,0
DA:115,0
DA:116,0
DA:117,0
DA:121,0
DA:154,0
DA:158,0
DA:159,0
DA:161,0
DA:163,0
DA:194,0
DA:195,0
DA:198,0
DA:200,0
DA:241,0
DA:244,0
DA:247,0
DA:248,0
DA:249,0
DA:250,0
DA:252,0
DA:300,0
DA:304,0
DA:305,0
DA:307,0
DA:310,0
DA:311,0
DA:312,0
DA:313,0
DA:314,0
DA:319,0
DA:360,0
DA:361,0
DA:364,0
DA:365,0
DA:368,0
DA:372,0
DA:376,0
DA:383,0
DA:384,0
DA:386,0
DA:387,0
DA:388,0
DA:389,0
DA:390,0
DA:392,0
DA:402,0
DA:405,0
DA:440,0
DA:449,0
DA:453,0
DA:454,0
DA:456,0
DA:459,0
DA:460,0
DA:461,0
DA:462,0
DA:464,0
DA:494,0
DA:503,0
DA:508,0
DA:509,0
DA:511,0
LF:75
LH:0
BRDA:158,0,0,0
BRDA:158,0,1,0
BRDA:159,1,0,0
BRDA:159,1,1,0
BRDA:248,2,0,0
BRDA:248,2,1,0
BRDA:250,3,0,0
BRDA:250,3,1,0
BRDA:304,4,0,0
BRDA:304,4,1,0
BRDA:305,5,0,0
BRDA:305,5,1,0
BRDA:310,6,0,0
BRDA:310,6,1,0
BRDA:311,7,0,0
BRDA:311,7,1,0
BRDA:372,8,0,0
BRDA:372,8,1,0
BRDA:372,9,0,0
BRDA:372,9,1,0
BRDA:376,10,0,0
BRDA:376,10,1,0
BRDA:456,11,0,0
BRDA:456,11,1,0
BRDA:459,12,0,0
BRDA:459,12,1,0
BRDA:460,13,0,0
BRDA:460,13,1,0
BRDA:461,14,0,0
BRDA:461,14,1,0
BRDA:509,15,0,0
BRDA:509,15,1,0
BRDA:157,16,0,0
BRDA:157,16,1,0
BRDA:157,17,0,0
BRDA:157,17,1,0
BRDA:194,18,0,0
BRDA:194,18,1,0
BRDA:194,19,0,0
BRDA:194,19,1,0
BRDA:243,20,0,0
BRDA:243,20,1,0
BRDA:243,21,0,0
BRDA:243,21,1,0
BRDA:303,22,0,0
BRDA:303,22,1,0
BRDA:303,23,0,0
BRDA:303,23,1,0
BRDA:360,24,0,0
BRDA:360,24,1,0
BRDA:360,25,0,0
BRDA:360,25,1,0
BRDA:440,26,0,0
BRDA:440,26,1,0
BRDA:440,27,0,0
BRDA:440,27,1,0
BRDA:494,28,0,0
BRDA:494,28,1,0
BRDA:494,29,0,0
BRDA:494,29,1,0
BRDA:110,30,0,0
BRDA:110,30,1,0
BRDA:110,31,0,0
BRDA:110,31,1,0
BRDA:110,32,0,0
BRDA:110,32,1,0
BRDA:110,33,0,0
BRDA:110,33,1,0
BRDA:111,34,0,0
BRDA:111,34,1,0
BRDA:111,35,0,0
BRDA:111,35,1,0
BRF:72
BRH:0
end_of_record
TN:
SF:src/analytics/controllers/reporting.controller.ts
FN:35,sanitizeFilenameSegment
FN:45,(anonymous_5)
FN:56,(anonymous_6)
FN:63,(anonymous_7)
FN:70,(anonymous_8)
FN:78,(anonymous_9)
FN:89,(anonymous_10)
FN:100,(anonymous_11)
FN:106,(anonymous_12)
FN:117,(anonymous_13)
FN:126,(anonymous_14)
FN:138,(anonymous_15)
FN:147,(anonymous_16)
FN:156,(anonymous_17)
FN:167,(anonymous_18)
FN:180,(anonymous_19)
FN:203,(anonymous_20)
FN:218,(anonymous_21)
FN:239,(anonymous_22)
FNF:19
FNH:0
FNDA:0,sanitizeFilenameSegment
FNDA:0,(anonymous_5)
FNDA:0,(anonymous_6)
FNDA:0,(anonymous_7)
FNDA:0,(anonymous_8)
FNDA:0,(anonymous_9)
FNDA:0,(anonymous_10)
FNDA:0,(anonymous_11)
FNDA:0,(anonymous_12)
FNDA:0,(anonymous_13)
FNDA:0,(anonymous_14)
FNDA:0,(anonymous_15)
FNDA:0,(anonymous_16)
FNDA:0,(anonymous_17)
FNDA:0,(anonymous_18)
FNDA:0,(anonymous_19)
FNDA:0,(anonymous_20)
FNDA:0,(anonymous_21)
FNDA:0,(anonymous_22)
DA:5,0
DA:15,0
DA:16,0
DA:17,0
DA:18,0
DA:19,0
DA:20,0
DA:21,0
DA:22,0
DA:23,0
DA:24,0
DA:25,0
DA:36,0
DA:44,0
DA:46,0
DA:47,0
DA:48,0
DA:56,0
DA:57,0
DA:63,0
DA:64,0
DA:70,0
DA:71,0
DA:78,0
DA:82,0
DA:89,0
DA:93,0
DA:100,0
DA:101,0
DA:106,0
DA:110,0
DA:117,0
DA:121,0
DA:126,0
DA:130,0
DA:138,0
DA:142,0
DA:147,0
DA:148,0
DA:156,0
DA:157,0
DA:158,0
DA:167,0
DA:172,0
DA:173,0
DA:180,0
DA:185,0
DA:192,0
DA:193,0
DA:194,0
DA:195,0
DA:196,0
DA:197,0
DA:203,0
DA:208,0
DA:210,0
DA:211,0
DA:212,0
DA:213,0
DA:218,0
DA:223,0
DA:224,0
DA:226,0
DA:227,0
DA:228,0
DA:229,0
DA:230,0
DA:239,0
DA:240,0
DA:241,0
LF:70
LH:0
BRDA:196,0,0,0
BRDA:196,0,1,0
BRDA:206,1,0,0
BRDA:212,2,0,0
BRDA:212,2,1,0
BRDA:229,3,0,0
BRDA:229,3,1,0
BRDA:80,4,0,0
BRDA:80,4,1,0
BRDA:80,5,0,0
BRDA:80,5,1,0
BRDA:91,6,0,0
BRDA:91,6,1,0
BRDA:91,7,0,0
BRDA:91,7,1,0
BRDA:108,8,0,0
BRDA:108,8,1,0
BRDA:108,9,0,0
BRDA:108,9,1,0
BRDA:119,10,0,0
BRDA:119,10,1,0
BRDA:119,11,0,0
BRDA:119,11,1,0
BRDA:128,12,0,0
BRDA:128,12,1,0
BRDA:128,13,0,0
BRDA:128,13,1,0
BRDA:182,14,0,0
BRDA:182,14,1,0
BRDA:182,15,0,0
BRDA:182,15,1,0
BRDA:182,16,0,0
BRDA:182,16,1,0
BRDA:182,17,0,0
BRDA:182,17,1,0
BRDA:205,18,0,0
BRDA:205,18,1,0
BRDA:205,19,0,0
BRDA:205,19,1,0
BRDA:220,20,0,0
BRDA:220,20,1,0
BRDA:220,21,0,0
BRDA:220,21,1,0
BRDA:220,22,0,0
BRDA:220,22,1,0
BRDA:220,23,0,0
BRDA:220,23,1,0
BRDA:46,24,0,0
BRDA:46,24,1,0
BRDA:46,25,0,0
BRDA:46,25,1,0
BRDA:46,26,0,0
BRDA:46,26,1,0
BRDA:46,27,0,0
BRDA:46,27,1,0
BRDA:47,28,0,0
BRDA:47,28,1,0
BRDA:47,29,0,0
BRDA:47,29,1,0
BRF:59
BRH:0
end_of_record
TN:
SF:src/analytics/services/kpi.service.ts
FN:20,(anonymous_2)
FN:22,(anonymous_3)
FN:193,(anonymous_4)
FN:222,(anonymous_5)
FN:233,(anonymous_6)
FN:238,(anonymous_7)
FNF:6
FNH:0
FNDA:0,(anonymous_2)
FNDA:0,(anonymous_3)
FNDA:0,(anonymous_4)
FNDA:0,(anonymous_5)
FNDA:0,(anonymous_6)
FNDA:0,(anonymous_7)
DA:1,0
DA:2,0
DA:19,0
DA:20,0
DA:35,0
DA:172,0
DA:173,0
DA:174,0
DA:176,0
DA:177,0
DA:179,0
DA:182,0
DA:184,0
DA:185,0
DA:186,0
DA:188,0
DA:191,0
DA:192,0
DA:193,0
DA:194,0
DA:195,0
DA:196,0
DA:198,0
DA:202,0
DA:203,0
DA:205,0
DA:207,0
DA:222,0
DA:233,0
DA:238,0
LF:30
LH:0
BRDA:172,0,0,0
BRDA:172,0,1,0
BRDA:174,1,0,0
BRDA:174,1,1,0
BRDA:177,2,0,0
BRDA:177,2,1,0
BRDA:179,3,0,0
BRDA:179,3,1,0
BRDA:182,4,0,0
BRDA:182,4,1,0
BRDA:185,5,0,0
BRDA:185,5,1,0
BRDA:186,6,0,0
BRDA:186,6,1,0
BRDA:188,7,0,0
BRDA:188,7,1,0
BRDA:192,8,0,0
BRDA:203,9,0,0
BRDA:203,9,1,0
BRDA:205,10,0,0
BRDA:205,10,1,0
BRDA:224,11,0,0
BRDA:224,11,1,0
BRDA:225,12,0,0
BRDA:225,12,1,0
BRDA:234,13,0,0
BRDA:234,13,1,0
BRDA:235,14,0,0
BRDA:235,14,1,0
BRDA:236,15,0,0
BRDA:236,15,1,0
BRDA:240,16,0,0
BRDA:240,16,1,0
BRDA:20,17,0,0
BRDA:20,17,1,0
BRDA:20,18,0,0
BRDA:20,18,1,0
BRF:37
BRH:0
end_of_record
TN:
SF:src/analytics/services/ml-integration.service.ts
FN:59,(anonymous_2)
FN:69,(anonymous_3)
FN:81,(anonymous_4)
FN:86,(anonymous_5)
FN:99,(anonymous_6)
FN:129,(anonymous_7)
FN:151,(anonymous_8)
FN:164,(anonymous_9)
FN:192,(anonymous_10)
FN:205,(anonymous_11)
FN:221,(anonymous_12)
FN:243,(anonymous_13)
FN:250,(anonymous_14)
FNF:13
FNH:0
FNDA:0,(anonymous_2)
FNDA:0,(anonymous_3)
FNDA:0,(anonymous_4)
FNDA:0,(anonymous_5)
FNDA:0,(anonymous_6)
FNDA:0,(anonymous_7)
FNDA:0,(anonymous_8)
FNDA:0,(anonymous_9)
FNDA:0,(anonymous_10)
FNDA:0,(anonymous_11)
FNDA:0,(anonymous_12)
FNDA:0,(anonymous_13)
FNDA:0,(anonymous_14)
DA:8,0
DA:14,0
DA:43,0
DA:44,0
DA:50,0
DA:51,0
DA:52,0
DA:53,0
DA:56,0
DA:57,0
DA:59,0
DA:60,0
DA:61,0
DA:62,0
DA:70,0
DA:71,0
DA:73,0
DA:75,0
DA:76,0
DA:78,0
DA:82,0
DA:83,0
DA:87,0
DA:88,0
DA:89,0
DA:90,0
DA:109,0
DA:111,0
DA:117,0
DA:139,0
DA:141,0
DA:151,0
DA:171,0
DA:173,0
DA:179,0
DA:193,0
DA:194,0
DA:195,0
DA:196,0
DA:198,0
DA:210,0
DA:211,0
DA:218,0
DA:219,0
DA:220,0
DA:221,0
DA:224,0
DA:225,0
DA:226,0
DA:227,0
DA:229,0
DA:230,0
DA:236,0
DA:237,0
DA:248,0
DA:249,0
DA:250,0
DA:252,0
DA:253,0
DA:256,0
DA:257,0
DA:260,0
DA:267,0
DA:268,0
DA:269,0
DA:272,0
DA:274,0
DA:275,0
DA:276,0
DA:278,0
LF:70
LH:0
BRDA:70,0,0,0
BRDA:73,1,0,0
BRDA:73,2,0,0
BRDA:73,2,1,0
BRDA:88,3,0,0
BRDA:88,4,0,0
BRDA:88,4,1,0
BRDA:208,5,0,0
BRDA:210,6,0,0
BRDA:219,7,0,0
BRDA:229,8,0,0
BRDA:229,8,1,0
BRDA:246,9,0,0
BRDA:256,10,0,0
BRDA:263,11,0,0
BRDA:263,11,1,0
BRDA:267,12,0,0
BRDA:274,13,0,0
BRDA:274,13,1,0
BRDA:59,14,0,0
BRDA:59,14,1,0
BRDA:59,15,0,0
BRDA:59,15,1,0
BRF:23
BRH:0
end_of_record
TN:
SF:src/analytics/services/reporting.service.ts
FN:20,(anonymous_2)
FN:25,(anonymous_3)
FN:41,(anonymous_4)
FN:353,(anonymous_5)
FN:355,(anonymous_6)
FN:366,(anonymous_7)
FN:368,(anonymous_8)
FN:379,(anonymous_9)
FN:383,(anonymous_10)
FN:396,(anonymous_11)
FN:398,(anonymous_12)
FN:408,(anonymous_13)
FN:430,(anonymous_14)
FN:432,(anonymous_15)
FN:442,(anonymous_16)
FN:446,(anonymous_17)
FN:459,(anonymous_18)
FN:463,(anonymous_19)
FN:473,(anonymous_20)
FN:475,(anonymous_21)
FN:492,(anonymous_22)
FN:547,(anonymous_23)
FN:556,(anonymous_24)
FN:579,(anonymous_25)
FN:589,(anonymous_26)
FN:611,(anonymous_27)
FN:625,(anonymous_28)
FN:635,(anonymous_29)
FN:646,(anonymous_30)
FN:655,(anonymous_31)
FN:668,(anonymous_32)
FN:681,(anonymous_33)
FNF:32
FNH:0
FNDA:0,(anonymous_2)
FNDA:0,(anonymous_3)
FNDA:0,(anonymous_4)
FNDA:0,(anonymous_5)
FNDA:0,(anonymous_6)
FNDA:0,(anonymous_7)
FNDA:0,(anonymous_8)
FNDA:0,(anonymous_9)
FNDA:0,(anonymous_10)
FNDA:0,(anonymous_11)
FNDA:0,(anonymous_12)
FNDA:0,(anonymous_13)
FNDA:0,(anonymous_14)
FNDA:0,(anonymous_15)
FNDA:0,(anonymous_16)
FNDA:0,(anonymous_17)
FNDA:0,(anonymous_18)
FNDA:0,(anonymous_19)
FNDA:0,(anonymous_20)
FNDA:0,(anonymous_21)
FNDA:0,(anonymous_22)
FNDA:0,(anonymous_23)
FNDA:0,(anonymous_24)
FNDA:0,(anonymous_25)
FNDA:0,(anonymous_26)
FNDA:0,(anonymous_27)
FNDA:0,(anonymous_28)
FNDA:0,(anonymous_29)
FNDA:0,(anonymous_30)
FNDA:0,(anonymous_31)
FNDA:0,(anonymous_32)
FNDA:0,(anonymous_33)
DA:13,0
DA:14,0
DA:15,0
DA:16,0
DA:19,0
DA:20,0
DA:28,0
DA:29,0
DA:31,0
DA:32,0
DA:33,0
DA:35,0
DA:61,0
DA:62,0
DA:63,0
DA:64,0
DA:65,0
DA:68,0
DA:69,0
DA:72,0
DA:75,0
DA:78,0
DA:109,0
DA:279,0
DA:281,0
DA:282,0
DA:286,0
DA:290,0
DA:293,0
DA:296,0
DA:297,0
DA:299,0
DA:301,0
DA:304,0
DA:306,0
DA:308,0
DA:328,0
DA:329,0
DA:354,0
DA:356,0
DA:363,0
DA:367,0
DA:369,0
DA:380,0
DA:382,0
DA:384,0
DA:397,0
DA:399,0
DA:409,0
DA:431,0
DA:433,0
DA:443,0
DA:445,0
DA:447,0
DA:460,0
DA:462,0
DA:464,0
DA:474,0
DA:476,0
DA:498,0
DA:526,0
DA:527,0
DA:531,0
DA:547,0
DA:553,0
DA:557,0
DA:559,0
DA:560,0
DA:563,0
DA:579,0
DA:586,0
DA:594,0
DA:596,0
DA:597,0
DA:600,0
DA:611,0
DA:620,0
DA:626,0
DA:627,0
DA:636,0
DA:647,0
DA:656,0
DA:669,0
DA:681,0
DA:682,0
DA:683,0
DA:684,0
DA:686,0
DA:689,0
LF:89
LH:0
BRDA:31,0,0,0
BRDA:31,0,1,0
BRDA:32,1,0,0
BRDA:32,2,0,0
BRDA:32,2,1,0
BRDA:279,3,0,0
BRDA:279,3,1,0
BRDA:281,4,0,0
BRDA:281,4,1,0
BRDA:286,5,0,0
BRDA:286,5,1,0
BRDA:290,6,0,0
BRDA:290,6,1,0
BRDA:296,7,0,0
BRDA:296,7,1,0
BRDA:297,8,0,0
BRDA:297,8,1,0
BRDA:299,9,0,0
BRDA:299,9,1,0
BRDA:301,10,0,0
BRDA:301,10,1,0
BRDA:304,11,0,0
BRDA:304,11,1,0
BRDA:306,12,0,0
BRDA:306,12,1,0
BRDA:318,13,0,0
BRDA:318,13,1,0
BRDA:319,14,0,0
BRDA:319,14,1,0
BRDA:321,15,0,0
BRDA:321,15,1,0
BRDA:363,16,0,0
BRDA:363,16,1,0
BRDA:380,17,0,0
BRDA:380,17,1,0
BRDA:408,18,0,0
BRDA:443,19,0,0
BRDA:443,19,1,0
BRDA:460,20,0,0
BRDA:460,20,1,0
BRDA:496,21,0,0
BRDA:526,22,0,0
BRDA:556,23,0,0
BRDA:559,24,0,0
BRDA:592,25,0,0
BRDA:596,26,0,0
BRDA:684,27,0,0
BRDA:684,27,1,0
BRDA:691,28,0,0
BRDA:691,28,1,0
BRDA:697,29,0,0
BRDA:697,29,1,0
BRDA:699,30,0,0
BRDA:699,30,1,0
BRDA:701,31,0,0
BRDA:701,31,1,0
BRDA:20,32,0,0
BRDA:20,32,1,0
BRDA:20,33,0,0
BRDA:20,33,1,0
BRF:60
BRH:0
end_of_record
TN:
SF:src/analytics/services/search.service.ts
FN:14,(anonymous_2)
FN:16,(anonymous_3)
FN:119,(anonymous_4)
FNF:3
FNH:0
FNDA:0,(anonymous_2)
FNDA:0,(anonymous_3)
FNDA:0,(anonymous_4)
DA:1,0
DA:2,0
DA:13,0
DA:14,0
DA:20,0
DA:21,0
DA:24,0
DA:25,0
DA:28,0
DA:76,0
DA:77,0
DA:78,0
DA:87,0
DA:88,0
DA:89,0
DA:98,0
DA:99,0
DA:108,0
DA:109,0
DA:119,0
DA:121,0
LF:21
LH:0
BRDA:20,0,0,0
BRDA:20,1,0,0
BRDA:20,1,1,0
BRDA:83,2,0,0
BRDA:83,2,1,0
BRDA:93,3,0,0
BRDA:93,3,1,0
BRDA:14,4,0,0
BRDA:14,4,1,0
BRDA:14,5,0,0
BRDA:14,5,1,0
BRF:11
BRH:0
end_of_record
TN:
SF:src/analytics/services/unit-economics.service.ts
FN:78,(anonymous_2)
FN:91,(anonymous_3)
FN:139,(anonymous_4)
FN:142,(anonymous_5)
FN:167,(anonymous_6)
FN:208,(anonymous_7)
FN:228,(anonymous_8)
FN:267,(anonymous_9)
FN:290,(anonymous_10)
FN:324,(anonymous_11)
FN:363,(anonymous_12)
FN:376,(anonymous_13)
FN:420,(anonymous_14)
FN:448,(anonymous_15)
FN:481,(anonymous_16)
FN:489,(anonymous_17)
FN:501,(anonymous_18)
FN:505,(anonymous_19)
FN:506,(anonymous_20)
FN:558,(anonymous_21)
FN:581,(anonymous_22)
FNF:21
FNH:0
FNDA:0,(anonymous_2)
FNDA:0,(anonymous_3)
FNDA:0,(anonymous_4)
FNDA:0,(anonymous_5)
FNDA:0,(anonymous_6)
FNDA:0,(anonymous_7)
FNDA:0,(anonymous_8)
FNDA:0,(anonymous_9)
FNDA:0,(anonymous_10)
FNDA:0,(anonymous_11)
FNDA:0,(anonymous_12)
FNDA:0,(anonymous_13)
FNDA:0,(anonymous_14)
FNDA:0,(anonymous_15)
FNDA:0,(anonymous_16)
FNDA:0,(anonymous_17)
FNDA:0,(anonymous_18)
FNDA:0,(anonymous_19)
FNDA:0,(anonymous_20)
FNDA:0,(anonymous_21)
FNDA:0,(anonymous_22)
DA:1,0
DA:2,0
DA:3,0
DA:64,0
DA:72,0
DA:75,0
DA:76,0
DA:79,0
DA:80,0
DA:95,0
DA:98,0
DA:106,0
DA:112,0
DA:115,0
DA:118,0
DA:127,0
DA:128,0
DA:129,0
DA:130,0
DA:131,0
DA:135,0
DA:136,0
DA:139,0
DA:141,0
DA:143,0
DA:144,0
DA:145,0
DA:156,0
DA:158,0
DA:168,0
DA:170,0
DA:171,0
DA:173,0
DA:174,0
DA:175,0
DA:176,0
DA:179,0
DA:186,0
DA:188,0
DA:189,0
DA:190,0
DA:193,0
DA:204,0
DA:208,0
DA:211,0
DA:218,0
DA:220,0
DA:228,0
DA:231,0
DA:233,0
DA:236,0
DA:240,0
DA:245,0
DA:246,0
DA:249,0
DA:251,0
DA:261,0
DA:268,0
DA:274,0
DA:276,0
DA:278,0
DA:283,0
DA:284,0
DA:286,0
DA:290,0
DA:292,0
DA:299,0
DA:302,0
DA:305,0
DA:310,0
DA:311,0
DA:313,0
DA:315,0
DA:318,0
DA:325,0
DA:327,0
DA:328,0
DA:330,0
DA:331,0
DA:332,0
DA:333,0
DA:336,0
DA:347,0
DA:353,0
DA:356,0
DA:363,0
DA:364,0
DA:368,0
DA:376,0
DA:377,0
DA:380,0
DA:383,0
DA:384,0
DA:385,0
DA:392,0
DA:398,0
DA:399,0
DA:402,0
DA:413,0
DA:424,0
DA:426,0
DA:432,0
DA:434,0
DA:436,0
DA:444,0
DA:448,0
DA:451,0
DA:459,0
DA:460,0
DA:461,0
DA:462,0
DA:464,0
DA:473,0
DA:482,0
DA:483,0
DA:490,0
DA:500,0
DA:501,0
DA:505,0
DA:506,0
DA:508,0
DA:511,0
DA:514,0
DA:520,0
DA:521,0
DA:525,0
DA:528,0
DA:531,0
DA:532,0
DA:534,0
DA:571,0
DA:576,0
DA:581,0
DA:582,0
DA:583,0
DA:584,0
DA:586,0
DA:590,0
DA:597,0
DA:604,0
DA:611,0
DA:612,0
DA:613,0
DA:615,0
DA:618,0
DA:620,0
DA:624,0
DA:625,0
DA:626,0
DA:628,0
DA:632,0
DA:634,0
DA:639,0
DA:640,0
DA:641,0
DA:643,0
LF:156
LH:0
BRDA:112,0,0,0
BRDA:112,0,1,0
BRDA:130,1,0,0
BRDA:130,1,1,0
BRDA:131,2,0,0
BRDA:131,2,1,0
BRDA:135,3,0,0
BRDA:136,4,0,0
BRDA:136,4,1,0
BRDA:143,5,0,0
BRDA:143,5,1,0
BRDA:149,6,0,0
BRDA:149,6,1,0
BRDA:156,7,0,0
BRDA:156,7,1,0
BRDA:167,8,0,0
BRDA:218,9,0,0
BRDA:218,9,1,0
BRDA:233,10,0,0
BRDA:233,10,1,0
BRDA:233,11,0,0
BRDA:233,11,1,0
BRDA:233,11,2,0
BRDA:234,12,0,0
BRDA:234,12,1,0
BRDA:240,13,0,0
BRDA:240,13,1,0
BRDA:240,14,0,0
BRDA:240,14,1,0
BRDA:241,15,0,0
BRDA:241,15,1,0
BRDA:246,16,0,0
BRDA:246,16,1,0
BRDA:257,17,0,0
BRDA:257,17,1,0
BRDA:299,18,0,0
BRDA:299,18,1,0
BRDA:302,19,0,0
BRDA:302,19,1,0
BRDA:302,20,0,0
BRDA:302,20,1,0
BRDA:310,21,0,0
BRDA:310,21,1,0
BRDA:313,22,0,0
BRDA:313,22,1,0
BRDA:324,23,0,0
BRDA:353,24,0,0
BRDA:353,24,1,0
BRDA:364,25,0,0
BRDA:364,25,1,0
BRDA:377,26,0,0
BRDA:377,26,1,0
BRDA:380,27,0,0
BRDA:380,27,1,0
BRDA:398,28,0,0
BRDA:398,28,1,0
BRDA:459,29,0,0
BRDA:459,29,1,0
BRDA:459,30,0,0
BRDA:459,30,1,0
BRDA:459,31,0,0
BRDA:459,31,1,0
BRDA:462,32,0,0
BRDA:462,32,1,0
BRDA:483,33,0,0
BRDA:483,33,1,0
BRDA:500,34,0,0
BRDA:500,34,1,0
BRDA:508,35,0,0
BRDA:508,35,1,0
BRDA:520,36,0,0
BRDA:520,36,1,0
BRDA:525,37,0,0
BRDA:525,37,1,0
BRDA:531,38,0,0
BRDA:531,38,1,0
BRDA:532,39,0,0
BRDA:532,39,1,0
BRDA:550,40,0,0
BRDA:550,40,1,0
BRDA:582,41,0,0
BRDA:582,41,1,0
BRDA:583,42,0,0
BRDA:583,42,1,0
BRDA:583,43,0,0
BRDA:583,43,1,0
BRDA:612,44,0,0
BRDA:612,44,1,0
BRDA:613,45,0,0
BRDA:613,45,1,0
BRDA:615,46,0,0
BRDA:615,46,1,0
BRDA:626,47,0,0
BRDA:626,47,1,0
BRDA:628,48,0,0
BRDA:628,48,1,0
BRDA:634,49,0,0
BRDA:634,49,1,0
BRDA:640,50,0,0
BRDA:640,50,1,0
BRDA:79,51,0,0
BRDA:79,51,1,0
BRDA:79,52,0,0
BRDA:79,52,1,0
BRDA:79,53,0,0
BRDA:79,53,1,0
BRDA:79,54,0,0
BRDA:79,54,1,0
BRF:108
BRH:0
end_of_record
TN:
SF:src/auth/controllers/auth.controller.ts
FN:133,(anonymous_4)
FN:152,(anonymous_5)
FN:182,(anonymous_6)
FN:234,(anonymous_7)
FN:293,(anonymous_8)
FN:304,(anonymous_9)
FN:414,(anonymous_10)
FN:427,(anonymous_11)
FN:461,(anonymous_12)
FN:498,(anonymous_13)
FN:518,(anonymous_14)
FN:530,(anonymous_15)
FN:574,(anonymous_16)
FN:588,(anonymous_17)
FN:606,(anonymous_18)
FN:621,(anonymous_19)
FN:635,(anonymous_20)
FN:656,(anonymous_21)
FN:668,(anonymous_22)
FN:683,(anonymous_23)
FN:695,(anonymous_24)
FN:709,(anonymous_25)
FN:720,(anonymous_26)
FN:733,(anonymous_27)
FN:745,(anonymous_28)
FN:759,(anonymous_29)
FN:774,(anonymous_30)
FN:802,(anonymous_31)
FN:826,(anonymous_32)
FN:861,(anonymous_33)
FN:893,(anonymous_34)
FN:915,(anonymous_35)
FN:953,(anonymous_36)
FN:998,(anonymous_37)
FN:1034,(anonymous_38)
FN:1075,(anonymous_39)
FN:1085,(anonymous_40)
FNF:37
FNH:0
FNDA:0,(anonymous_4)
FNDA:0,(anonymous_5)
FNDA:0,(anonymous_6)
FNDA:0,(anonymous_7)
FNDA:0,(anonymous_8)
FNDA:0,(anonymous_9)
FNDA:0,(anonymous_10)
FNDA:0,(anonymous_11)
FNDA:0,(anonymous_12)
FNDA:0,(anonymous_13)
FNDA:0,(anonymous_14)
FNDA:0,(anonymous_15)
FNDA:0,(anonymous_16)
FNDA:0,(anonymous_17)
FNDA:0,(anonymous_18)
FNDA:0,(anonymous_19)
FNDA:0,(anonymous_20)
FNDA:0,(anonymous_21)
FNDA:0,(anonymous_22)
FNDA:0,(anonymous_23)
FNDA:0,(anonymous_24)
FNDA:0,(anonymous_25)
FNDA:0,(anonymous_26)
FNDA:0,(anonymous_27)
FNDA:0,(anonymous_28)
FNDA:0,(anonymous_29)
FNDA:0,(anonymous_30)
FNDA:0,(anonymous_31)
FNDA:0,(anonymous_32)
FNDA:0,(anonymous_33)
FNDA:0,(anonymous_34)
FNDA:0,(anonymous_35)
FNDA:0,(anonymous_36)
FNDA:0,(anonymous_37)
FNDA:0,(anonymous_38)
FNDA:0,(anonymous_39)
FNDA:0,(anonymous_40)
DA:1,0
DA:19,0
DA:20,0
DA:21,0
DA:22,0
DA:31,0
DA:32,0
DA:34,0
DA:35,0
DA:36,0
DA:37,0
DA:38,0
DA:39,0
DA:40,0
DA:41,0
DA:42,0
DA:43,0
DA:44,0
DA:45,0
DA:46,0
DA:56,0
DA:60,0
DA:64,0
DA:68,0
DA:72,0
DA:78,0
DA:84,0
DA:91,0
DA:97,0
DA:101,0
DA:107,0
DA:114,0
DA:118,0
DA:121,0
DA:125,0
DA:130,0
DA:131,0
DA:134,0
DA:135,0
DA:136,0
DA:137,0
DA:138,0
DA:139,0
DA:140,0
DA:141,0
DA:142,0
DA:143,0
DA:152,0
DA:153,0
DA:170,0
DA:171,0
DA:174,0
DA:182,0
DA:183,0
DA:188,0
DA:189,0
DA:192,0
DA:193,0
DA:208,0
DA:234,0
DA:235,0
DA:293,0
DA:298,0
DA:301,0
DA:302,0
DA:304,0
DA:308,0
DA:310,0
DA:313,0
DA:314,0
DA:317,0
DA:318,0
DA:319,0
DA:323,0
DA:324,0
DA:325,0
DA:329,0
DA:335,0
DA:336,0
DA:342,0
DA:343,0
DA:349,0
DA:350,0
DA:352,0
DA:354,0
DA:355,0
DA:356,0
DA:357,0
DA:358,0
DA:359,0
DA:363,0
DA:366,0
DA:370,0
DA:371,0
DA:372,0
DA:375,0
DA:382,0
DA:385,0
DA:389,0
DA:390,0
DA:392,0
DA:395,0
DA:396,0
DA:406,0
DA:411,0
DA:412,0
DA:413,0
DA:414,0
DA:418,0
DA:429,0
DA:461,0
DA:466,0
DA:469,0
DA:472,0
DA:473,0
DA:474,0
DA:478,0
DA:481,0
DA:483,0
DA:486,0
DA:487,0
DA:497,0
DA:498,0
DA:500,0
DA:503,0
DA:518,0
DA:519,0
DA:530,0
DA:535,0
DA:540,0
DA:541,0
DA:545,0
DA:549,0
DA:550,0
DA:554,0
DA:555,0
DA:559,0
DA:560,0
DA:566,0
DA:576,0
DA:578,0
DA:588,0
DA:592,0
DA:593,0
DA:594,0
DA:606,0
DA:610,0
DA:611,0
DA:621,0
DA:625,0
DA:626,0
DA:635,0
DA:639,0
DA:643,0
DA:656,0
DA:657,0
DA:668,0
DA:673,0
DA:675,0
DA:685,0
DA:695,0
DA:699,0
DA:701,0
DA:711,0
DA:720,0
DA:723,0
DA:725,0
DA:735,0
DA:745,0
DA:749,0
DA:751,0
DA:761,0
DA:774,0
DA:785,0
DA:787,0
DA:802,0
DA:810,0
DA:826,0
DA:831,0
DA:833,0
DA:842,0
DA:849,0
DA:861,0
DA:865,0
DA:871,0
DA:872,0
DA:878,0
DA:883,0
DA:893,0
DA:894,0
DA:902,0
DA:915,0
DA:919,0
DA:930,0
DA:931,0
DA:935,0
DA:937,0
DA:944,0
DA:953,0
DA:955,0
DA:960,0
DA:961,0
DA:964,0
DA:970,0
DA:971,0
DA:977,0
DA:979,0
DA:998,0
DA:1001,0
DA:1011,0
DA:1012,0
DA:1017,0
DA:1019,0
DA:1034,0
DA:1039,0
DA:1042,0
DA:1045,0
DA:1051,0
DA:1052,0
DA:1058,0
DA:1059,0
DA:1061,0
DA:1064,0
DA:1065,0
DA:1074,0
DA:1075,0
DA:1077,0
DA:1080,0
DA:1086,0
DA:1087,0
DA:1088,0
DA:1089,0
DA:1090,0
DA:1092,0
DA:1093,0
DA:1094,0
DA:1095,0
DA:1096,0
DA:1097,0
DA:1099,0
LF:240
LH:0
BRDA:170,0,0,0
BRDA:170,1,0,0
BRDA:170,1,1,0
BRDA:188,2,0,0
BRDA:188,3,0,0
BRDA:188,3,1,0
BRDA:298,4,0,0
BRDA:298,4,1,0
BRDA:302,5,0,0
BRDA:317,6,0,0
BRDA:324,7,0,0
BRDA:335,8,0,0
BRDA:350,9,0,0
BRDA:350,9,1,0
BRDA:350,9,2,0
BRDA:352,10,0,0
BRDA:352,10,1,0
BRDA:352,11,0,0
BRDA:352,11,1,0
BRDA:354,12,0,0
BRDA:354,12,1,0
BRDA:356,13,0,0
BRDA:371,14,0,0
BRDA:371,15,0,0
BRDA:371,15,1,0
BRDA:382,16,0,0
BRDA:382,17,0,0
BRDA:382,17,1,0
BRDA:411,18,0,0
BRDA:411,18,1,0
BRDA:412,19,0,0
BRDA:412,20,0,0
BRDA:412,20,1,0
BRDA:466,21,0,0
BRDA:466,21,1,0
BRDA:473,22,0,0
BRDA:540,23,0,0
BRDA:540,24,0,0
BRDA:540,24,1,0
BRDA:547,25,0,0
BRDA:547,25,1,0
BRDA:549,26,0,0
BRDA:554,27,0,0
BRDA:592,28,0,0
BRDA:592,28,1,0
BRDA:610,29,0,0
BRDA:610,29,1,0
BRDA:681,30,0,0
BRDA:681,30,1,0
BRDA:785,31,0,0
BRDA:785,31,1,0
BRDA:790,32,0,0
BRDA:790,32,1,0
BRDA:791,33,0,0
BRDA:791,33,1,0
BRDA:871,34,0,0
BRDA:873,35,0,0
BRDA:873,35,1,0
BRDA:930,36,0,0
BRDA:930,37,0,0
BRDA:930,37,1,0
BRDA:930,37,2,0
BRDA:960,38,0,0
BRDA:970,39,0,0
BRDA:972,40,0,0
BRDA:972,40,1,0
BRDA:1011,41,0,0
BRDA:1011,42,0,0
BRDA:1011,42,1,0
BRDA:1011,42,2,0
BRDA:1039,43,0,0
BRDA:1039,43,1,0
BRDA:1051,44,0,0
BRDA:1053,45,0,0
BRDA:1053,45,1,0
BRDA:1087,46,0,0
BRDA:1087,46,1,0
BRDA:1088,47,0,0
BRDA:1088,47,1,0
BRDA:1089,48,0,0
BRDA:1089,48,1,0
BRDA:1090,49,0,0
BRDA:1093,50,0,0
BRDA:1093,50,1,0
BRDA:1093,51,0,0
BRDA:1093,51,1,0
BRDA:1094,52,0,0
BRDA:1094,52,1,0
BRDA:1095,53,0,0
BRDA:1095,53,1,0
BRDA:1096,54,0,0
BRDA:1096,54,1,0
BRDA:1097,55,0,0
BRDA:152,56,0,0
BRDA:152,56,1,0
BRDA:152,57,0,0
BRDA:152,57,1,0
BRDA:234,58,0,0
BRDA:234,58,1,0
BRDA:234,59,0,0
BRDA:234,59,1,0
BRDA:297,60,0,0
BRDA:297,60,1,0
BRDA:297,61,0,0
BRDA:297,61,1,0
BRDA:465,62,0,0
BRDA:465,62,1,0
BRDA:465,63,0,0
BRDA:465,63,1,0
BRDA:518,64,0,0
BRDA:518,64,1,0
BRDA:518,65,0,0
BRDA:518,65,1,0
BRDA:531,66,0,0
BRDA:531,66,1,0
BRDA:531,67,0,0
BRDA:531,67,1,0
BRDA:533,68,0,0
BRDA:533,68,1,0
BRDA:533,69,0,0
BRDA:533,69,1,0
BRDA:591,70,0,0
BRDA:591,70,1,0
BRDA:591,71,0,0
BRDA:591,71,1,0
BRDA:607,72,0,0
BRDA:607,72,1,0
BRDA:607,73,0,0
BRDA:607,73,1,0
BRDA:622,74,0,0
BRDA:622,74,1,0
BRDA:622,75,0,0
BRDA:622,75,1,0
BRDA:624,76,0,0
BRDA:624,76,1,0
BRDA:624,77,0,0
BRDA:624,77,1,0
BRDA:636,78,0,0
BRDA:636,78,1,0
BRDA:636,79,0,0
BRDA:636,79,1,0
BRDA:638,80,0,0
BRDA:638,80,1,0
BRDA:638,81,0,0
BRDA:638,81,1,0
BRDA:656,82,0,0
BRDA:656,82,1,0
BRDA:656,83,0,0
BRDA:656,83,1,0
BRDA:656,84,0,0
BRDA:656,84,1,0
BRDA:656,85,0,0
BRDA:656,85,1,0
BRDA:670,86,0,0
BRDA:670,86,1,0
BRDA:670,87,0,0
BRDA:670,87,1,0
BRDA:670,88,0,0
BRDA:670,88,1,0
BRDA:670,89,0,0
BRDA:670,89,1,0
BRDA:672,90,0,0
BRDA:672,90,1,0
BRDA:672,91,0,0
BRDA:672,91,1,0
BRDA:697,92,0,0
BRDA:697,92,1,0
BRDA:697,93,0,0
BRDA:697,93,1,0
BRDA:698,94,0,0
BRDA:698,94,1,0
BRDA:698,95,0,0
BRDA:698,95,1,0
BRDA:721,96,0,0
BRDA:721,96,1,0
BRDA:721,97,0,0
BRDA:721,97,1,0
BRDA:722,98,0,0
BRDA:722,98,1,0
BRDA:722,99,0,0
BRDA:722,99,1,0
BRDA:747,100,0,0
BRDA:747,100,1,0
BRDA:747,101,0,0
BRDA:747,101,1,0
BRDA:748,102,0,0
BRDA:748,102,1,0
BRDA:748,103,0,0
BRDA:748,103,1,0
BRDA:775,104,0,0
BRDA:775,104,1,0
BRDA:775,105,0,0
BRDA:775,105,1,0
BRDA:779,106,0,0
BRDA:779,106,1,0
BRDA:779,107,0,0
BRDA:779,107,1,0
BRDA:802,108,0,0
BRDA:802,108,1,0
BRDA:802,109,0,0
BRDA:802,109,1,0
BRDA:802,110,0,0
BRDA:802,110,1,0
BRDA:802,111,0,0
BRDA:802,111,1,0
BRDA:827,112,0,0
BRDA:827,112,1,0
BRDA:827,113,0,0
BRDA:827,113,1,0
BRDA:827,114,0,0
BRDA:827,114,1,0
BRDA:827,115,0,0
BRDA:827,115,1,0
BRDA:829,116,0,0
BRDA:829,116,1,0
BRDA:829,117,0,0
BRDA:829,117,1,0
BRDA:862,118,0,0
BRDA:862,118,1,0
BRDA:862,119,0,0
BRDA:862,119,1,0
BRDA:862,120,0,0
BRDA:862,120,1,0
BRDA:862,121,0,0
BRDA:862,121,1,0
BRDA:864,122,0,0
BRDA:864,122,1,0
BRDA:864,123,0,0
BRDA:864,123,1,0
BRDA:893,124,0,0
BRDA:893,124,1,0
BRDA:893,125,0,0
BRDA:893,125,1,0
BRDA:893,126,0,0
BRDA:893,126,1,0
BRDA:893,127,0,0
BRDA:893,127,1,0
BRDA:916,128,0,0
BRDA:916,128,1,0
BRDA:916,129,0,0
BRDA:916,129,1,0
BRDA:917,130,0,0
BRDA:917,130,1,0
BRDA:917,131,0,0
BRDA:917,131,1,0
BRDA:953,132,0,0
BRDA:953,132,1,0
BRDA:953,133,0,0
BRDA:953,133,1,0
BRDA:953,134,0,0
BRDA:953,134,1,0
BRDA:953,135,0,0
BRDA:953,135,1,0
BRDA:999,136,0,0
BRDA:999,136,1,0
BRDA:999,137,0,0
BRDA:999,137,1,0
BRDA:1000,138,0,0
BRDA:1000,138,1,0
BRDA:1000,139,0,0
BRDA:1000,139,1,0
BRDA:1035,140,0,0
BRDA:1035,140,1,0
BRDA:1035,141,0,0
BRDA:1035,141,1,0
BRDA:1038,142,0,0
BRDA:1038,142,1,0
BRDA:1038,143,0,0
BRDA:1038,143,1,0
BRDA:134,144,0,0
BRDA:134,144,1,0
BRDA:134,145,0,0
BRDA:134,145,1,0
BRDA:134,146,0,0
BRDA:134,146,1,0
BRDA:134,147,0,0
BRDA:134,147,1,0
BRDA:135,148,0,0
BRDA:135,148,1,0
BRDA:135,149,0,0
BRDA:135,149,1,0
BRDA:136,150,0,0
BRDA:136,150,1,0
BRDA:136,151,0,0
BRDA:136,151,1,0
BRDA:137,152,0,0
BRDA:137,152,1,0
BRDA:137,153,0,0
BRDA:137,153,1,0
BRDA:138,154,0,0
BRDA:138,154,1,0
BRDA:138,155,0,0
BRDA:138,155,1,0
BRDA:139,156,0,0
BRDA:139,156,1,0
BRDA:139,157,0,0
BRDA:139,157,1,0
BRDA:140,158,0,0
BRDA:140,158,1,0
BRDA:140,159,0,0
BRDA:140,159,1,0
BRDA:141,160,0,0
BRDA:141,160,1,0
BRDA:141,161,0,0
BRDA:141,161,1,0
BRDA:142,162,0,0
BRDA:142,162,1,0
BRDA:142,163,0,0
BRDA:142,163,1,0
BRF:309
BRH:0
end_of_record
TN:
SF:src/auth/controllers/jwks.controller.ts
FN:11,(anonymous_4)
FN:51,(anonymous_5)
FN:66,(anonymous_6)
FN:82,(anonymous_7)
FNF:4
FNH:0
FNDA:0,(anonymous_4)
FNDA:0,(anonymous_5)
FNDA:0,(anonymous_6)
FNDA:0,(anonymous_7)
DA:1,0
DA:2,0
DA:3,0
DA:4,0
DA:5,0
DA:6,0
DA:10,0
DA:11,0
DA:51,0
DA:52,0
DA:66,0
DA:68,0
DA:69,0
DA:72,0
DA:73,0
DA:82,0
DA:87,0
DA:88,0
LF:18
LH:0
BRDA:68,0,0,0
BRDA:68,1,0,0
BRDA:68,1,1,0
BRDA:89,2,0,0
BRDA:89,2,1,0
BRDA:51,3,0,0
BRDA:51,3,1,0
BRDA:51,4,0,0
BRDA:51,4,1,0
BRDA:66,5,0,0
BRDA:66,5,1,0
BRDA:66,6,0,0
BRDA:66,6,1,0
BRDA:11,7,0,0
BRDA:11,7,1,0
BRDA:11,8,0,0
BRDA:11,8,1,0
BRF:17
BRH:0
end_of_record
TN:
SF:src/auth/controllers/portal-auth.controller.ts
FN:95,(anonymous_4)
FN:102,(anonymous_5)
FN:116,(anonymous_6)
FN:227,(anonymous_7)
FNF:4
FNH:0
FNDA:0,(anonymous_4)
FNDA:0,(anonymous_5)
FNDA:0,(anonymous_6)
FNDA:0,(anonymous_7)
DA:1,0
DA:12,0
DA:13,0
DA:14,0
DA:15,0
DA:16,0
DA:17,0
DA:18,0
DA:26,0
DA:30,0
DA:34,0
DA:38,0
DA:42,0
DA:45,0
DA:49,0
DA:53,0
DA:58,0
DA:62,0
DA:92,0
DA:93,0
DA:96,0
DA:97,0
DA:98,0
DA:103,0
DA:116,0
DA:117,0
DA:118,0
DA:121,0
DA:122,0
DA:125,0
DA:126,0
DA:130,0
DA:131,0
DA:136,0
DA:144,0
DA:145,0
DA:149,0
DA:152,0
DA:153,0
DA:154,0
DA:155,0
DA:156,0
DA:159,0
DA:160,0
DA:177,0
DA:178,0
DA:180,0
DA:195,0
DA:197,0
DA:199,0
DA:227,0
DA:228,0
DA:229,0
DA:232,0
DA:249,0
DA:250,0
DA:253,0
DA:256,0
DA:260,0
DA:261,0
DA:265,0
DA:266,0
DA:267,0
DA:271,0
DA:274,0
DA:279,0
DA:294,0
DA:296,0
DA:298,0
LF:69
LH:0
BRDA:117,0,0,0
BRDA:125,1,0,0
BRDA:125,1,1,0
BRDA:130,2,0,0
BRDA:144,3,0,0
BRDA:171,4,0,0
BRDA:171,4,1,0
BRDA:171,5,0,0
BRDA:171,5,1,0
BRDA:249,6,0,0
BRDA:260,7,0,0
BRDA:260,8,0,0
BRDA:260,8,1,0
BRDA:266,9,0,0
BRDA:271,10,0,0
BRDA:271,10,1,0
BRDA:274,11,0,0
BRDA:274,11,1,0
BRDA:116,12,0,0
BRDA:116,12,1,0
BRDA:116,13,0,0
BRDA:116,13,1,0
BRDA:227,14,0,0
BRDA:227,14,1,0
BRDA:227,15,0,0
BRDA:227,15,1,0
BRDA:96,16,0,0
BRDA:96,16,1,0
BRDA:96,17,0,0
BRDA:96,17,1,0
BRDA:96,18,0,0
BRDA:96,18,1,0
BRDA:96,19,0,0
BRDA:96,19,1,0
BRDA:97,20,0,0
BRDA:97,20,1,0
BRDA:97,21,0,0
BRDA:97,21,1,0
BRF:38
BRH:0
end_of_record
TN:
SF:src/auth/decorators/current-user.decorator.ts
FN:8,(anonymous_0)
FN:41,(anonymous_1)
FNF:2
FNH:0
FNDA:0,(anonymous_0)
FNDA:0,(anonymous_1)
DA:1,0
DA:8,0
DA:12,0
DA:13,0
DA:15,0
DA:16,0
DA:20,0
DA:21,0
DA:24,0
DA:35,0
DA:41,0
DA:42,0
DA:43,0
DA:54,0
LF:14
LH:0
BRDA:15,0,0,0
BRDA:20,1,0,0
BRDA:43,2,0,0
BRDA:43,2,1,0
BRF:4
BRH:0
end_of_record
TN:
SF:src/auth/decorators/roles.decorator.ts
FN:12,(anonymous_0)
FN:17,(anonymous_1)
FN:22,(anonymous_2)
FN:27,(anonymous_3)
FNF:4
FNH:0
FNDA:0,(anonymous_0)
FNDA:0,(anonymous_1)
FNDA:0,(anonymous_2)
FNDA:0,(anonymous_3)
DA:1,0
DA:2,0
DA:12,0
DA:17,0
DA:22,0
DA:27,0
DA:28,0
LF:7
LH:0
BRF:0
BRH:0
end_of_record
TN:
SF:src/auth/guards/jwt-auth.guard.ts
FN:7,(anonymous_1)
FN:24,(anonymous_2)
FNF:2
FNH:0
FNDA:0,(anonymous_1)
FNDA:0,(anonymous_2)
DA:1,0
DA:2,0
DA:6,0
DA:9,0
DA:12,0
DA:13,0
DA:14,0
DA:17,0
DA:18,0
DA:21,0
DA:31,0
DA:32,0
DA:34,0
LF:13
LH:0
BRDA:13,0,0,0
BRDA:17,1,0,0
BRDA:31,2,0,0
BRDA:31,3,0,0
BRDA:31,3,1,0
BRDA:32,4,0,0
BRDA:32,4,1,0
BRF:7
BRH:0
end_of_record
TN:
SF:src/auth/guards/mfa.guard.ts
FN:28,(anonymous_2)
FN:29,(anonymous_3)
FN:39,(anonymous_4)
FN:44,(anonymous_5)
FN:93,(anonymous_6)
FN:95,(anonymous_7)
FNF:6
FNH:0
FNDA:0,(anonymous_2)
FNDA:0,(anonymous_3)
FNDA:0,(anonymous_4)
FNDA:0,(anonymous_5)
FNDA:0,(anonymous_6)
FNDA:0,(anonymous_7)
DA:8,0
DA:9,0
DA:10,0
DA:28,0
DA:29,0
DA:30,0
DA:31,0
DA:33,0
DA:38,0
DA:40,0
DA:41,0
DA:46,0
DA:51,0
DA:52,0
DA:55,0
DA:56,0
DA:58,0
DA:59,0
DA:63,0
DA:65,0
DA:67,0
DA:71,0
DA:72,0
DA:73,0
DA:74,0
DA:79,0
DA:92,0
DA:93,0
DA:96,0
DA:98,0
DA:99,0
DA:101,0
DA:102,0
DA:103,0
DA:107,0
LF:35
LH:0
BRDA:30,0,0,0
BRDA:51,1,0,0
BRDA:58,2,0,0
BRDA:65,3,0,0
BRDA:71,4,0,0
BRDA:71,5,0,0
BRDA:71,5,1,0
BRDA:73,6,0,0
BRDA:40,7,0,0
BRDA:40,7,1,0
BRDA:40,8,0,0
BRDA:40,8,1,0
BRDA:40,9,0,0
BRDA:40,9,1,0
BRDA:40,10,0,0
BRDA:40,10,1,0
BRDA:98,11,0,0
BRDA:101,12,0,0
BRDA:101,13,0,0
BRDA:101,13,1,0
BRDA:101,13,2,0
BRDA:93,14,0,0
BRDA:93,14,1,0
BRDA:93,15,0,0
BRDA:93,15,1,0
BRF:25
BRH:0
end_of_record
TN:
SF:src/auth/guards/roles.guard.ts
FN:5,(anonymous_2)
FN:16,(anonymous_3)
FN:18,(anonymous_4)
FN:38,(anonymous_5)
FN:50,(anonymous_6)
FNF:5
FNH:0
FNDA:0,(anonymous_2)
FNDA:0,(anonymous_3)
FNDA:0,(anonymous_4)
FNDA:0,(anonymous_5)
FNDA:0,(anonymous_6)
DA:1,0
DA:2,0
DA:5,0
DA:6,0
DA:7,0
DA:8,0
DA:9,0
DA:12,0
DA:15,0
DA:16,0
DA:20,0
DA:26,0
DA:27,0
DA:30,0
DA:31,0
DA:33,0
DA:34,0
DA:38,0
DA:40,0
DA:41,0
DA:44,0
DA:51,0
DA:58,0
DA:59,0
DA:61,0
LF:25
LH:0
BRDA:5,0,0,0
BRDA:5,0,1,0
BRDA:26,1,0,0
BRDA:26,2,0,0
BRDA:26,2,1,0
BRDA:33,3,0,0
BRDA:40,4,0,0
BRDA:58,5,0,0
BRDA:58,5,1,0
BRDA:59,6,0,0
BRDA:59,6,1,0
BRDA:16,7,0,0
BRDA:16,7,1,0
BRDA:16,8,0,0
BRDA:16,8,1,0
BRF:15
BRH:0
end_of_record
TN:
SF:src/auth/guards/ws-jwt.guard.ts
FN:17,(anonymous_2)
FN:22,(anonymous_3)
FN:45,(anonymous_4)
FNF:3
FNH:0
FNDA:0,(anonymous_2)
FNDA:0,(anonymous_3)
FNDA:0,(anonymous_4)
DA:7,0
DA:8,0
DA:9,0
DA:10,0
DA:14,0
DA:15,0
DA:18,0
DA:19,0
DA:23,0
DA:24,0
DA:25,0
DA:27,0
DA:28,0
DA:31,0
DA:36,0
DA:38,0
DA:40,0
DA:41,0
DA:47,0
DA:48,0
DA:52,0
DA:53,0
DA:57,0
DA:58,0
DA:59,0
DA:60,0
DA:61,0
DA:65,0
LF:28
LH:0
BRDA:27,0,0,0
BRDA:47,1,0,0
BRDA:52,2,0,0
BRDA:58,3,0,0
BRDA:60,4,0,0
BRDA:60,5,0,0
BRDA:60,5,1,0
BRDA:18,6,0,0
BRDA:18,6,1,0
BRDA:18,7,0,0
BRDA:18,7,1,0
BRDA:18,8,0,0
BRDA:18,8,1,0
BRDA:18,9,0,0
BRDA:18,9,1,0
BRF:15
BRH:0
end_of_record
TN:
SF:src/auth/magic-link/magic-link.controller.ts
FN:20,(anonymous_4)
FN:30,(anonymous_5)
FN:52,(anonymous_6)
FNF:3
FNH:0
FNDA:0,(anonymous_4)
FNDA:0,(anonymous_5)
FNDA:0,(anonymous_6)
DA:1,0
DA:11,0
DA:12,0
DA:13,0
DA:14,0
DA:15,0
DA:19,0
DA:20,0
DA:30,0
DA:35,0
DA:52,0
DA:56,0
DA:57,0
DA:59,0
DA:60,0
DA:62,0
LF:16
LH:0
BRDA:59,0,0,0
BRDA:31,1,0,0
BRDA:31,1,1,0
BRDA:31,2,0,0
BRDA:31,2,1,0
BRDA:31,3,0,0
BRDA:31,3,1,0
BRDA:31,4,0,0
BRDA:31,4,1,0
BRDA:34,5,0,0
BRDA:34,5,1,0
BRDA:34,6,0,0
BRDA:34,6,1,0
BRDA:53,7,0,0
BRDA:53,7,1,0
BRDA:53,8,0,0
BRDA:53,8,1,0
BRDA:55,9,0,0
BRDA:55,9,1,0
BRDA:55,10,0,0
BRDA:55,10,1,0
BRDA:20,11,0,0
BRDA:20,11,1,0
BRDA:20,12,0,0
BRDA:20,12,1,0
BRF:25
BRH:0
end_of_record
TN:
SF:src/auth/magic-link/magic-link.service.ts
FN:14,(anonymous_11)
FN:24,(anonymous_12)
FN:101,(anonymous_13)
FN:160,(anonymous_14)
FN:181,(anonymous_15)
FNF:5
FNH:0
FNDA:0,(anonymous_11)
FNDA:0,(anonymous_12)
FNDA:0,(anonymous_13)
FNDA:0,(anonymous_14)
FNDA:0,(anonymous_15)
DA:1,0
DA:2,0
DA:3,0
DA:4,0
DA:5,0
DA:6,0
DA:7,0
DA:10,0
DA:12,0
DA:15,0
DA:16,0
DA:17,0
DA:18,0
DA:19,0
DA:21,0
DA:30,0
DA:31,0
DA:33,0
DA:35,0
DA:39,0
DA:40,0
DA:43,0
DA:48,0
DA:53,0
DA:54,0
DA:60,0
DA:61,0
DA:64,0
DA:66,0
DA:70,0
DA:71,0
DA:74,0
DA:86,0
DA:88,0
DA:94,0
DA:98,0
DA:102,0
DA:106,0
DA:107,0
DA:110,0
DA:111,0
DA:114,0
DA:115,0
DA:119,0
DA:124,0
DA:125,0
DA:129,0
DA:138,0
DA:139,0
DA:142,0
DA:144,0
DA:161,0
DA:180,0
DA:182,0
DA:183,0
LF:55
LH:0
BRDA:33,0,0,0
BRDA:33,0,1,0
BRDA:39,1,0,0
BRDA:39,2,0,0
BRDA:39,2,1,0
BRDA:53,3,0,0
BRDA:60,4,0,0
BRDA:60,5,0,0
BRDA:60,5,1,0
BRDA:64,6,0,0
BRDA:106,7,0,0
BRDA:110,8,0,0
BRDA:114,9,0,0
BRDA:124,10,0,0
BRDA:138,11,0,0
BRDA:138,12,0,0
BRDA:138,12,1,0
BRDA:15,13,0,0
BRDA:15,13,1,0
BRDA:15,14,0,0
BRDA:15,14,1,0
BRDA:15,15,0,0
BRDA:15,15,1,0
BRDA:15,16,0,0
BRDA:15,16,1,0
BRDA:16,17,0,0
BRDA:16,17,1,0
BRDA:16,18,0,0
BRDA:16,18,1,0
BRDA:17,19,0,0
BRDA:17,19,1,0
BRDA:17,20,0,0
BRDA:17,20,1,0
BRDA:18,21,0,0
BRDA:18,21,1,0
BRDA:18,22,0,0
BRDA:18,22,1,0
BRF:37
BRH:0
end_of_record
TN:
SF:src/auth/mfa/mfa.controller.ts
FN:42,(anonymous_4)
FN:51,(anonymous_5)
FN:62,(anonymous_6)
FN:85,(anonymous_7)
FN:102,(anonymous_8)
FN:143,(anonymous_9)
FN:163,(anonymous_10)
FN:184,(anonymous_11)
FN:209,(anonymous_12)
FNF:9
FNH:0
FNDA:0,(anonymous_4)
FNDA:0,(anonymous_5)
FNDA:0,(anonymous_6)
FNDA:0,(anonymous_7)
FNDA:0,(anonymous_8)
FNDA:0,(anonymous_9)
FNDA:0,(anonymous_10)
FNDA:0,(anonymous_11)
FNDA:0,(anonymous_12)
DA:7,0
DA:19,0
DA:20,0
DA:21,0
DA:22,0
DA:23,0
DA:24,0
DA:25,0
DA:26,0
DA:34,0
DA:35,0
DA:41,0
DA:43,0
DA:44,0
DA:45,0
DA:51,0
DA:52,0
DA:62,0
DA:66,0
DA:68,0
DA:85,0
DA:89,0
DA:90,0
DA:102,0
DA:112,0
DA:115,0
DA:116,0
DA:117,0
DA:123,0
DA:126,0
DA:129,0
DA:131,0
DA:132,0
DA:143,0
DA:147,0
DA:148,0
DA:163,0
DA:167,0
DA:168,0
DA:184,0
DA:189,0
DA:197,0
DA:199,0
DA:209,0
DA:212,0
DA:221,0
LF:46
LH:0
BRDA:116,0,0,0
BRDA:51,1,0,0
BRDA:51,1,1,0
BRDA:51,2,0,0
BRDA:51,2,1,0
BRDA:65,3,0,0
BRDA:65,3,1,0
BRDA:65,4,0,0
BRDA:65,4,1,0
BRDA:87,5,0,0
BRDA:87,5,1,0
BRDA:87,6,0,0
BRDA:87,6,1,0
BRDA:88,7,0,0
BRDA:88,7,1,0
BRDA:88,8,0,0
BRDA:88,8,1,0
BRDA:103,9,0,0
BRDA:103,9,1,0
BRDA:103,10,0,0
BRDA:103,10,1,0
BRDA:103,11,0,0
BRDA:103,11,1,0
BRDA:103,12,0,0
BRDA:103,12,1,0
BRDA:105,13,0,0
BRDA:105,13,1,0
BRDA:105,14,0,0
BRDA:105,14,1,0
BRDA:145,15,0,0
BRDA:145,15,1,0
BRDA:145,16,0,0
BRDA:145,16,1,0
BRDA:146,17,0,0
BRDA:146,17,1,0
BRDA:146,18,0,0
BRDA:146,18,1,0
BRDA:165,19,0,0
BRDA:165,19,1,0
BRDA:165,20,0,0
BRDA:165,20,1,0
BRDA:166,21,0,0
BRDA:166,21,1,0
BRDA:166,22,0,0
BRDA:166,22,1,0
BRDA:187,23,0,0
BRDA:187,23,1,0
BRDA:187,24,0,0
BRDA:187,24,1,0
BRDA:211,25,0,0
BRDA:211,25,1,0
BRDA:211,26,0,0
BRDA:211,26,1,0
BRDA:43,27,0,0
BRDA:43,27,1,0
BRDA:43,28,0,0
BRDA:43,28,1,0
BRDA:43,29,0,0
BRDA:43,29,1,0
BRDA:43,30,0,0
BRDA:43,30,1,0
BRDA:44,31,0,0
BRDA:44,31,1,0
BRDA:44,32,0,0
BRDA:44,32,1,0
BRF:65
BRH:0
end_of_record
TN:
SF:src/auth/mfa/mfa.service.ts
FN:47,(anonymous_11)
FN:58,(anonymous_12)
FN:78,(anonymous_13)
FN:93,(anonymous_14)
FN:118,(anonymous_15)
FN:162,(anonymous_16)
FN:203,(anonymous_17)
FN:258,(anonymous_18)
FN:283,(anonymous_19)
FN:289,(anonymous_20)
FN:302,(anonymous_21)
FN:313,(anonymous_22)
FN:341,(anonymous_23)
FN:361,(anonymous_24)
FN:377,(anonymous_25)
FN:389,(anonymous_26)
FN:399,(anonymous_27)
FN:415,(anonymous_28)
FNF:18
FNH:0
FNDA:0,(anonymous_11)
FNDA:0,(anonymous_12)
FNDA:0,(anonymous_13)
FNDA:0,(anonymous_14)
FNDA:0,(anonymous_15)
FNDA:0,(anonymous_16)
FNDA:0,(anonymous_17)
FNDA:0,(anonymous_18)
FNDA:0,(anonymous_19)
FNDA:0,(anonymous_20)
FNDA:0,(anonymous_21)
FNDA:0,(anonymous_22)
FNDA:0,(anonymous_23)
FNDA:0,(anonymous_24)
FNDA:0,(anonymous_25)
FNDA:0,(anonymous_26)
FNDA:0,(anonymous_27)
FNDA:0,(anonymous_28)
DA:11,0
DA:12,0
DA:13,0
DA:14,0
DA:15,0
DA:16,0
DA:17,0
DA:18,0
DA:19,0
DA:39,0
DA:40,0
DA:41,0
DA:42,0
DA:43,0
DA:44,0
DA:45,0
DA:48,0
DA:49,0
DA:50,0
DA:51,0
DA:60,0
DA:65,0
DA:66,0
DA:70,0
DA:77,0
DA:78,0
DA:81,0
DA:84,0
DA:93,0
DA:101,0
DA:107,0
DA:119,0
DA:124,0
DA:125,0
DA:128,0
DA:129,0
DA:133,0
DA:136,0
DA:143,0
DA:144,0
DA:148,0
DA:156,0
DA:163,0
DA:168,0
DA:169,0
DA:173,0
DA:174,0
DA:175,0
DA:176,0
DA:181,0
DA:183,0
DA:190,0
DA:191,0
DA:197,0
DA:204,0
DA:208,0
DA:209,0
DA:213,0
DA:214,0
DA:215,0
DA:219,0
DA:222,0
DA:223,0
DA:226,0
DA:227,0
DA:235,0
DA:236,0
DA:240,0
DA:259,0
DA:264,0
DA:265,0
DA:269,0
DA:270,0
DA:277,0
DA:278,0
DA:282,0
DA:283,0
DA:286,0
DA:289,0
DA:296,0
DA:303,0
DA:307,0
DA:318,0
DA:327,0
DA:328,0
DA:331,0
DA:342,0
DA:362,0
DA:363,0
DA:365,0
DA:367,0
DA:378,0
DA:379,0
DA:382,0
DA:383,0
DA:390,0
DA:391,0
DA:400,0
DA:402,0
DA:404,0
DA:405,0
DA:406,0
DA:409,0
DA:417,0
DA:421,0
DA:422,0
DA:423,0
DA:425,0
DA:429,0
DA:433,0
LF:110
LH:0
BRDA:65,0,0,0
BRDA:124,1,0,0
BRDA:128,2,0,0
BRDA:143,3,0,0
BRDA:168,4,0,0
BRDA:173,5,0,0
BRDA:173,6,0,0
BRDA:173,6,1,0
BRDA:175,7,0,0
BRDA:190,8,0,0
BRDA:208,9,0,0
BRDA:213,10,0,0
BRDA:213,10,1,0
BRDA:214,11,0,0
BRDA:222,12,0,0
BRDA:222,12,1,0
BRDA:222,13,0,0
BRDA:222,13,1,0
BRDA:235,14,0,0
BRDA:264,15,0,0
BRDA:277,16,0,0
BRDA:307,17,0,0
BRDA:307,17,1,0
BRDA:327,18,0,0
BRDA:333,19,0,0
BRDA:333,19,1,0
BRDA:378,20,0,0
BRDA:423,21,0,0
BRDA:48,22,0,0
BRDA:48,22,1,0
BRDA:48,23,0,0
BRDA:48,23,1,0
BRDA:48,24,0,0
BRDA:48,24,1,0
BRDA:48,25,0,0
BRDA:48,25,1,0
BRDA:49,26,0,0
BRDA:49,26,1,0
BRDA:49,27,0,0
BRDA:49,27,1,0
BRDA:50,28,0,0
BRDA:50,28,1,0
BRDA:50,29,0,0
BRDA:50,29,1,0
BRF:44
BRH:0
end_of_record
TN:
SF:src/auth/middleware/tenant-context.middleware.ts
FN:13,(anonymous_2)
FN:18,(anonymous_3)
FN:29,(anonymous_4)
FNF:3
FNH:0
FNDA:0,(anonymous_2)
FNDA:0,(anonymous_3)
FNDA:0,(anonymous_4)
DA:1,0
DA:3,0
DA:4,0
DA:12,0
DA:14,0
DA:15,0
DA:19,0
DA:21,0
DA:22,0
DA:24,0
DA:26,0
DA:29,0
DA:30,0
DA:31,0
DA:32,0
DA:34,0
DA:38,0
DA:42,0
DA:45,0
LF:19
LH:0
BRDA:21,0,0,0
BRDA:21,0,1,0
BRDA:14,1,0,0
BRDA:14,1,1,0
BRDA:14,2,0,0
BRDA:14,2,1,0
BRDA:14,3,0,0
BRDA:14,3,1,0
BRDA:14,4,0,0
BRDA:14,4,1,0
BRF:10
BRH:0
end_of_record
TN:
SF:src/auth/oauth/oauth.controller.ts
FN:11,(anonymous_4)
FN:22,(anonymous_5)
FNF:2
FNH:0
FNDA:0,(anonymous_4)
FNDA:0,(anonymous_5)
DA:1,0
DA:2,0
DA:3,0
DA:4,0
DA:5,0
DA:10,0
DA:11,0
DA:22,0
DA:23,0
LF:9
LH:0
BRDA:22,0,0,0
BRDA:22,0,1,0
BRDA:22,1,0,0
BRDA:22,1,1,0
BRDA:22,2,0,0
BRDA:22,2,1,0
BRDA:22,3,0,0
BRDA:22,3,1,0
BRDA:11,4,0,0
BRDA:11,4,1,0
BRDA:11,5,0,0
BRDA:11,5,1,0
BRF:12
BRH:0
end_of_record
TN:
SF:src/auth/oauth/oauth.service.ts
FN:24,(anonymous_11)
FN:36,(anonymous_12)
FN:67,(anonymous_13)
FN:87,(anonymous_14)
FN:112,(anonymous_15)
FNF:5
FNH:0
FNDA:0,(anonymous_11)
FNDA:0,(anonymous_12)
FNDA:0,(anonymous_13)
FNDA:0,(anonymous_14)
FNDA:0,(anonymous_15)
DA:1,0
DA:2,0
DA:3,0
DA:4,0
DA:5,0
DA:6,0
DA:21,0
DA:25,0
DA:26,0
DA:27,0
DA:28,0
DA:30,0
DA:37,0
DA:38,0
DA:41,0
DA:43,0
DA:44,0
DA:47,0
DA:50,0
DA:53,0
DA:61,0
DA:68,0
DA:69,0
DA:71,0
DA:76,0
DA:78,0
DA:79,0
DA:88,0
DA:92,0
DA:93,0
DA:96,0
DA:98,0
DA:103,0
DA:104,0
DA:109,0
DA:121,0
LF:36
LH:0
BRDA:37,0,0,0
BRDA:43,1,0,0
BRDA:92,2,0,0
BRDA:92,3,0,0
BRDA:92,3,1,0
BRDA:103,4,0,0
BRDA:25,5,0,0
BRDA:25,5,1,0
BRDA:25,6,0,0
BRDA:25,6,1,0
BRDA:25,7,0,0
BRDA:25,7,1,0
BRDA:25,8,0,0
BRDA:25,8,1,0
BRDA:26,9,0,0
BRDA:26,9,1,0
BRDA:26,10,0,0
BRDA:26,10,1,0
BRDA:27,11,0,0
BRDA:27,11,1,0
BRDA:27,12,0,0
BRDA:27,12,1,0
BRF:22
BRH:0
end_of_record
TN:
SF:src/auth/passkey/passkey.controller.ts
FN:25,(anonymous_4)
FN:32,(anonymous_5)
FN:44,(anonymous_6)
FN:62,(anonymous_7)
FN:72,(anonymous_8)
FN:88,(anonymous_9)
FN:107,(anonymous_10)
FNF:7
FNH:0
FNDA:0,(anonymous_4)
FNDA:0,(anonymous_5)
FNDA:0,(anonymous_6)
FNDA:0,(anonymous_7)
FNDA:0,(anonymous_8)
FNDA:0,(anonymous_9)
FNDA:0,(anonymous_10)
DA:1,0
DA:14,0
DA:15,0
DA:16,0
DA:17,0
DA:18,0
DA:19,0
DA:24,0
DA:25,0
DA:32,0
DA:35,0
DA:44,0
DA:49,0
DA:62,0
DA:63,0
DA:72,0
DA:76,0
DA:88,0
DA:97,0
DA:107,0
DA:111,0
LF:21
LH:0
BRDA:34,0,0,0
BRDA:34,0,1,0
BRDA:34,1,0,0
BRDA:34,1,1,0
BRDA:46,2,0,0
BRDA:46,2,1,0
BRDA:46,3,0,0
BRDA:46,3,1,0
BRDA:48,4,0,0
BRDA:48,4,1,0
BRDA:48,5,0,0
BRDA:48,5,1,0
BRDA:62,6,0,0
BRDA:62,6,1,0
BRDA:62,7,0,0
BRDA:62,7,1,0
BRDA:73,8,0,0
BRDA:73,8,1,0
BRDA:73,9,0,0
BRDA:73,9,1,0
BRDA:75,10,0,0
BRDA:75,10,1,0
BRDA:75,11,0,0
BRDA:75,11,1,0
BRDA:88,12,0,0
BRDA:88,12,1,0
BRDA:88,13,0,0
BRDA:88,13,1,0
BRDA:110,14,0,0
BRDA:110,14,1,0
BRDA:110,15,0,0
BRDA:110,15,1,0
BRDA:25,16,0,0
BRDA:25,16,1,0
BRDA:25,17,0,0
BRDA:25,17,1,0
BRF:36
BRH:0
end_of_record
TN:
SF:src/auth/passkey/passkey.service.ts
FN:28,(anonymous_2)
FN:40,(anonymous_3)
FN:58,(anonymous_4)
FN:77,(anonymous_5)
FN:128,(anonymous_6)
FN:143,(anonymous_7)
FN:221,(anonymous_8)
FN:243,(anonymous_9)
FN:257,(anonymous_10)
FNF:9
FNH:0
FNDA:0,(anonymous_2)
FNDA:0,(anonymous_3)
FNDA:0,(anonymous_4)
FNDA:0,(anonymous_5)
FNDA:0,(anonymous_6)
FNDA:0,(anonymous_7)
FNDA:0,(anonymous_8)
FNDA:0,(anonymous_9)
FNDA:0,(anonymous_10)
DA:1,0
DA:7,0
DA:8,0
DA:15,0
DA:16,0
DA:17,0
DA:18,0
DA:19,0
DA:22,0
DA:26,0
DA:29,0
DA:30,0
DA:31,0
DA:32,0
DA:33,0
DA:35,0
DA:36,0
DA:37,0
DA:43,0
DA:48,0
DA:49,0
DA:52,0
DA:58,0
DA:67,0
DA:68,0
DA:74,0
DA:84,0
DA:85,0
DA:86,0
DA:89,0
DA:90,0
DA:91,0
DA:94,0
DA:101,0
DA:102,0
DA:105,0
DA:107,0
DA:121,0
DA:123,0
DA:125,0
DA:132,0
DA:137,0
DA:138,0
DA:140,0
DA:148,0
DA:149,0
DA:150,0
DA:154,0
DA:155,0
DA:164,0
DA:165,0
DA:168,0
DA:169,0
DA:172,0
DA:185,0
DA:186,0
DA:190,0
DA:198,0
DA:200,0
DA:201,0
DA:216,0
DA:218,0
DA:230,0
DA:244,0
DA:248,0
DA:249,0
DA:252,0
DA:254,0
DA:258,0
DA:259,0
DA:260,0
DA:261,0
DA:262,0
DA:263,0
DA:264,0
LF:75
LH:0
BRDA:48,0,0,0
BRDA:85,1,0,0
BRDA:90,2,0,0
BRDA:101,3,0,0
BRDA:101,4,0,0
BRDA:101,4,1,0
BRDA:113,5,0,0
BRDA:113,5,1,0
BRDA:114,6,0,0
BRDA:114,6,1,0
BRDA:115,7,0,0
BRDA:115,7,1,0
BRDA:149,8,0,0
BRDA:164,9,0,0
BRDA:164,10,0,0
BRDA:164,10,1,0
BRDA:168,11,0,0
BRDA:168,12,0,0
BRDA:168,12,1,0
BRDA:181,13,0,0
BRDA:181,13,1,0
BRDA:185,14,0,0
BRDA:248,15,0,0
BRDA:258,16,0,0
BRDA:259,17,0,0
BRDA:260,18,0,0
BRDA:261,19,0,0
BRDA:262,20,0,0
BRDA:263,21,0,0
BRDA:29,22,0,0
BRDA:29,22,1,0
BRDA:29,23,0,0
BRDA:29,23,1,0
BRDA:29,24,0,0
BRDA:29,24,1,0
BRDA:29,25,0,0
BRDA:29,25,1,0
BRDA:30,26,0,0
BRDA:30,26,1,0
BRDA:30,27,0,0
BRDA:30,27,1,0
BRDA:31,28,0,0
BRDA:31,28,1,0
BRDA:31,29,0,0
BRDA:31,29,1,0
BRDA:32,30,0,0
BRDA:32,30,1,0
BRDA:32,31,0,0
BRDA:32,31,1,0
BRF:49
BRH:0
end_of_record
TN:
SF:src/auth/services/auth.service.ts
FN:81,(anonymous_11)
FN:96,(anonymous_12)
FN:114,(anonymous_13)
FN:163,(anonymous_14)
FN:184,(anonymous_15)
FN:232,(anonymous_16)
FN:259,(anonymous_17)
FN:325,(anonymous_18)
FN:366,(anonymous_19)
FN:414,(anonymous_20)
FN:451,(anonymous_21)
FN:461,(anonymous_22)
FN:468,(anonymous_23)
FN:481,(anonymous_24)
FN:499,(anonymous_25)
FN:508,(anonymous_26)
FN:523,(anonymous_27)
FN:549,(anonymous_28)
FN:580,(anonymous_29)
FN:596,(anonymous_30)
FN:615,(anonymous_31)
FN:648,(anonymous_32)
FN:659,(anonymous_33)
FN:679,(anonymous_34)
FN:693,(anonymous_35)
FN:709,(anonymous_36)
FN:733,(anonymous_37)
FN:743,(anonymous_38)
FN:772,(anonymous_39)
FN:801,(anonymous_40)
FNF:30
FNH:0
FNDA:0,(anonymous_11)
FNDA:0,(anonymous_12)
FNDA:0,(anonymous_13)
FNDA:0,(anonymous_14)
FNDA:0,(anonymous_15)
FNDA:0,(anonymous_16)
FNDA:0,(anonymous_17)
FNDA:0,(anonymous_18)
FNDA:0,(anonymous_19)
FNDA:0,(anonymous_20)
FNDA:0,(anonymous_21)
FNDA:0,(anonymous_22)
FNDA:0,(anonymous_23)
FNDA:0,(anonymous_24)
FNDA:0,(anonymous_25)
FNDA:0,(anonymous_26)
FNDA:0,(anonymous_27)
FNDA:0,(anonymous_28)
FNDA:0,(anonymous_29)
FNDA:0,(anonymous_30)
FNDA:0,(anonymous_31)
FNDA:0,(anonymous_32)
FNDA:0,(anonymous_33)
FNDA:0,(anonymous_34)
FNDA:0,(anonymous_35)
FNDA:0,(anonymous_36)
FNDA:0,(anonymous_37)
FNDA:0,(anonymous_38)
FNDA:0,(anonymous_39)
FNDA:0,(anonymous_40)
DA:1,0
DA:3,0
DA:4,0
DA:5,0
DA:6,0
DA:7,0
DA:8,0
DA:9,0
DA:10,0
DA:11,0
DA:12,0
DA:13,0
DA:80,0
DA:82,0
DA:83,0
DA:84,0
DA:85,0
DA:86,0
DA:87,0
DA:88,0
DA:89,0
DA:97,0
DA:100,0
DA:103,0
DA:106,0
DA:107,0
DA:111,0
DA:114,0
DA:115,0
DA:124,0
DA:135,0
DA:139,0
DA:154,0
DA:157,0
DA:167,0
DA:169,0
DA:186,0
DA:190,0
DA:191,0
DA:192,0
DA:196,0
DA:199,0
DA:209,0
DA:210,0
DA:211,0
DA:215,0
DA:220,0
DA:221,0
DA:222,0
DA:226,0
DA:227,0
DA:237,0
DA:261,0
DA:263,0
DA:272,0
DA:273,0
DA:283,0
DA:284,0
DA:287,0
DA:291,0
DA:293,0
DA:294,0
DA:295,0
DA:296,0
DA:297,0
DA:298,0
DA:301,0
DA:302,0
DA:305,0
DA:310,0
DA:312,0
DA:327,0
DA:328,0
DA:332,0
DA:335,0
DA:336,0
DA:339,0
DA:340,0
DA:341,0
DA:342,0
DA:345,0
DA:350,0
DA:351,0
DA:352,0
DA:354,0
DA:357,0
DA:358,0
DA:360,0
DA:370,0
DA:375,0
DA:386,0
DA:387,0
DA:390,0
DA:406,0
DA:415,0
DA:417,0
DA:418,0
DA:419,0
DA:420,0
DA:421,0
DA:426,0
DA:427,0
DA:428,0
DA:429,0
DA:430,0
DA:432,0
DA:433,0
DA:434,0
DA:435,0
DA:444,0
DA:445,0
DA:446,0
DA:462,0
DA:469,0
DA:470,0
DA:471,0
DA:473,0
DA:474,0
DA:475,0
DA:483,0
DA:484,0
DA:488,0
DA:489,0
DA:490,0
DA:493,0
DA:500,0
DA:501,0
DA:509,0
DA:527,0
DA:530,0
DA:531,0
DA:532,0
DA:534,0
DA:535,0
DA:537,0
DA:541,0
DA:542,0
DA:550,0
DA:551,0
DA:555,0
DA:556,0
DA:557,0
DA:560,0
DA:561,0
DA:566,0
DA:567,0
DA:570,0
DA:571,0
DA:581,0
DA:587,0
DA:597,0
DA:598,0
DA:602,0
DA:603,0
DA:606,0
DA:608,0
DA:618,0
DA:623,0
DA:624,0
DA:627,0
DA:649,0
DA:650,0
DA:651,0
DA:653,0
DA:660,0
DA:664,0
DA:665,0
DA:680,0
DA:684,0
DA:685,0
DA:687,0
DA:694,0
DA:703,0
DA:704,0
DA:710,0
DA:716,0
DA:720,0
DA:721,0
DA:722,0
DA:726,0
DA:734,0
DA:752,0
DA:753,0
DA:765,0
DA:773,0
DA:778,0
DA:779,0
DA:782,0
DA:802,0
DA:807,0
DA:808,0
DA:811,0
DA:813,0
DA:817,0
DA:820,0
LF:195
LH:0
BRDA:106,0,0,0
BRDA:190,1,0,0
BRDA:190,2,0,0
BRDA:190,2,1,0
BRDA:209,3,0,0
BRDA:209,4,0,0
BRDA:209,4,1,0
BRDA:217,5,0,0
BRDA:217,5,1,0
BRDA:220,6,0,0
BRDA:226,7,0,0
BRDA:272,8,0,0
BRDA:272,8,1,0
BRDA:291,9,0,0
BRDA:291,9,1,0
BRDA:339,10,0,0
BRDA:341,11,0,0
BRDA:350,12,0,0
BRDA:350,13,0,0
BRDA:350,13,1,0
BRDA:352,14,0,0
BRDA:386,15,0,0
BRDA:386,16,0,0
BRDA:386,16,1,0
BRDA:418,17,0,0
BRDA:418,18,0,0
BRDA:418,18,1,0
BRDA:420,19,0,0
BRDA:426,20,0,0
BRDA:429,21,0,0
BRDA:432,22,0,0
BRDA:432,23,0,0
BRDA:432,23,1,0
BRDA:434,24,0,0
BRDA:444,25,0,0
BRDA:469,26,0,0
BRDA:471,27,0,0
BRDA:474,28,0,0
BRDA:474,28,1,0
BRDA:483,29,0,0
BRDA:489,30,0,0
BRDA:527,31,0,0
BRDA:530,32,0,0
BRDA:530,33,0,0
BRDA:530,33,1,0
BRDA:532,34,0,0
BRDA:550,35,0,0
BRDA:556,36,0,0
BRDA:556,37,0,0
BRDA:556,37,1,0
BRDA:566,38,0,0
BRDA:566,39,0,0
BRDA:566,39,1,0
BRDA:566,39,2,0
BRDA:571,40,0,0
BRDA:571,40,1,0
BRDA:602,41,0,0
BRDA:623,42,0,0
BRDA:623,43,0,0
BRDA:623,43,1,0
BRDA:623,43,2,0
BRDA:649,44,0,0
BRDA:650,45,0,0
BRDA:661,46,0,0
BRDA:661,46,1,0
BRDA:684,47,0,0
BRDA:720,48,0,0
BRDA:761,49,0,0
BRDA:761,49,1,0
BRDA:778,50,0,0
BRDA:778,51,0,0
BRDA:778,51,1,0
BRDA:807,52,0,0
BRDA:811,53,0,0
BRDA:82,54,0,0
BRDA:82,54,1,0
BRDA:82,55,0,0
BRDA:82,55,1,0
BRDA:82,56,0,0
BRDA:82,56,1,0
BRDA:82,57,0,0
BRDA:82,57,1,0
BRDA:83,58,0,0
BRDA:83,58,1,0
BRDA:83,59,0,0
BRDA:83,59,1,0
BRDA:84,60,0,0
BRDA:84,60,1,0
BRDA:84,61,0,0
BRDA:84,61,1,0
BRDA:85,62,0,0
BRDA:85,62,1,0
BRDA:85,63,0,0
BRDA:85,63,1,0
BRDA:86,64,0,0
BRDA:86,64,1,0
BRDA:86,65,0,0
BRDA:86,65,1,0
BRDA:87,66,0,0
BRDA:87,66,1,0
BRDA:87,67,0,0
BRDA:87,67,1,0
BRDA:88,68,0,0
BRDA:88,68,1,0
BRDA:88,69,0,0
BRDA:88,69,1,0
BRF:106
BRH:0
end_of_record
TN:
SF:src/auth/services/jwks.service.ts
FN:52,(anonymous_2)
FN:54,(anonymous_3)
FN:62,(anonymous_4)
FN:69,(anonymous_5)
FN:70,(anonymous_6)
FN:79,(anonymous_7)
FN:80,(anonymous_8)
FN:88,(anonymous_9)
FN:90,(anonymous_10)
FN:98,(anonymous_11)
FN:106,(anonymous_12)
FN:119,(anonymous_13)
FN:137,(anonymous_14)
FN:166,(anonymous_15)
FN:193,(anonymous_16)
FN:241,(anonymous_17)
FN:257,(anonymous_18)
FN:263,(anonymous_19)
FNF:18
FNH:0
FNDA:0,(anonymous_2)
FNDA:0,(anonymous_3)
FNDA:0,(anonymous_4)
FNDA:0,(anonymous_5)
FNDA:0,(anonymous_6)
FNDA:0,(anonymous_7)
FNDA:0,(anonymous_8)
FNDA:0,(anonymous_9)
FNDA:0,(anonymous_10)
FNDA:0,(anonymous_11)
FNDA:0,(anonymous_12)
FNDA:0,(anonymous_13)
FNDA:0,(anonymous_14)
FNDA:0,(anonymous_15)
FNDA:0,(anonymous_16)
FNDA:0,(anonymous_17)
FNDA:0,(anonymous_18)
FNDA:0,(anonymous_19)
DA:1,0
DA:2,0
DA:3,0
DA:47,0
DA:48,0
DA:49,0
DA:50,0
DA:52,0
DA:55,0
DA:63,0
DA:70,0
DA:71,0
DA:72,0
DA:80,0
DA:81,0
DA:89,0
DA:90,0
DA:100,0
DA:101,0
DA:105,0
DA:106,0
DA:109,0
DA:110,0
DA:112,0
DA:128,0
DA:129,0
DA:135,0
DA:138,0
DA:140,0
DA:141,0
DA:142,0
DA:144,0
DA:146,0
DA:147,0
DA:150,0
DA:151,0
DA:152,0
DA:155,0
DA:157,0
DA:172,0
DA:173,0
DA:179,0
DA:180,0
DA:181,0
DA:184,0
DA:194,0
DA:196,0
DA:198,0
DA:199,0
DA:203,0
DA:205,0
DA:207,0
DA:215,0
DA:216,0
DA:218,0
DA:219,0
DA:223,0
DA:225,0
DA:226,0
DA:227,0
DA:228,0
DA:229,0
DA:233,0
DA:234,0
DA:242,0
DA:246,0
DA:248,0
DA:258,0
DA:260,0
DA:264,0
DA:265,0
LF:71
LH:0
BRDA:71,0,0,0
BRDA:81,1,0,0
BRDA:81,1,1,0
BRDA:128,2,0,0
BRDA:144,3,0,0
BRDA:147,4,0,0
BRDA:147,4,1,0
BRDA:151,5,0,0
BRDA:157,6,0,0
BRDA:157,6,1,0
BRDA:172,7,0,0
BRDA:180,8,0,0
BRDA:196,9,0,0
BRDA:196,9,1,0
BRDA:225,10,0,0
BRDA:225,10,1,0
BRDA:52,11,0,0
BRDA:52,11,1,0
BRDA:52,12,0,0
BRDA:52,12,1,0
BRF:20
BRH:0
end_of_record
TN:
SF:src/auth/services/login-throttle.service.ts
FN:28,(anonymous_2)
FN:34,(anonymous_3)
FN:53,(anonymous_4)
FN:69,(anonymous_5)
FN:79,(anonymous_6)
FN:90,(anonymous_7)
FNF:6
FNH:0
FNDA:0,(anonymous_2)
FNDA:0,(anonymous_3)
FNDA:0,(anonymous_4)
FNDA:0,(anonymous_5)
FNDA:0,(anonymous_6)
FNDA:0,(anonymous_7)
DA:1,0
DA:2,0
DA:17,0
DA:18,0
DA:19,0
DA:22,0
DA:28,0
DA:35,0
DA:37,0
DA:38,0
DA:39,0
DA:41,0
DA:42,0
DA:43,0
DA:47,0
DA:54,0
DA:56,0
DA:57,0
DA:58,0
DA:59,0
DA:61,0
DA:63,0
DA:70,0
DA:72,0
DA:73,0
DA:80,0
DA:81,0
DA:92,0
LF:28
LH:0
BRDA:35,0,0,0
BRDA:39,1,0,0
BRDA:39,1,1,0
BRDA:42,2,0,0
BRDA:54,3,0,0
BRDA:58,4,0,0
BRDA:58,4,1,0
BRDA:70,5,0,0
BRDA:28,6,0,0
BRDA:28,6,1,0
BRDA:28,7,0,0
BRDA:28,7,1,0
BRF:12
BRH:0
end_of_record
TN:
SF:src/auth/services/password-policy.service.ts
FN:17,(anonymous_1)
FN:57,(anonymous_2)
FN:104,(anonymous_3)
FN:134,(anonymous_4)
FN:175,(anonymous_5)
FN:191,(anonymous_6)
FNF:6
FNH:0
FNDA:0,(anonymous_1)
FNDA:0,(anonymous_2)
FNDA:0,(anonymous_3)
FNDA:0,(anonymous_4)
FNDA:0,(anonymous_5)
FNDA:0,(anonymous_6)
DA:1,0
DA:2,0
DA:17,0
DA:18,0
DA:20,0
DA:21,0
DA:22,0
DA:25,0
DA:62,0
DA:65,0
DA:66,0
DA:71,0
DA:72,0
DA:78,0
DA:79,0
DA:83,0
DA:84,0
DA:90,0
DA:91,0
DA:95,0
DA:96,0
DA:104,0
DA:106,0
DA:107,0
DA:108,0
DA:116,0
DA:117,0
DA:118,0
DA:124,0
DA:126,0
DA:135,0
DA:136,0
DA:137,0
DA:138,0
DA:140,0
DA:145,0
DA:147,0
DA:148,0
DA:151,0
DA:152,0
DA:153,0
DA:154,0
DA:155,0
DA:156,0
DA:157,0
DA:158,0
DA:163,0
DA:166,0
DA:167,0
DA:176,0
DA:177,0
DA:178,0
DA:179,0
DA:180,0
DA:181,0
DA:183,0
DA:185,0
DA:186,0
DA:187,0
DA:192,0
DA:193,0
DA:194,0
DA:195,0
DA:196,0
DA:197,0
DA:198,0
DA:200,0
LF:67
LH:0
BRDA:65,0,0,0
BRDA:71,1,0,0
BRDA:78,2,0,0
BRDA:83,3,0,0
BRDA:90,4,0,0
BRDA:95,5,0,0
BRDA:107,6,0,0
BRDA:107,7,0,0
BRDA:107,7,1,0
BRDA:117,8,0,0
BRDA:145,9,0,0
BRDA:155,10,0,0
BRDA:157,11,0,0
BRDA:177,12,0,0
BRDA:178,13,0,0
BRDA:179,14,0,0
BRDA:179,15,0,0
BRDA:179,15,1,0
BRDA:180,16,0,0
BRDA:181,17,0,0
BRDA:183,18,0,0
BRDA:185,19,0,0
BRDA:186,20,0,0
BRDA:192,21,0,0
BRDA:197,22,0,0
BRDA:198,23,0,0
BRDA:200,24,0,0
BRDA:200,24,1,0
BRF:28
BRH:0
end_of_record
TN:
SF:src/auth/services/risk-assessment.service.ts
FN:43,(anonymous_2)
FN:54,(anonymous_3)
FN:112,(anonymous_4)
FN:173,(anonymous_5)
FN:234,(anonymous_6)
FN:301,(anonymous_7)
FN:343,(anonymous_8)
FN:356,(anonymous_9)
FN:375,(anonymous_10)
FN:382,(anonymous_11)
FNF:10
FNH:0
FNDA:0,(anonymous_2)
FNDA:0,(anonymous_3)
FNDA:0,(anonymous_4)
FNDA:0,(anonymous_5)
FNDA:0,(anonymous_6)
FNDA:0,(anonymous_7)
FNDA:0,(anonymous_8)
FNDA:0,(anonymous_9)
FNDA:0,(anonymous_10)
FNDA:0,(anonymous_11)
DA:1,0
DA:2,0
DA:3,0
DA:32,0
DA:33,0
DA:37,0
DA:43,0
DA:55,0
DA:56,0
DA:59,0
DA:60,0
DA:61,0
DA:64,0
DA:65,0
DA:66,0
DA:69,0
DA:70,0
DA:71,0
DA:74,0
DA:75,0
DA:76,0
DA:79,0
DA:82,0
DA:83,0
DA:84,0
DA:85,0
DA:87,0
DA:96,0
DA:97,0
DA:102,0
DA:114,0
DA:116,0
DA:120,0
DA:122,0
DA:126,0
DA:127,0
DA:134,0
DA:141,0
DA:142,0
DA:150,0
DA:151,0
DA:159,0
DA:175,0
DA:183,0
DA:184,0
DA:192,0
DA:193,0
DA:194,0
DA:203,0
DA:204,0
DA:211,0
DA:212,0
DA:219,0
DA:236,0
DA:238,0
DA:248,0
DA:249,0
DA:257,0
DA:258,0
DA:267,0
DA:268,0
DA:270,0
DA:272,0
DA:274,0
DA:276,0
DA:283,0
DA:290,0
DA:302,0
DA:303,0
DA:306,0
DA:307,0
DA:315,0
DA:316,0
DA:324,0
DA:325,0
DA:332,0
DA:344,0
DA:357,0
DA:363,0
DA:372,0
DA:376,0
DA:377,0
DA:378,0
DA:379,0
DA:383,0
DA:384,0
DA:385,0
DA:386,0
DA:387,0
DA:389,0
DA:390,0
DA:391,0
DA:392,0
DA:393,0
DA:394,0
DA:396,0
LF:96
LH:0
BRDA:96,0,0,0
BRDA:114,1,0,0
BRDA:114,1,1,0
BRDA:120,2,0,0
BRDA:126,3,0,0
BRDA:141,4,0,0
BRDA:150,5,0,0
BRDA:150,6,0,0
BRDA:150,6,1,0
BRDA:183,7,0,0
BRDA:193,8,0,0
BRDA:211,9,0,0
BRDA:248,10,0,0
BRDA:248,11,0,0
BRDA:248,11,1,0
BRDA:257,12,0,0
BRDA:270,13,0,0
BRDA:274,14,0,0
BRDA:315,15,0,0
BRDA:324,16,0,0
BRDA:324,17,0,0
BRDA:324,17,1,0
BRDA:343,18,0,0
BRDA:376,19,0,0
BRDA:377,20,0,0
BRDA:378,21,0,0
BRDA:384,22,0,0
BRDA:384,22,1,0
BRDA:385,23,0,0
BRDA:385,23,1,0
BRDA:386,24,0,0
BRDA:386,24,1,0
BRDA:387,25,0,0
BRDA:390,26,0,0
BRDA:390,26,1,0
BRDA:390,27,0,0
BRDA:390,27,1,0
BRDA:391,28,0,0
BRDA:391,28,1,0
BRDA:392,29,0,0
BRDA:392,29,1,0
BRDA:393,30,0,0
BRDA:393,30,1,0
BRDA:394,31,0,0
BRDA:43,32,0,0
BRDA:43,32,1,0
BRDA:43,33,0,0
BRDA:43,33,1,0
BRF:48
BRH:0
end_of_record
TN:
SF:src/auth/services/security-activity.service.ts
FN:4,(anonymous_2)
FN:68,(anonymous_3)
FN:73,(anonymous_4)
FN:98,(anonymous_5)
FN:128,(anonymous_6)
FN:150,(anonymous_7)
FN:221,(anonymous_8)
FN:252,(anonymous_9)
FNF:8
FNH:0
FNDA:0,(anonymous_2)
FNDA:0,(anonymous_3)
FNDA:0,(anonymous_4)
FNDA:0,(anonymous_5)
FNDA:0,(anonymous_6)
FNDA:0,(anonymous_7)
FNDA:0,(anonymous_8)
FNDA:0,(anonymous_9)
DA:1,0
DA:2,0
DA:4,0
DA:5,0
DA:6,0
DA:7,0
DA:8,0
DA:9,0
DA:10,0
DA:11,0
DA:12,0
DA:13,0
DA:14,0
DA:15,0
DA:16,0
DA:17,0
DA:18,0
DA:19,0
DA:20,0
DA:21,0
DA:22,0
DA:23,0
DA:24,0
DA:25,0
DA:26,0
DA:27,0
DA:28,0
DA:29,0
DA:67,0
DA:68,0
DA:82,0
DA:105,0
DA:106,0
DA:107,0
DA:109,0
DA:114,0
DA:115,0
DA:118,0
DA:128,0
DA:139,0
DA:151,0
DA:154,0
DA:200,0
DA:201,0
DA:202,0
DA:203,0
DA:204,0
DA:205,0
DA:209,0
DA:222,0
DA:224,0
DA:225,0
DA:226,0
DA:227,0
DA:228,0
DA:230,0
DA:231,0
DA:232,0
DA:233,0
DA:234,0
DA:235,0
DA:236,0
DA:237,0
DA:238,0
DA:239,0
DA:240,0
DA:241,0
DA:242,0
DA:243,0
DA:244,0
DA:245,0
DA:246,0
DA:249,0
DA:253,0
DA:254,0
DA:255,0
DA:256,0
DA:257,0
LF:78
LH:0
BRDA:4,0,0,0
BRDA:4,0,1,0
BRDA:90,1,0,0
BRDA:90,1,1,0
BRDA:105,2,0,0
BRDA:105,2,1,0
BRDA:106,3,0,0
BRDA:106,3,1,0
BRDA:114,4,0,0
BRDA:114,5,0,0
BRDA:114,5,1,0
BRDA:202,6,0,0
BRDA:202,6,1,0
BRDA:202,7,0,0
BRDA:202,7,1,0
BRDA:204,8,0,0
BRDA:214,9,0,0
BRDA:214,9,1,0
BRDA:222,10,0,0
BRDA:225,11,0,0
BRDA:225,11,1,0
BRDA:226,12,0,0
BRDA:226,12,1,0
BRDA:227,13,0,0
BRDA:227,13,1,0
BRDA:227,14,0,0
BRDA:227,14,1,0
BRDA:228,15,0,0
BRDA:232,16,0,0
BRDA:232,16,1,0
BRDA:235,17,0,0
BRDA:235,17,1,0
BRDA:238,18,0,0
BRDA:238,18,1,0
BRDA:240,19,0,0
BRDA:240,19,1,0
BRDA:241,20,0,0
BRDA:241,20,1,0
BRDA:241,21,0,0
BRDA:241,21,1,0
BRDA:243,22,0,0
BRDA:243,22,1,0
BRDA:245,23,0,0
BRDA:253,24,0,0
BRDA:256,25,0,0
BRDA:256,26,0,0
BRDA:256,26,1,0
BRDA:258,27,0,0
BRDA:258,27,1,0
BRDA:259,28,0,0
BRDA:259,28,1,0
BRDA:68,29,0,0
BRDA:68,29,1,0
BRDA:68,30,0,0
BRDA:68,30,1,0
BRF:55
BRH:0
end_of_record
TN:
SF:src/auth/services/session.service.ts
FN:24,(anonymous_2)
FN:33,(anonymous_3)
FN:94,(anonymous_4)
FN:107,(anonymous_5)
FN:125,(anonymous_6)
FN:166,(anonymous_7)
FN:190,(anonymous_8)
FN:196,(anonymous_9)
FN:204,(anonymous_10)
FN:243,(anonymous_11)
FNF:10
FNH:0
FNDA:0,(anonymous_2)
FNDA:0,(anonymous_3)
FNDA:0,(anonymous_4)
FNDA:0,(anonymous_5)
FNDA:0,(anonymous_6)
FNDA:0,(anonymous_7)
FNDA:0,(anonymous_8)
FNDA:0,(anonymous_9)
FNDA:0,(anonymous_10)
FNDA:0,(anonymous_11)
DA:1,0
DA:2,0
DA:3,0
DA:4,0
DA:21,0
DA:22,0
DA:25,0
DA:26,0
DA:41,0
DA:43,0
DA:46,0
DA:47,0
DA:51,0
DA:52,0
DA:65,0
DA:75,0
DA:88,0
DA:95,0
DA:107,0
DA:126,0
DA:130,0
DA:131,0
DA:135,0
DA:145,0
DA:146,0
DA:147,0
DA:148,0
DA:149,0
DA:150,0
DA:151,0
DA:152,0
DA:160,0
DA:167,0
DA:181,0
DA:183,0
DA:184,0
DA:191,0
DA:211,0
DA:212,0
DA:213,0
DA:214,0
DA:215,0
DA:216,0
DA:219,0
DA:220,0
DA:221,0
DA:222,0
DA:223,0
DA:224,0
DA:225,0
DA:226,0
DA:227,0
DA:228,0
DA:229,0
DA:230,0
DA:231,0
DA:232,0
DA:233,0
DA:235,0
DA:237,0
DA:245,0
DA:246,0
LF:62
LH:0
BRDA:51,0,0,0
BRDA:51,0,1,0
BRDA:109,1,0,0
BRDA:109,1,1,0
BRDA:109,2,0,0
BRDA:109,2,1,0
BRDA:110,3,0,0
BRDA:110,3,1,0
BRDA:111,4,0,0
BRDA:111,4,1,0
BRDA:112,5,0,0
BRDA:112,5,1,0
BRDA:114,6,0,0
BRDA:114,6,1,0
BRDA:115,7,0,0
BRDA:115,7,1,0
BRDA:130,8,0,0
BRDA:147,9,0,0
BRDA:149,10,0,0
BRDA:149,11,0,0
BRDA:149,11,1,0
BRDA:151,12,0,0
BRDA:212,13,0,0
BRDA:212,13,1,0
BRDA:213,14,0,0
BRDA:213,14,1,0
BRDA:213,15,0,0
BRDA:213,15,1,0
BRDA:214,16,0,0
BRDA:214,16,1,0
BRDA:214,17,0,0
BRDA:214,17,1,0
BRDA:215,18,0,0
BRDA:215,18,1,0
BRDA:215,19,0,0
BRDA:215,19,1,0
BRDA:216,20,0,0
BRDA:221,21,0,0
BRDA:221,21,1,0
BRDA:224,22,0,0
BRDA:224,22,1,0
BRDA:227,23,0,0
BRDA:227,23,1,0
BRDA:229,24,0,0
BRDA:229,24,1,0
BRDA:230,25,0,0
BRDA:230,25,1,0
BRDA:230,26,0,0
BRDA:230,26,1,0
BRDA:231,27,0,0
BRDA:231,27,1,0
BRDA:232,28,0,0
BRDA:232,28,1,0
BRDA:233,29,0,0
BRDA:25,30,0,0
BRDA:25,30,1,0
BRDA:25,31,0,0
BRDA:25,31,1,0
BRDA:25,32,0,0
BRDA:25,32,1,0
BRDA:25,33,0,0
BRDA:25,33,1,0
BRF:62
BRH:0
end_of_record
TN:
SF:src/auth/services/sms-otp.service.ts
FN:42,(anonymous_11)
FN:52,(anonymous_12)
FN:123,(anonymous_13)
FN:187,(anonymous_14)
FN:195,(anonymous_15)
FN:220,(anonymous_16)
FNF:6
FNH:0
FNDA:0,(anonymous_11)
FNDA:0,(anonymous_12)
FNDA:0,(anonymous_13)
FNDA:0,(anonymous_14)
FNDA:0,(anonymous_15)
FNDA:0,(anonymous_16)
DA:1,0
DA:2,0
DA:3,0
DA:4,0
DA:5,0
DA:6,0
DA:33,0
DA:34,0
DA:35,0
DA:36,0
DA:39,0
DA:40,0
DA:43,0
DA:44,0
DA:45,0
DA:53,0
DA:56,0
DA:59,0
DA:62,0
DA:65,0
DA:68,0
DA:71,0
DA:84,0
DA:99,0
DA:102,0
DA:104,0
DA:105,0
DA:106,0
DA:109,0
DA:113,0
DA:124,0
DA:127,0
DA:137,0
DA:138,0
DA:142,0
DA:144,0
DA:148,0
DA:152,0
DA:154,0
DA:156,0
DA:161,0
DA:163,0
DA:167,0
DA:174,0
DA:179,0
DA:181,0
DA:188,0
DA:189,0
DA:196,0
DA:198,0
DA:207,0
DA:208,0
DA:211,0
DA:221,0
LF:54
LH:0
BRDA:104,0,0,0
BRDA:137,1,0,0
BRDA:142,2,0,0
BRDA:154,3,0,0
BRDA:207,4,0,0
BRDA:43,5,0,0
BRDA:43,5,1,0
BRDA:43,6,0,0
BRDA:43,6,1,0
BRDA:43,7,0,0
BRDA:43,7,1,0
BRDA:43,8,0,0
BRDA:43,8,1,0
BRDA:44,9,0,0
BRDA:44,9,1,0
BRDA:44,10,0,0
BRDA:44,10,1,0
BRF:17
BRH:0
end_of_record
TN:
SF:src/auth/services/token-blacklist.service.ts
FN:11,(anonymous_2)
FN:17,(anonymous_3)
FN:27,(anonymous_4)
FN:38,(anonymous_5)
FN:47,(anonymous_6)
FN:61,(anonymous_7)
FN:83,(anonymous_8)
FN:92,(anonymous_9)
FNF:8
FNH:0
FNDA:0,(anonymous_2)
FNDA:0,(anonymous_3)
FNDA:0,(anonymous_4)
FNDA:0,(anonymous_5)
FNDA:0,(anonymous_6)
FNDA:0,(anonymous_7)
FNDA:0,(anonymous_8)
FNDA:0,(anonymous_9)
DA:1,0
DA:2,0
DA:5,0
DA:8,0
DA:9,0
DA:11,0
DA:18,0
DA:19,0
DA:20,0
DA:21,0
DA:28,0
DA:29,0
DA:30,0
DA:31,0
DA:39,0
DA:40,0
DA:41,0
DA:48,0
DA:49,0
DA:50,0
DA:51,0
DA:52,0
DA:62,0
DA:63,0
DA:66,0
DA:67,0
DA:68,0
DA:71,0
DA:75,0
DA:76,0
DA:84,0
DA:85,0
DA:86,0
DA:93,0
DA:94,0
DA:95,0
DA:96,0
LF:37
LH:0
BRDA:18,0,0,0
BRDA:28,1,0,0
BRDA:29,2,0,0
BRDA:39,3,0,0
BRDA:48,4,0,0
BRDA:49,5,0,0
BRDA:51,6,0,0
BRDA:62,7,0,0
BRDA:62,8,0,0
BRDA:62,8,1,0
BRDA:63,9,0,0
BRDA:67,10,0,0
BRDA:84,11,0,0
BRDA:93,12,0,0
BRDA:94,13,0,0
BRDA:11,14,0,0
BRDA:11,14,1,0
BRDA:11,15,0,0
BRDA:11,15,1,0
BRF:19
BRH:0
end_of_record
TN:
SF:src/auth/services/trusted-device.service.ts
FN:8,(anonymous_2)
FN:14,(anonymous_3)
FN:32,(anonymous_4)
FN:85,(anonymous_5)
FN:123,(anonymous_6)
FN:146,(anonymous_7)
FN:154,(anonymous_8)
FN:174,(anonymous_9)
FN:193,(anonymous_10)
FN:206,(anonymous_11)
FN:238,(anonymous_12)
FN:257,(anonymous_13)
FN:266,(anonymous_14)
FN:276,(anonymous_15)
FNF:14
FNH:0
FNDA:0,(anonymous_2)
FNDA:0,(anonymous_3)
FNDA:0,(anonymous_4)
FNDA:0,(anonymous_5)
FNDA:0,(anonymous_6)
FNDA:0,(anonymous_7)
FNDA:0,(anonymous_8)
FNDA:0,(anonymous_9)
FNDA:0,(anonymous_10)
FNDA:0,(anonymous_11)
FNDA:0,(anonymous_12)
FNDA:0,(anonymous_13)
FNDA:0,(anonymous_14)
FNDA:0,(anonymous_15)
DA:1,0
DA:2,0
DA:3,0
DA:7,0
DA:8,0
DA:15,0
DA:16,0
DA:18,0
DA:19,0
DA:20,0
DA:21,0
DA:22,0
DA:26,0
DA:39,0
DA:40,0
DA:41,0
DA:42,0
DA:43,0
DA:45,0
DA:49,0
DA:50,0
DA:60,0
DA:63,0
DA:78,0
DA:90,0
DA:92,0
DA:96,0
DA:97,0
DA:100,0
DA:101,0
DA:106,0
DA:108,0
DA:116,0
DA:124,0
DA:128,0
DA:129,0
DA:132,0
DA:133,0
DA:136,0
DA:137,0
DA:140,0
DA:147,0
DA:152,0
DA:154,0
DA:175,0
DA:179,0
DA:180,0
DA:183,0
DA:194,0
DA:199,0
DA:207,0
DA:211,0
DA:212,0
DA:215,0
DA:225,0
DA:244,0
DA:258,0
DA:259,0
DA:260,0
DA:261,0
DA:262,0
DA:263,0
DA:267,0
DA:268,0
DA:269,0
DA:270,0
DA:271,0
DA:272,0
DA:273,0
DA:277,0
DA:278,0
DA:279,0
DA:280,0
DA:282,0
LF:74
LH:0
BRDA:19,0,0,0
BRDA:49,1,0,0
BRDA:55,2,0,0
BRDA:55,2,1,0
BRDA:56,3,0,0
BRDA:56,3,1,0
BRDA:88,4,0,0
BRDA:96,5,0,0
BRDA:100,6,0,0
BRDA:128,7,0,0
BRDA:132,8,0,0
BRDA:136,9,0,0
BRDA:164,10,0,0
BRDA:164,10,1,0
BRDA:164,10,2,0
BRDA:179,11,0,0
[...]
BRDA:45,2,0,0
BRDA:45,2,1,0
BRDA:51,3,0,0
BRDA:54,4,0,0
BRDA:57,5,0,0
BRDA:79,6,0,0
BRDA:100,7,0,0
BRDA:121,8,0,0
BRDA:137,9,0,0
BRDA:141,10,0,0
BRDA:158,11,0,0
BRDA:14,12,0,0
BRDA:14,12,1,0
BRDA:14,13,0,0
BRDA:14,13,1,0
BRF:19
BRH:0
end_of_record
TN:
SF:src/vehicle-history/vehicle-history.controller.ts
FN:14,(anonymous_4)
FN:21,(anonymous_5)
FN:34,(anonymous_6)
FN:48,(anonymous_7)
FNF:4
FNH:0
FNDA:0,(anonymous_4)
FNDA:0,(anonymous_5)
FNDA:0,(anonymous_6)
FNDA:0,(anonymous_7)
DA:1,0
DA:2,0
DA:3,0
DA:4,0
DA:5,0
DA:6,0
DA:7,0
DA:13,0
DA:14,0
DA:21,0
DA:25,0
DA:26,0
DA:34,0
DA:39,0
DA:40,0
DA:48,0
DA:53,0
DA:54,0
LF:18
LH:0
BRDA:24,0,0,0
BRDA:24,0,1,0
BRDA:24,1,0,0
BRDA:24,1,1,0
BRDA:37,2,0,0
BRDA:37,2,1,0
BRDA:37,3,0,0
BRDA:37,3,1,0
BRDA:38,4,0,0
BRDA:38,4,1,0
BRDA:38,5,0,0
BRDA:38,5,1,0
BRDA:51,6,0,0
BRDA:51,6,1,0
BRDA:51,7,0,0
BRDA:51,7,1,0
BRDA:52,8,0,0
BRDA:52,8,1,0
BRDA:52,9,0,0
BRDA:52,9,1,0
BRDA:14,10,0,0
BRDA:14,10,1,0
BRDA:14,11,0,0
BRDA:14,11,1,0
BRF:24
BRH:0
end_of_record
TN:
SF:src/vehicle-history/vehicle-history.service.ts
FN:23,(anonymous_2)
FN:28,(anonymous_3)
FN:44,(anonymous_4)
FN:52,(anonymous_5)
FN:62,(anonymous_6)
FN:85,(anonymous_7)
FN:114,(anonymous_8)
FN:135,(anonymous_9)
FN:150,(anonymous_10)
FNF:9
FNH:0
FNDA:0,(anonymous_2)
FNDA:0,(anonymous_3)
FNDA:0,(anonymous_4)
FNDA:0,(anonymous_5)
FNDA:0,(anonymous_6)
FNDA:0,(anonymous_7)
FNDA:0,(anonymous_8)
FNDA:0,(anonymous_9)
FNDA:0,(anonymous_10)
DA:1,0
DA:2,0
DA:3,0
DA:22,0
DA:23,0
DA:29,0
DA:31,0
DA:43,0
DA:44,0
DA:46,0
DA:57,0
DA:59,0
DA:60,0
DA:62,0
DA:77,0
DA:79,0
DA:90,0
DA:92,0
DA:108,0
DA:115,0
DA:135,0
DA:151,0
DA:156,0
DA:157,0
LF:24
LH:0
BRDA:65,0,0,0
BRDA:65,0,1,0
BRDA:70,1,0,0
BRDA:70,1,1,0
BRDA:71,2,0,0
BRDA:71,2,1,0
BRDA:72,3,0,0
BRDA:72,3,1,0
BRDA:73,4,0,0
BRDA:73,4,1,0
BRDA:96,5,0,0
BRDA:96,5,1,0
BRDA:101,6,0,0
BRDA:101,6,1,0
BRDA:102,7,0,0
BRDA:102,7,1,0
BRDA:103,8,0,0
BRDA:103,8,1,0
BRDA:104,9,0,0
BRDA:104,9,1,0
BRDA:139,10,0,0
BRDA:139,10,1,0
BRDA:140,11,0,0
BRDA:140,11,1,0
BRDA:140,11,2,0
BRDA:156,12,0,0
BRDA:23,13,0,0
BRDA:23,13,1,0
BRDA:23,14,0,0
BRDA:23,14,1,0
BRF:30
BRH:0
end_of_record
TN:
SF:src/voice/controllers/voice-webhook.controller.ts
FN:25,(anonymous_13)
FN:48,(anonymous_14)
FN:87,(anonymous_15)
FN:110,(anonymous_16)
FN:117,(anonymous_17)
FN:155,(anonymous_18)
FNF:6
FNH:0
FNDA:0,(anonymous_13)
FNDA:0,(anonymous_14)
FNDA:0,(anonymous_15)
FNDA:0,(anonymous_16)
FNDA:0,(anonymous_17)
FNDA:0,(anonymous_18)
DA:1,0
DA:10,0
DA:11,0
DA:12,0
DA:13,0
DA:14,0
DA:22,0
DA:23,0
DA:26,0
DA:27,0
DA:48,0
DA:54,0
DA:55,0
DA:59,0
DA:60,0
DA:64,0
DA:65,0
DA:66,0
DA:72,0
DA:87,0
DA:92,0
DA:93,0
DA:96,0
DA:98,0
DA:110,0
DA:111,0
DA:122,0
DA:124,0
DA:125,0
DA:126,0
DA:129,0
DA:130,0
DA:134,0
DA:139,0
DA:145,0
DA:146,0
DA:148,0
DA:156,0
DA:157,0
DA:160,0
DA:161,0
DA:162,0
DA:165,0
DA:166,0
DA:169,0
LF:45
LH:0
BRDA:54,0,0,0
BRDA:59,1,0,0
BRDA:92,2,0,0
BRDA:124,3,0,0
BRDA:129,4,0,0
BRDA:134,5,0,0
BRDA:134,5,1,0
BRDA:156,6,0,0
BRDA:161,7,0,0
BRDA:49,8,0,0
BRDA:49,8,1,0
BRDA:49,9,0,0
BRDA:49,9,1,0
BRDA:52,10,0,0
BRDA:52,10,1,0
BRDA:52,11,0,0
BRDA:52,11,1,0
BRDA:88,12,0,0
BRDA:88,12,1,0
BRDA:88,13,0,0
BRDA:88,13,1,0
BRDA:90,14,0,0
BRDA:90,14,1,0
BRDA:90,15,0,0
BRDA:90,15,1,0
BRDA:110,16,0,0
BRDA:110,16,1,0
BRDA:110,17,0,0
BRDA:110,17,1,0
BRDA:26,18,0,0
BRDA:26,18,1,0
BRDA:26,19,0,0
BRDA:26,19,1,0
BRDA:26,20,0,0
BRDA:26,20,1,0
BRDA:26,21,0,0
BRDA:26,21,1,0
BRF:37
BRH:0
end_of_record
TN:
SF:src/voice/listeners/voice-event.listener.ts
FN:8,(anonymous_2)
FN:14,(anonymous_3)
FN:39,(anonymous_4)
FN:63,(anonymous_5)
FNF:4
FNH:0
FNDA:0,(anonymous_2)
FNDA:0,(anonymous_3)
FNDA:0,(anonymous_4)
FNDA:0,(anonymous_5)
DA:1,0
DA:2,0
DA:3,0
DA:4,0
DA:7,0
DA:9,0
DA:10,0
DA:14,0
DA:21,0
DA:27,0
DA:39,0
DA:45,0
DA:51,0
DA:63,0
DA:69,0
DA:75,0
LF:16
LH:0
BRDA:9,0,0,0
BRDA:9,0,1,0
BRDA:9,1,0,0
BRDA:9,1,1,0
BRDA:9,2,0,0
BRDA:9,2,1,0
BRDA:9,3,0,0
BRDA:9,3,1,0
BRF:8
BRH:0
end_of_record
TN:
SF:src/voice/services/ai-voice-transparency.service.ts
FN:38,(anonymous_2)
FN:43,(anonymous_3)
FN:82,(anonymous_4)
FN:107,(anonymous_5)
FN:146,(anonymous_6)
FN:163,(anonymous_7)
FN:175,(anonymous_8)
FN:206,(anonymous_9)
FN:218,(anonymous_10)
FN:269,(anonymous_11)
FN:285,(anonymous_12)
FNF:11
FNH:0
FNDA:0,(anonymous_2)
FNDA:0,(anonymous_3)
FNDA:0,(anonymous_4)
FNDA:0,(anonymous_5)
FNDA:0,(anonymous_6)
FNDA:0,(anonymous_7)
FNDA:0,(anonymous_8)
FNDA:0,(anonymous_9)
FNDA:0,(anonymous_10)
FNDA:0,(anonymous_11)
FNDA:0,(anonymous_12)
DA:1,0
DA:3,0
DA:4,0
DA:35,0
DA:36,0
DA:39,0
DA:40,0
DA:44,0
DA:45,0
DA:48,0
DA:53,0
DA:57,0
DA:58,0
DA:61,0
DA:62,0
DA:70,0
DA:75,0
DA:78,0
DA:83,0
DA:84,0
DA:87,0
DA:91,0
DA:92,0
DA:94,0
DA:95,0
DA:100,0
DA:103,0
DA:115,0
DA:116,0
DA:119,0
DA:123,0
DA:124,0
DA:133,0
DA:139,0
DA:142,0
DA:147,0
DA:148,0
DA:151,0
DA:153,0
DA:158,0
DA:163,0
DA:181,0
DA:182,0
DA:185,0
DA:189,0
DA:201,0
DA:206,0
DA:230,0
DA:231,0
DA:234,0
DA:245,0
DA:269,0
DA:270,0
DA:272,0
DA:286,0
DA:287,0
DA:290,0
DA:298,0
DA:300,0
DA:301,0
DA:316,0
DA:319,0
LF:62
LH:0
BRDA:44,0,0,0
BRDA:44,1,0,0
BRDA:44,1,1,0
BRDA:57,2,0,0
BRDA:76,3,0,0
BRDA:76,3,1,0
BRDA:83,4,0,0
BRDA:83,5,0,0
BRDA:83,5,1,0
BRDA:94,6,0,0
BRDA:96,7,0,0
BRDA:96,7,1,0
BRDA:101,8,0,0
BRDA:101,8,1,0
BRDA:115,9,0,0
BRDA:115,10,0,0
BRDA:115,10,1,0
BRDA:120,11,0,0
BRDA:120,11,1,0
BRDA:130,12,0,0
BRDA:130,12,1,0
BRDA:140,13,0,0
BRDA:140,13,1,0
BRDA:147,14,0,0
BRDA:147,15,0,0
BRDA:147,15,1,0
BRDA:167,16,0,0
BRDA:167,16,1,0
BRDA:169,17,0,0
BRDA:169,17,1,0
BRDA:170,18,0,0
BRDA:170,18,1,0
BRDA:181,19,0,0
BRDA:181,20,0,0
BRDA:181,20,1,0
BRDA:192,21,0,0
BRDA:192,21,1,0
BRDA:192,21,2,0
BRDA:210,22,0,0
BRDA:210,22,1,0
BRDA:212,23,0,0
BRDA:212,23,1,0
BRDA:213,24,0,0
BRDA:213,24,1,0
BRDA:230,25,0,0
BRDA:236,26,0,0
BRDA:236,26,1,0
BRDA:236,26,2,0
BRDA:270,27,0,0
BRDA:270,27,1,0
BRDA:279,28,0,0
BRDA:279,28,1,0
BRDA:280,29,0,0
BRDA:280,29,1,0
BRDA:286,30,0,0
BRDA:305,31,0,0
BRDA:305,31,1,0
BRDA:307,32,0,0
BRDA:307,32,1,0
BRDA:309,33,0,0
BRDA:309,33,1,0
BRDA:310,34,0,0
BRDA:310,34,1,0
BRDA:317,35,0,0
BRDA:317,35,1,0
BRDA:39,36,0,0
BRDA:39,36,1,0
BRDA:39,37,0,0
BRDA:39,37,1,0
BRDA:39,38,0,0
BRDA:39,38,1,0
BRDA:39,39,0,0
BRDA:39,39,1,0
BRF:73
BRH:0
end_of_record
TN:
SF:src/voice/services/escalation.service.ts
FN:23,(anonymous_2)
FN:32,(anonymous_3)
FN:69,(anonymous_4)
FN:101,(anonymous_5)
FN:135,(anonymous_6)
FN:158,(anonymous_7)
FNF:6
FNH:0
FNDA:0,(anonymous_2)
FNDA:0,(anonymous_3)
FNDA:0,(anonymous_4)
FNDA:0,(anonymous_5)
FNDA:0,(anonymous_6)
FNDA:0,(anonymous_7)
DA:1,0
DA:2,0
DA:3,0
DA:4,0
DA:20,0
DA:21,0
DA:24,0
DA:25,0
DA:26,0
DA:33,0
DA:42,0
DA:54,0
DA:55,0
DA:58,0
DA:74,0
DA:82,0
DA:91,0
DA:102,0
DA:104,0
DA:122,0
DA:147,0
DA:165,0
DA:170,0
DA:174,0
DA:175,0
DA:179,0
DA:180,0
DA:186,0
LF:28
LH:0
BRDA:54,0,0,0
BRDA:165,1,0,0
BRDA:166,2,0,0
BRDA:166,2,1,0
BRDA:166,2,2,0
BRDA:174,3,0,0
BRDA:179,4,0,0
BRDA:179,5,0,0
BRDA:179,5,1,0
BRDA:24,6,0,0
BRDA:24,6,1,0
BRDA:24,7,0,0
BRDA:24,7,1,0
BRDA:24,8,0,0
BRDA:24,8,1,0
BRDA:24,9,0,0
BRDA:24,9,1,0
BRDA:25,10,0,0
BRDA:25,10,1,0
BRDA:25,11,0,0
BRDA:25,11,1,0
BRF:21
BRH:0
end_of_record
TN:
SF:src/voice/services/intent-handler.service.ts
FN:20,(anonymous_2)
FN:31,(anonymous_3)
FN:158,(anonymous_4)
FN:198,(anonymous_5)
FN:202,(anonymous_6)
FN:212,(anonymous_7)
FN:253,(anonymous_8)
FN:305,(anonymous_9)
FN:327,(anonymous_10)
FNF:9
FNH:0
FNDA:0,(anonymous_2)
FNDA:0,(anonymous_3)
FNDA:0,(anonymous_4)
FNDA:0,(anonymous_5)
FNDA:0,(anonymous_6)
FNDA:0,(anonymous_7)
FNDA:0,(anonymous_8)
FNDA:0,(anonymous_9)
FNDA:0,(anonymous_10)
DA:1,0
DA:2,0
DA:3,0
DA:4,0
DA:5,0
DA:6,0
DA:17,0
DA:18,0
DA:21,0
DA:22,0
DA:23,0
DA:24,0
DA:25,0
DA:37,0
DA:42,0
DA:44,0
DA:46,0
DA:47,0
DA:48,0
DA:56,0
DA:57,0
DA:58,0
DA:61,0
DA:67,0
DA:69,0
DA:80,0
DA:88,0
DA:89,0
DA:95,0
DA:100,0
DA:101,0
DA:110,0
DA:111,0
DA:116,0
DA:128,0
DA:138,0
DA:140,0
DA:146,0
DA:147,0
DA:148,0
DA:163,0
DA:168,0
DA:170,0
DA:171,0
DA:172,0
DA:176,0
DA:194,0
DA:198,0
DA:202,0
DA:218,0
DA:223,0
DA:226,0
DA:239,0
DA:240,0
DA:259,0
DA:260,0
DA:262,0
DA:263,0
DA:264,0
DA:266,0
DA:281,0
DA:282,0
DA:286,0
DA:287,0
DA:288,0
DA:290,0
DA:291,0
DA:292,0
DA:293,0
DA:294,0
DA:298,0
DA:309,0
DA:311,0
DA:326,0
DA:327,0
DA:328,0
DA:329,0
DA:330,0
DA:334,0
LF:79
LH:0
BRDA:46,0,0,0
BRDA:67,1,0,0
BRDA:88,2,0,0
BRDA:100,3,0,0
BRDA:110,4,0,0
BRDA:146,5,0,0
BRDA:146,5,1,0
BRDA:170,6,0,0
BRDA:239,7,0,0
BRDA:281,8,0,0
BRDA:292,9,0,0
BRDA:328,10,0,0
BRDA:21,11,0,0
BRDA:21,11,1,0
BRDA:21,12,0,0
BRDA:21,12,1,0
BRDA:21,13,0,0
BRDA:21,13,1,0
BRDA:21,14,0,0
BRDA:21,14,1,0
BRDA:22,15,0,0
BRDA:22,15,1,0
BRDA:22,16,0,0
BRDA:22,16,1,0
BRDA:23,17,0,0
BRDA:23,17,1,0
BRDA:23,18,0,0
BRDA:23,18,1,0
BRDA:24,19,0,0
BRDA:24,19,1,0
BRDA:24,20,0,0
BRDA:24,20,1,0
BRF:32
BRH:0
end_of_record
TN:
SF:src/voice/services/vapi-webhook.service.ts
FN:29,(anonymous_2)
FN:40,(anonymous_3)
FN:85,(anonymous_4)
FN:135,(anonymous_5)
FN:146,(anonymous_6)
FN:155,(anonymous_7)
FN:164,(anonymous_8)
FN:198,(anonymous_9)
FN:220,(anonymous_10)
FN:237,(anonymous_11)
FN:276,(anonymous_12)
FNF:11
FNH:0
FNDA:0,(anonymous_2)
FNDA:0,(anonymous_3)
FNDA:0,(anonymous_4)
FNDA:0,(anonymous_5)
FNDA:0,(anonymous_6)
FNDA:0,(anonymous_7)
FNDA:0,(anonymous_8)
FNDA:0,(anonymous_9)
FNDA:0,(anonymous_10)
FNDA:0,(anonymous_11)
FNDA:0,(anonymous_12)
DA:1,0
DA:3,0
DA:4,0
DA:5,0
DA:6,0
DA:7,0
DA:8,0
DA:26,0
DA:27,0
DA:30,0
DA:31,0
DA:32,0
DA:33,0
DA:34,0
DA:41,0
DA:43,0
DA:49,0
DA:51,0
DA:53,0
DA:56,0
DA:59,0
DA:65,0
DA:71,0
DA:74,0
DA:77,0
DA:78,0
DA:86,0
DA:89,0
DA:91,0
DA:92,0
DA:98,0
DA:103,0
DA:106,0
DA:111,0
DA:114,0
DA:120,0
DA:125,0
DA:126,0
DA:129,0
DA:137,0
DA:140,0
DA:148,0
DA:149,0
DA:157,0
DA:158,0
DA:169,0
DA:171,0
DA:174,0
DA:176,0
DA:178,0
DA:179,0
DA:186,0
DA:188,0
DA:199,0
DA:200,0
DA:211,0
DA:221,0
DA:231,0
DA:247,0
DA:258,0
DA:273,0
DA:276,0
LF:62
LH:0
BRDA:51,0,0,0
BRDA:51,0,1,0
BRDA:51,0,2,0
BRDA:51,0,3,0
BRDA:51,0,4,0
BRDA:51,0,5,0
BRDA:66,1,0,0
BRDA:66,1,1,0
BRDA:89,2,0,0
BRDA:89,2,1,0
BRDA:89,2,2,0
BRDA:89,2,3,0
BRDA:89,2,4,0
BRDA:91,3,0,0
BRDA:91,4,0,0
BRDA:91,4,1,0
BRDA:109,5,0,0
BRDA:109,5,1,0
BRDA:118,6,0,0
BRDA:118,6,1,0
BRDA:176,7,0,0
BRDA:212,8,0,0
BRDA:212,8,1,0
BRDA:249,9,0,0
BRDA:249,9,1,0
BRDA:249,9,2,0
BRDA:30,10,0,0
BRDA:30,10,1,0
BRDA:30,11,0,0
BRDA:30,11,1,0
BRDA:30,12,0,0
BRDA:30,12,1,0
BRDA:30,13,0,0
BRDA:30,13,1,0
BRDA:31,14,0,0
BRDA:31,14,1,0
BRDA:31,15,0,0
BRDA:31,15,1,0
BRDA:32,16,0,0
BRDA:32,16,1,0
BRDA:32,17,0,0
BRDA:32,17,1,0
BRDA:33,18,0,0
BRDA:33,18,1,0
BRDA:33,19,0,0
BRDA:33,19,1,0
BRF:46
BRH:0
end_of_record
TN:
SF:src/webhook-subscription/webhook-subscription.controller.ts
FN:32,(anonymous_4)
FN:44,(anonymous_5)
FN:59,(anonymous_6)
FN:75,(anonymous_7)
FN:91,(anonymous_8)
FN:109,(anonymous_9)
FN:126,(anonymous_10)
FNF:7
FNH:0
FNDA:0,(anonymous_4)
FNDA:0,(anonymous_5)
FNDA:0,(anonymous_6)
FNDA:0,(anonymous_7)
FNDA:0,(anonymous_8)
FNDA:0,(anonymous_9)
FNDA:0,(anonymous_10)
DA:1,0
DA:15,0
DA:16,0
DA:17,0
DA:18,0
DA:19,0
DA:20,0
DA:21,0
DA:31,0
DA:32,0
DA:44,0
DA:48,0
DA:59,0
DA:63,0
DA:75,0
DA:79,0
DA:91,0
DA:96,0
DA:109,0
DA:113,0
DA:126,0
DA:131,0
DA:132,0
LF:23
LH:0
BRDA:46,0,0,0
BRDA:46,0,1,0
BRDA:46,1,0,0
BRDA:46,1,1,0
BRDA:47,2,0,0
BRDA:47,2,1,0
BRDA:47,3,0,0
BRDA:47,3,1,0
BRDA:61,4,0,0
BRDA:61,4,1,0
BRDA:61,5,0,0
BRDA:61,5,1,0
BRDA:62,6,0,0
BRDA:62,6,1,0
BRDA:62,7,0,0
BRDA:62,7,1,0
BRDA:78,8,0,0
BRDA:78,8,1,0
BRDA:78,9,0,0
BRDA:78,9,1,0
BRDA:94,10,0,0
BRDA:94,10,1,0
BRDA:94,11,0,0
BRDA:94,11,1,0
BRDA:95,12,0,0
BRDA:95,12,1,0
BRDA:95,13,0,0
BRDA:95,13,1,0
BRDA:112,14,0,0
BRDA:112,14,1,0
BRDA:112,15,0,0
BRDA:112,15,1,0
BRDA:129,16,0,0
BRDA:129,16,1,0
BRDA:129,17,0,0
BRDA:129,17,1,0
BRDA:130,18,0,0
BRDA:130,18,1,0
BRDA:130,19,0,0
BRDA:130,19,1,0
BRDA:32,20,0,0
BRDA:32,20,1,0
BRDA:32,21,0,0
BRDA:32,21,1,0
BRF:44
BRH:0
end_of_record
TN:
SF:src/webhook-subscription/webhook-subscription.service.ts
FN:24,(anonymous_2)
FN:27,(anonymous_3)
FN:50,(anonymous_4)
FN:80,(anonymous_5)
FN:96,(anonymous_6)
FN:119,(anonymous_7)
FN:134,(anonymous_8)
FN:197,(anonymous_9)
FN:221,(anonymous_10)
FN:233,(anonymous_11)
FN:265,(anonymous_12)
FN:270,(anonymous_13)
FN:279,(anonymous_14)
FN:286,(anonymous_15)
FNF:14
FNH:0
FNDA:0,(anonymous_2)
FNDA:0,(anonymous_3)
FNDA:0,(anonymous_4)
FNDA:0,(anonymous_5)
FNDA:0,(anonymous_6)
FNDA:0,(anonymous_7)
FNDA:0,(anonymous_8)
FNDA:0,(anonymous_9)
FNDA:0,(anonymous_10)
FNDA:0,(anonymous_11)
FNDA:0,(anonymous_12)
FNDA:0,(anonymous_13)
FNDA:0,(anonymous_14)
FNDA:0,(anonymous_15)
DA:1,0
DA:2,0
DA:3,0
DA:4,0
DA:19,0
DA:20,0
DA:21,0
DA:22,0
DA:24,0
DA:31,0
DA:32,0
DA:33,0
DA:35,0
DA:37,0
DA:54,0
DA:55,0
DA:56,0
DA:58,0
DA:59,0
DA:62,0
DA:63,0
DA:66,0
DA:76,0
DA:84,0
DA:88,0
DA:89,0
DA:92,0
DA:101,0
DA:103,0
DA:104,0
DA:105,0
DA:107,0
DA:123,0
DA:125,0
DA:127,0
DA:139,0
DA:140,0
DA:143,0
DA:151,0
DA:155,0
DA:156,0
DA:157,0
DA:159,0
DA:160,0
DA:168,0
DA:169,0
DA:170,0
DA:172,0
DA:173,0
DA:176,0
DA:177,0
DA:185,0
DA:186,0
DA:193,0
DA:198,0
DA:200,0
DA:201,0
DA:204,0
DA:211,0
DA:228,0
DA:229,0
DA:231,0
DA:232,0
DA:233,0
DA:235,0
DA:246,0
DA:248,0
DA:249,0
DA:252,0
DA:255,0
DA:257,0
DA:260,0
DA:266,0
DA:271,0
DA:272,0
DA:280,0
DA:281,0
DA:287,0
DA:288,0
LF:79
LH:0
BRDA:54,0,0,0
BRDA:54,0,1,0
BRDA:55,1,0,0
BRDA:55,1,1,0
BRDA:59,2,0,0
BRDA:62,3,0,0
BRDA:88,4,0,0
BRDA:88,5,0,0
BRDA:88,5,1,0
BRDA:103,6,0,0
BRDA:104,7,0,0
BRDA:105,8,0,0
BRDA:110,9,0,0
BRDA:110,9,1,0
BRDA:111,10,0,0
BRDA:111,10,1,0
BRDA:112,11,0,0
BRDA:112,11,1,0
BRDA:113,12,0,0
BRDA:113,12,1,0
BRDA:139,13,0,0
BRDA:168,14,0,0
BRDA:168,14,1,0
BRDA:185,15,0,0
BRDA:200,16,0,0
BRDA:248,17,0,0
BRDA:258,18,0,0
BRDA:258,18,1,0
BRDA:271,19,0,0
BRDA:280,20,0,0
BRDA:280,21,0,0
BRDA:280,21,1,0
BRDA:287,22,0,0
BRDA:287,23,0,0
BRDA:287,23,1,0
BRDA:24,24,0,0
BRDA:24,24,1,0
BRDA:24,25,0,0
BRDA:24,25,1,0
BRF:39
BRH:0
end_of_record
TN:
SF:src/work-order/work-order.controller.ts
FN:38,(anonymous_4)
FN:52,(anonymous_5)
FN:80,(anonymous_6)
FN:90,(anonymous_7)
FN:100,(anonymous_8)
FN:115,(anonymous_9)
FN:130,(anonymous_10)
FN:141,(anonymous_11)
FN:153,(anonymous_12)
FN:164,(anonymous_13)
FN:177,(anonymous_14)
FN:192,(anonymous_15)
FN:205,(anonymous_16)
FN:218,(anonymous_17)
FN:228,(anonymous_18)
FNF:15
FNH:0
FNDA:0,(anonymous_4)
FNDA:0,(anonymous_5)
FNDA:0,(anonymous_6)
FNDA:0,(anonymous_7)
FNDA:0,(anonymous_8)
FNDA:0,(anonymous_9)
FNDA:0,(anonymous_10)
FNDA:0,(anonymous_11)
FNDA:0,(anonymous_12)
FNDA:0,(anonymous_13)
FNDA:0,(anonymous_14)
FNDA:0,(anonymous_15)
FNDA:0,(anonymous_16)
FNDA:0,(anonymous_17)
FNDA:0,(anonymous_18)
DA:1,0
DA:14,0
DA:23,0
DA:24,0
DA:25,0
DA:26,0
DA:27,0
DA:28,0
DA:29,0
DA:30,0
DA:31,0
DA:37,0
DA:39,0
DA:40,0
DA:52,0
DA:61,0
DA:69,0
DA:80,0
DA:81,0
DA:82,0
DA:90,0
DA:91,0
DA:92,0
DA:100,0
DA:105,0
DA:106,0
DA:115,0
DA:120,0
DA:121,0
DA:130,0
DA:131,0
DA:132,0
DA:141,0
DA:142,0
DA:143,0
DA:153,0
DA:154,0
DA:155,0
DA:164,0
DA:169,0
DA:170,0
DA:177,0
DA:182,0
DA:183,0
DA:192,0
DA:197,0
DA:198,0
DA:205,0
DA:210,0
DA:211,0
DA:218,0
DA:219,0
DA:220,0
DA:228,0
DA:233,0
DA:234,0
DA:238,0
LF:57
LH:0
BRDA:66,0,0,0
BRDA:66,0,1,0
BRDA:67,1,0,0
BRDA:67,1,1,0
BRDA:80,2,0,0
BRDA:80,2,1,0
BRDA:80,3,0,0
BRDA:80,3,1,0
BRDA:103,4,0,0
BRDA:103,4,1,0
BRDA:103,5,0,0
BRDA:103,5,1,0
BRDA:167,6,0,0
BRDA:167,6,1,0
BRDA:167,7,0,0
BRDA:167,7,1,0
BRDA:180,8,0,0
BRDA:180,8,1,0
BRDA:180,9,0,0
BRDA:180,9,1,0
BRDA:231,10,0,0
BRDA:231,10,1,0
BRDA:231,11,0,0
BRDA:231,11,1,0
BRDA:232,12,0,0
BRDA:232,12,1,0
BRDA:232,13,0,0
BRDA:232,13,1,0
BRDA:39,14,0,0
BRDA:39,14,1,0
BRDA:39,15,0,0
BRDA:39,15,1,0
BRDA:39,16,0,0
BRDA:39,16,1,0
BRDA:39,17,0,0
BRDA:39,17,1,0
BRF:36
BRH:0
end_of_record
TN:
SF:src/work-order/work-order.service.ts
FN:43,(anonymous_2)
FN:48,(anonymous_3)
FN:60,(anonymous_4)
FN:71,(anonymous_5)
FN:98,(anonymous_6)
FN:147,(anonymous_7)
FN:162,(anonymous_8)
FN:200,(anonymous_9)
FN:268,(anonymous_10)
FN:334,(anonymous_11)
FN:391,(anonymous_12)
FN:438,(anonymous_13)
FN:485,(anonymous_14)
FN:560,(anonymous_15)
FN:613,(anonymous_16)
FN:633,(anonymous_17)
FN:675,(anonymous_18)
FN:697,(anonymous_19)
FN:739,(anonymous_20)
FN:774,(anonymous_21)
FN:803,(anonymous_22)
FN:817,(anonymous_23)
FN:835,(anonymous_24)
FN:837,(anonymous_25)
FN:838,(anonymous_26)
FNF:25
FNH:0
FNDA:0,(anonymous_2)
FNDA:0,(anonymous_3)
FNDA:0,(anonymous_4)
FNDA:0,(anonymous_5)
FNDA:0,(anonymous_6)
FNDA:0,(anonymous_7)
FNDA:0,(anonymous_8)
FNDA:0,(anonymous_9)
FNDA:0,(anonymous_10)
FNDA:0,(anonymous_11)
FNDA:0,(anonymous_12)
FNDA:0,(anonymous_13)
FNDA:0,(anonymous_14)
FNDA:0,(anonymous_15)
FNDA:0,(anonymous_16)
FNDA:0,(anonymous_17)
FNDA:0,(anonymous_18)
FNDA:0,(anonymous_19)
FNDA:0,(anonymous_20)
FNDA:0,(anonymous_21)
FNDA:0,(anonymous_22)
FNDA:0,(anonymous_23)
FNDA:0,(anonymous_24)
FNDA:0,(anonymous_25)
FNDA:0,(anonymous_26)
DA:1,0
DA:10,0
DA:11,0
DA:17,0
DA:39,0
DA:40,0
DA:41,0
DA:43,0
DA:49,0
DA:51,0
DA:52,0
DA:54,0
DA:61,0
DA:72,0
DA:73,0
DA:75,0
DA:84,0
DA:85,0
DA:86,0
DA:87,0
DA:88,0
DA:92,0
DA:102,0
DA:103,0
DA:104,0
DA:105,0
DA:107,0
DA:108,0
DA:110,0
DA:111,0
DA:113,0
DA:114,0
DA:116,0
DA:117,0
DA:125,0
DA:146,0
DA:147,0
DA:154,0
DA:155,0
DA:163,0
DA:164,0
DA:183,0
DA:184,0
DA:187,0
DA:189,0
DA:190,0
DA:192,0
DA:193,0
DA:201,0
DA:202,0
DA:206,0
DA:243,0
DA:257,0
DA:258,0
DA:260,0
DA:261,0
DA:269,0
DA:270,0
DA:274,0
DA:275,0
DA:278,0
DA:303,0
DA:304,0
DA:307,0
DA:321,0
DA:323,0
DA:324,0
DA:326,0
DA:327,0
DA:335,0
DA:336,0
DA:340,0
DA:341,0
DA:344,0
DA:346,0
DA:355,0
DA:356,0
DA:359,0
DA:373,0
DA:374,0
DA:376,0
DA:381,0
DA:383,0
DA:384,0
DA:392,0
DA:393,0
DA:397,0
DA:398,0
DA:401,0
DA:403,0
DA:412,0
DA:413,0
DA:416,0
DA:420,0
DA:421,0
DA:423,0
DA:428,0
DA:430,0
DA:431,0
DA:439,0
DA:440,0
DA:444,0
DA:445,0
DA:448,0
DA:450,0
DA:459,0
DA:460,0
DA:463,0
DA:467,0
DA:468,0
DA:470,0
DA:475,0
DA:477,0
DA:478,0
DA:486,0
DA:488,0
DA:496,0
DA:497,0
DA:500,0
DA:503,0
DA:505,0
DA:506,0
DA:508,0
DA:509,0
DA:510,0
DA:511,0
DA:520,0
DA:521,0
DA:522,0
DA:523,0
DA:532,0
DA:533,0
DA:534,0
DA:535,0
DA:538,0
DA:539,0
DA:540,0
DA:549,0
DA:550,0
DA:551,0
DA:552,0
DA:553,0
DA:557,0
DA:560,0
DA:561,0
DA:576,0
DA:584,0
DA:585,0
DA:588,0
DA:592,0
DA:595,0
DA:598,0
DA:600,0
DA:601,0
DA:603,0
DA:604,0
DA:614,0
DA:618,0
DA:619,0
DA:622,0
DA:624,0
DA:633,0
DA:635,0
DA:640,0
DA:654,0
DA:655,0
DA:658,0
DA:668,0
DA:669,0
DA:676,0
DA:680,0
DA:681,0
DA:684,0
DA:686,0
DA:687,0
DA:692,0
DA:697,0
DA:699,0
DA:704,0
DA:716,0
DA:717,0
DA:720,0
DA:730,0
DA:731,0
DA:740,0
DA:744,0
DA:745,0
DA:749,0
DA:753,0
DA:754,0
DA:759,0
DA:768,0
DA:775,0
DA:779,0
DA:780,0
DA:783,0
DA:784,0
DA:786,0
DA:787,0
DA:790,0
DA:793,0
DA:799,0
DA:803,0
DA:804,0
DA:806,0
DA:811,0
DA:821,0
DA:825,0
DA:826,0
DA:830,0
DA:835,0
DA:836,0
DA:837,0
DA:838,0
DA:840,0
LF:215
LH:0
BRDA:49,0,0,0
BRDA:49,1,0,0
BRDA:49,1,1,0
BRDA:51,2,0,0
BRDA:51,3,0,0
BRDA:51,3,1,0
BRDA:85,4,0,0
BRDA:87,5,0,0
BRDA:103,6,0,0
BRDA:103,6,1,0
BRDA:104,7,0,0
BRDA:104,7,1,0
BRDA:107,8,0,0
BRDA:110,9,0,0
BRDA:113,10,0,0
BRDA:116,11,0,0
BRDA:183,12,0,0
BRDA:189,13,0,0
BRDA:236,14,0,0
BRDA:236,14,1,0
BRDA:239,15,0,0
BRDA:239,15,1,0
BRDA:274,16,0,0
BRDA:289,17,0,0
BRDA:289,17,1,0
BRDA:290,18,0,0
BRDA:290,18,1,0
BRDA:295,19,0,0
BRDA:295,19,1,0
BRDA:303,20,0,0
BRDA:323,21,0,0
BRDA:323,22,0,0
BRDA:323,22,1,0
BRDA:340,23,0,0
BRDA:355,24,0,0
BRDA:376,25,0,0
BRDA:377,26,0,0
BRDA:377,26,1,0
BRDA:377,26,2,0
BRDA:397,27,0,0
BRDA:412,28,0,0
BRDA:423,29,0,0
BRDA:424,30,0,0
BRDA:424,30,1,0
BRDA:424,30,2,0
BRDA:444,31,0,0
BRDA:459,32,0,0
BRDA:470,33,0,0
BRDA:471,34,0,0
BRDA:471,34,1,0
BRDA:471,34,2,0
BRDA:496,35,0,0
BRDA:506,36,0,0
BRDA:506,36,1,0
BRDA:508,37,0,0
BRDA:508,37,1,0
BRDA:532,38,0,0
BRDA:532,38,1,0
BRDA:550,39,0,0
BRDA:552,40,0,0
BRDA:568,41,0,0
BRDA:568,41,1,0
BRDA:584,42,0,0
BRDA:600,43,0,0
BRDA:600,44,0,0
BRDA:600,44,1,0
BRDA:618,45,0,0
BRDA:646,46,0,0
BRDA:646,46,1,0
BRDA:649,47,0,0
BRDA:649,47,1,0
BRDA:654,48,0,0
BRDA:680,49,0,0
BRDA:686,50,0,0
BRDA:686,51,0,0
BRDA:686,51,1,0
BRDA:711,52,0,0
BRDA:711,52,1,0
BRDA:716,53,0,0
BRDA:744,54,0,0
BRDA:753,55,0,0
BRDA:779,56,0,0
BRDA:786,57,0,0
BRDA:803,58,0,0
BRDA:803,58,1,0
BRDA:825,59,0,0
BRDA:835,60,0,0
BRDA:835,60,1,0
BRDA:838,61,0,0
BRDA:838,61,1,0
BRDA:43,62,0,0
BRDA:43,62,1,0
BRDA:43,63,0,0
BRDA:43,63,1,0
BRF:94
BRH:0
end_of_record
