TN:
SF:src/gdpr/services/data-retention.service.ts
FN:90,(anonymous_4)
FN:101,(anonymous_5)
FN:150,(anonymous_6)
FN:179,(anonymous_7)
FN:204,(anonymous_8)
FN:301,(anonymous_9)
FN:335,(anonymous_10)
FN:368,(anonymous_11)
FN:405,(anonymous_12)
FN:440,(anonymous_13)
FN:466,(anonymous_14)
FN:490,(anonymous_15)
FN:517,(anonymous_16)
FN:546,(anonymous_17)
FN:576,(anonymous_18)
FN:629,(anonymous_19)
FN:662,(anonymous_20)
FN:675,(anonymous_21)
FN:735,(anonymous_22)
FN:764,(anonymous_23)
FNF:20
FNH:20
FNDA:50,(anonymous_4)
FNDA:158,(anonymous_5)
FNDA:2,(anonymous_6)
FNDA:6,(anonymous_7)
FNDA:26,(anonymous_8)
FNDA:26,(anonymous_9)
FNDA:6,(anonymous_10)
FNDA:25,(anonymous_11)
FNDA:4,(anonymous_12)
FNDA:25,(anonymous_13)
FNDA:25,(anonymous_14)
FNDA:6,(anonymous_15)
FNDA:25,(anonymous_16)
FNDA:25,(anonymous_17)
FNDA:6,(anonymous_18)
FNDA:5,(anonymous_19)
FNDA:5,(anonymous_20)
FNDA:4,(anonymous_21)
FNDA:5,(anonymous_22)
FNDA:3,(anonymous_23)
DA:1,1
DA:2,1
DA:3,1
DA:4,1
DA:5,1
DA:6,1
DA:7,1
DA:8,1
DA:76,1
DA:77,50
DA:80,50
DA:91,50
DA:92,50
DA:93,50
DA:94,50
DA:95,50
DA:102,158
DA:150,1
DA:151,2
DA:153,2
DA:154,2
DA:156,1
DA:166,1
DA:179,1
DA:180,6
DA:182,6
DA:184,6
DA:187,5
DA:190,5
DA:192,5
DA:194,1
DA:205,26
DA:206,26
DA:207,26
DA:209,26
DA:212,26
DA:222,26
DA:223,26
DA:224,26
DA:225,26
DA:226,26
DA:228,26
DA:230,26
DA:231,25
DA:234,25
DA:235,25
DA:238,25
DA:239,25
DA:242,25
DA:243,25
DA:246,25
DA:247,25
DA:250,25
DA:251,25
DA:253,1
DA:254,1
DA:257,26
DA:258,26
DA:261,26
DA:277,26
DA:282,26
DA:302,26
DA:303,26
DA:304,26
DA:307,26
DA:331,25
DA:333,25
DA:334,6
DA:335,6
DA:336,6
DA:349,5
DA:351,1
DA:355,25
DA:356,4
DA:362,25
DA:369,25
DA:370,25
DA:371,25
DA:374,25
DA:399,25
DA:401,25
DA:402,5
DA:404,4
DA:405,4
DA:406,4
DA:419,3
DA:421,1
DA:427,25
DA:428,3
DA:434,25
DA:441,25
DA:442,25
DA:443,25
DA:447,25
DA:460,25
DA:467,25
DA:470,25
DA:486,25
DA:488,25
DA:489,6
DA:490,6
DA:491,6
DA:501,5
DA:503,1
DA:507,25
DA:508,4
DA:511,25
DA:518,25
DA:519,25
DA:520,25
DA:523,25
DA:536,25
DA:537,2
DA:540,25
DA:547,25
DA:548,25
DA:549,25
DA:553,25
DA:554,25
DA:565,24
DA:568,1
DA:569,1
DA:578,6
DA:579,6
DA:580,6
DA:583,6
DA:599,5
DA:601,5
DA:602,3
DA:606,3
DA:613,2
DA:615,1
DA:619,5
DA:620,2
DA:623,5
DA:631,5
DA:632,5
DA:633,5
DA:636,5
DA:656,5
DA:664,5
DA:665,5
DA:669,5
DA:676,4
DA:680,4
DA:681,1
DA:684,3
DA:685,3
DA:686,3
DA:688,3
DA:717,3
DA:719,3
DA:721,3
DA:736,5
DA:737,5
DA:739,5
DA:740,2
DA:744,3
DA:755,3
DA:768,3
DA:784,3
LF:161
LH:161
BRDA:214,0,0,26
BRDA:214,0,1,23
BRDA:267,1,0,1
BRDA:267,1,1,25
BRDA:273,2,0,1
BRDA:273,2,1,25
BRDA:309,3,0,26
BRDA:309,3,1,3
BRDA:355,4,0,4
BRDA:376,5,0,25
BRDA:376,5,1,3
BRDA:402,6,0,1
BRDA:427,7,0,3
BRDA:449,8,0,25
BRDA:449,8,1,3
BRDA:472,9,0,25
BRDA:472,9,1,3
BRDA:507,10,0,4
BRDA:525,11,0,25
BRDA:525,11,1,3
BRDA:536,12,0,2
BRDA:554,13,0,3
BRDA:554,13,1,22
BRDA:619,14,0,2
BRDA:680,15,0,1
BRDA:717,16,0,3
BRDA:717,16,1,2
BRDA:719,17,0,3
BRDA:719,17,1,2
BRDA:739,18,0,2
BRDA:739,19,0,5
BRDA:739,19,1,4
BRDA:775,20,0,3
BRDA:775,20,1,2
BRDA:150,21,0,1
BRDA:150,21,1,0
BRDA:150,22,0,1
BRDA:150,22,1,1
BRDA:179,23,0,1
BRDA:179,23,1,0
BRDA:179,24,0,1
BRDA:179,24,1,1
BRDA:91,25,0,1
BRDA:91,25,1,0
BRDA:91,26,0,1
BRDA:91,26,1,1
BRDA:91,27,0,1
BRDA:91,27,1,0
BRDA:91,28,0,1
BRDA:91,28,1,1
BRDA:92,29,0,1
BRDA:92,29,1,0
BRDA:92,30,0,1
BRDA:92,30,1,1
BRDA:93,31,0,1
BRDA:93,31,1,0
BRDA:93,32,0,1
BRDA:93,32,1,1
BRDA:94,33,0,1
BRDA:94,33,1,0
BRDA:94,34,0,1
BRDA:94,34,1,1
BRF:62
BRH:55
end_of_record
