{"/Users/romanogiovanni1993gmail.com/Desktop/Nexo gestionale/backend/src/gdpr/services/data-retention.service.ts": {"path":"/Users/romanogiovanni1993gmail.com/Desktop/Nexo gestionale/backend/src/gdpr/services/data-retention.service.ts","statementMap":{"0":{"start":{"line":1,"column":0},"end":{"line":1,"column":92}},"1":{"start":{"line":2,"column":0},"end":{"line":2,"column":47}},"2":{"start":{"line":3,"column":0},"end":{"line":3,"column":56}},"3":{"start":{"line":4,"column":0},"end":{"line":4,"column":45}},"4":{"start":{"line":5,"column":0},"end":{"line":5,"column":31}},"5":{"start":{"line":6,"column":0},"end":{"line":6,"column":64}},"6":{"start":{"line":7,"column":0},"end":{"line":7,"column":72}},"7":{"start":{"line":8,"column":0},"end":{"line":8,"column":64}},"8":{"start":{"line":76,"column":33},"end":{"line":789,"column":null}},"9":{"start":{"line":91,"column":21},"end":{"line":91,"column":29}},"10":{"start":{"line":92,"column":21},"end":{"line":92,"column":33}},"11":{"start":{"line":93,"column":21},"end":{"line":93,"column":29}},"12":{"start":{"line":94,"column":21},"end":{"line":94,"column":36}},"13":{"start":{"line":95,"column":52},"end":{"line":95,"column":68}},"14":{"start":{"line":77,"column":19},"end":{"line":77,"column":66}},"15":{"start":{"line":80,"column":19},"end":{"line":88,"column":4}},"16":{"start":{"line":102,"column":4},"end":{"line":139,"column":6}},"17":{"start":{"line":151,"column":4},"end":{"line":151,"column":69}},"18":{"start":{"line":153,"column":4},"end":{"line":168,"column":5}},"19":{"start":{"line":154,"column":21},"end":{"line":154,"column":56}},"20":{"start":{"line":156,"column":6},"end":{"line":164,"column":8}},"21":{"start":{"line":166,"column":6},"end":{"line":166,"column":84}},"22":{"start":{"line":180,"column":4},"end":{"line":180,"column":52}},"23":{"start":{"line":182,"column":4},"end":{"line":195,"column":5}},"24":{"start":{"line":184,"column":6},"end":{"line":184,"column":41}},"25":{"start":{"line":187,"column":6},"end":{"line":187,"column":41}},"26":{"start":{"line":190,"column":6},"end":{"line":190,"column":43}},"27":{"start":{"line":192,"column":6},"end":{"line":192,"column":86}},"28":{"start":{"line":194,"column":6},"end":{"line":194,"column":72}},"29":{"start":{"line":205,"column":24},"end":{"line":205,"column":49}},"30":{"start":{"line":206,"column":22},"end":{"line":206,"column":32}},"31":{"start":{"line":207,"column":29},"end":{"line":207,"column":31}},"32":{"start":{"line":209,"column":4},"end":{"line":209,"column":78}},"33":{"start":{"line":212,"column":4},"end":{"line":220,"column":7}},"34":{"start":{"line":222,"column":30},"end":{"line":222,"column":31}},"35":{"start":{"line":223,"column":29},"end":{"line":223,"column":30}},"36":{"start":{"line":224,"column":28},"end":{"line":224,"column":29}},"37":{"start":{"line":225,"column":22},"end":{"line":225,"column":23}},"38":{"start":{"line":226,"column":31},"end":{"line":226,"column":32}},"39":{"start":{"line":228,"column":4},"end":{"line":255,"column":5}},"40":{"start":{"line":230,"column":29},"end":{"line":230,"column":75}},"41":{"start":{"line":231,"column":6},"end":{"line":231,"column":49}},"42":{"start":{"line":234,"column":28},"end":{"line":234,"column":69}},"43":{"start":{"line":235,"column":6},"end":{"line":235,"column":47}},"44":{"start":{"line":238,"column":30},"end":{"line":238,"column":74}},"45":{"start":{"line":239,"column":6},"end":{"line":239,"column":48}},"46":{"start":{"line":242,"column":24},"end":{"line":242,"column":63}},"47":{"start":{"line":243,"column":6},"end":{"line":243,"column":36}},"48":{"start":{"line":246,"column":28},"end":{"line":246,"column":71}},"49":{"start":{"line":247,"column":6},"end":{"line":247,"column":49}},"50":{"start":{"line":250,"column":27},"end":{"line":250,"column":70}},"51":{"start":{"line":251,"column":6},"end":{"line":251,"column":48}},"52":{"start":{"line":253,"column":6},"end":{"line":253,"column":73}},"53":{"start":{"line":254,"column":6},"end":{"line":254,"column":33}},"54":{"start":{"line":257,"column":24},"end":{"line":257,"column":34}},"55":{"start":{"line":258,"column":23},"end":{"line":258,"column":66}},"56":{"start":{"line":261,"column":4},"end":{"line":275,"column":7}},"57":{"start":{"line":277,"column":4},"end":{"line":280,"column":6}},"58":{"start":{"line":282,"column":4},"end":{"line":295,"column":6}},"59":{"start":{"line":302,"column":19},"end":{"line":302,"column":44}},"60":{"start":{"line":303,"column":23},"end":{"line":303,"column":33}},"61":{"start":{"line":304,"column":4},"end":{"line":304,"column":71}},"62":{"start":{"line":307,"column":33},"end":{"line":329,"column":6}},"63":{"start":{"line":331,"column":16},"end":{"line":331,"column":17}},"64":{"start":{"line":333,"column":4},"end":{"line":353,"column":5}},"65":{"start":{"line":334,"column":6},"end":{"line":352,"column":7}},"66":{"start":{"line":335,"column":8},"end":{"line":347,"column":11}},"67":{"start":{"line":336,"column":10},"end":{"line":346,"column":13}},"68":{"start":{"line":349,"column":8},"end":{"line":349,"column":16}},"69":{"start":{"line":351,"column":8},"end":{"line":351,"column":91}},"70":{"start":{"line":355,"column":4},"end":{"line":360,"column":5}},"71":{"start":{"line":356,"column":6},"end":{"line":359,"column":8}},"72":{"start":{"line":362,"column":4},"end":{"line":362,"column":21}},"73":{"start":{"line":369,"column":19},"end":{"line":369,"column":44}},"74":{"start":{"line":370,"column":23},"end":{"line":370,"column":33}},"75":{"start":{"line":371,"column":4},"end":{"line":371,"column":69}},"76":{"start":{"line":374,"column":24},"end":{"line":397,"column":6}},"77":{"start":{"line":399,"column":16},"end":{"line":399,"column":17}},"78":{"start":{"line":401,"column":4},"end":{"line":425,"column":5}},"79":{"start":{"line":402,"column":6},"end":{"line":402,"column":34}},"80":{"start":{"line":402,"column":25},"end":{"line":402,"column":34}},"81":{"start":{"line":404,"column":6},"end":{"line":424,"column":7}},"82":{"start":{"line":405,"column":8},"end":{"line":417,"column":11}},"83":{"start":{"line":406,"column":10},"end":{"line":416,"column":13}},"84":{"start":{"line":419,"column":8},"end":{"line":419,"column":16}},"85":{"start":{"line":421,"column":8},"end":{"line":423,"column":10}},"86":{"start":{"line":427,"column":4},"end":{"line":432,"column":5}},"87":{"start":{"line":428,"column":6},"end":{"line":431,"column":8}},"88":{"start":{"line":434,"column":4},"end":{"line":434,"column":21}},"89":{"start":{"line":441,"column":19},"end":{"line":441,"column":44}},"90":{"start":{"line":442,"column":23},"end":{"line":442,"column":33}},"91":{"start":{"line":443,"column":4},"end":{"line":443,"column":70}},"92":{"start":{"line":447,"column":19},"end":{"line":458,"column":6}},"93":{"start":{"line":460,"column":4},"end":{"line":460,"column":29}},"94":{"start":{"line":467,"column":16},"end":{"line":467,"column":26}},"95":{"start":{"line":470,"column":31},"end":{"line":484,"column":6}},"96":{"start":{"line":486,"column":16},"end":{"line":486,"column":17}},"97":{"start":{"line":488,"column":4},"end":{"line":505,"column":5}},"98":{"start":{"line":489,"column":6},"end":{"line":504,"column":7}},"99":{"start":{"line":490,"column":8},"end":{"line":499,"column":11}},"100":{"start":{"line":491,"column":10},"end":{"line":498,"column":13}},"101":{"start":{"line":501,"column":8},"end":{"line":501,"column":16}},"102":{"start":{"line":503,"column":8},"end":{"line":503,"column":90}},"103":{"start":{"line":507,"column":4},"end":{"line":509,"column":5}},"104":{"start":{"line":508,"column":6},"end":{"line":508,"column":97}},"105":{"start":{"line":511,"column":4},"end":{"line":511,"column":21}},"106":{"start":{"line":518,"column":19},"end":{"line":518,"column":44}},"107":{"start":{"line":519,"column":23},"end":{"line":519,"column":33}},"108":{"start":{"line":520,"column":4},"end":{"line":520,"column":67}},"109":{"start":{"line":523,"column":19},"end":{"line":534,"column":6}},"110":{"start":{"line":536,"column":4},"end":{"line":538,"column":5}},"111":{"start":{"line":537,"column":6},"end":{"line":537,"column":95}},"112":{"start":{"line":540,"column":4},"end":{"line":540,"column":35}},"113":{"start":{"line":547,"column":19},"end":{"line":547,"column":44}},"114":{"start":{"line":548,"column":23},"end":{"line":548,"column":33}},"115":{"start":{"line":549,"column":4},"end":{"line":549,"column":71}},"116":{"start":{"line":553,"column":4},"end":{"line":570,"column":5}},"117":{"start":{"line":554,"column":21},"end":{"line":563,"column":12}},"118":{"start":{"line":565,"column":6},"end":{"line":565,"column":31}},"119":{"start":{"line":568,"column":6},"end":{"line":568,"column":76}},"120":{"start":{"line":569,"column":6},"end":{"line":569,"column":26}},"121":{"start":{"line":578,"column":34},"end":{"line":578,"column":36}},"122":{"start":{"line":579,"column":23},"end":{"line":579,"column":33}},"123":{"start":{"line":580,"column":4},"end":{"line":580,"column":69}},"124":{"start":{"line":583,"column":28},"end":{"line":597,"column":6}},"125":{"start":{"line":599,"column":16},"end":{"line":599,"column":17}},"126":{"start":{"line":601,"column":4},"end":{"line":617,"column":5}},"127":{"start":{"line":602,"column":6},"end":{"line":616,"column":7}},"128":{"start":{"line":606,"column":8},"end":{"line":611,"column":11}},"129":{"start":{"line":613,"column":8},"end":{"line":613,"column":16}},"130":{"start":{"line":615,"column":8},"end":{"line":615,"column":98}},"131":{"start":{"line":619,"column":4},"end":{"line":621,"column":5}},"132":{"start":{"line":620,"column":6},"end":{"line":620,"column":100}},"133":{"start":{"line":623,"column":4},"end":{"line":623,"column":21}},"134":{"start":{"line":631,"column":29},"end":{"line":631,"column":32}},"135":{"start":{"line":632,"column":23},"end":{"line":632,"column":33}},"136":{"start":{"line":633,"column":4},"end":{"line":633,"column":64}},"137":{"start":{"line":636,"column":19},"end":{"line":654,"column":6}},"138":{"start":{"line":656,"column":4},"end":{"line":656,"column":35}},"139":{"start":{"line":664,"column":23},"end":{"line":664,"column":33}},"140":{"start":{"line":665,"column":4},"end":{"line":665,"column":50}},"141":{"start":{"line":669,"column":4},"end":{"line":669,"column":24}},"142":{"start":{"line":676,"column":19},"end":{"line":678,"column":6}},"143":{"start":{"line":680,"column":4},"end":{"line":682,"column":5}},"144":{"start":{"line":681,"column":6},"end":{"line":681,"column":66}},"145":{"start":{"line":684,"column":19},"end":{"line":684,"column":44}},"146":{"start":{"line":685,"column":28},"end":{"line":685,"column":38}},"147":{"start":{"line":686,"column":4},"end":{"line":686,"column":81}},"148":{"start":{"line":688,"column":71},"end":{"line":715,"column":6}},"149":{"start":{"line":717,"column":28},"end":{"line":717,"column":49}},"150":{"start":{"line":719,"column":7},"end":{"line":720,"column":45}},"151":{"start":{"line":721,"column":4},"end":{"line":729,"column":6}},"152":{"start":{"line":736,"column":20},"end":{"line":736,"column":22}},"153":{"start":{"line":737,"column":20},"end":{"line":737,"column":24}},"154":{"start":{"line":739,"column":4},"end":{"line":741,"column":5}},"155":{"start":{"line":740,"column":6},"end":{"line":740,"column":96}},"156":{"start":{"line":744,"column":4},"end":{"line":753,"column":7}},"157":{"start":{"line":755,"column":4},"end":{"line":758,"column":6}},"158":{"start":{"line":768,"column":16},"end":{"line":781,"column":null}},"159":{"start":{"line":784,"column":4},"end":{"line":787,"column":6}},"160":{"start":{"line":76,"column":13},"end":{"line":76,"column":33}},"161":{"start":{"line":150,"column":8},"end":{"line":169,"column":null}},"162":{"start":{"line":179,"column":8},"end":{"line":196,"column":null}},"163":{"start":{"line":76,"column":13},"end":{"line":789,"column":null}}},"fnMap":{"0":{"name":"(anonymous_4)","decl":{"start":{"line":90,"column":2},"end":{"line":90,"column":null}},"loc":{"start":{"line":95,"column":73},"end":{"line":96,"column":6}}},"1":{"name":"(anonymous_5)","decl":{"start":{"line":101,"column":2},"end":{"line":101,"column":20}},"loc":{"start":{"line":101,"column":20},"end":{"line":140,"column":3}}},"2":{"name":"(anonymous_6)","decl":{"start":{"line":150,"column":2},"end":{"line":150,"column":7}},"loc":{"start":{"line":150,"column":37},"end":{"line":169,"column":3}}},"3":{"name":"(anonymous_7)","decl":{"start":{"line":179,"column":2},"end":{"line":179,"column":7}},"loc":{"start":{"line":179,"column":25},"end":{"line":196,"column":3}}},"4":{"name":"(anonymous_8)","decl":{"start":{"line":204,"column":2},"end":{"line":204,"column":7}},"loc":{"start":{"line":204,"column":48},"end":{"line":296,"column":3}}},"5":{"name":"(anonymous_9)","decl":{"start":{"line":301,"column":10},"end":{"line":301,"column":15}},"loc":{"start":{"line":301,"column":59},"end":{"line":363,"column":3}}},"6":{"name":"(anonymous_10)","decl":{"start":{"line":335,"column":56},"end":{"line":335,"column":61}},"loc":{"start":{"line":335,"column":71},"end":{"line":347,"column":9}}},"7":{"name":"(anonymous_11)","decl":{"start":{"line":368,"column":10},"end":{"line":368,"column":15}},"loc":{"start":{"line":368,"column":56},"end":{"line":435,"column":3}}},"8":{"name":"(anonymous_12)","decl":{"start":{"line":405,"column":60},"end":{"line":405,"column":65}},"loc":{"start":{"line":405,"column":75},"end":{"line":417,"column":9}}},"9":{"name":"(anonymous_13)","decl":{"start":{"line":440,"column":10},"end":{"line":440,"column":15}},"loc":{"start":{"line":440,"column":54},"end":{"line":461,"column":3}}},"10":{"name":"(anonymous_14)","decl":{"start":{"line":466,"column":10},"end":{"line":466,"column":15}},"loc":{"start":{"line":466,"column":57},"end":{"line":512,"column":3}}},"11":{"name":"(anonymous_15)","decl":{"start":{"line":490,"column":57},"end":{"line":490,"column":62}},"loc":{"start":{"line":490,"column":72},"end":{"line":499,"column":9}}},"12":{"name":"(anonymous_16)","decl":{"start":{"line":517,"column":10},"end":{"line":517,"column":15}},"loc":{"start":{"line":517,"column":52},"end":{"line":541,"column":3}}},"13":{"name":"(anonymous_17)","decl":{"start":{"line":546,"column":10},"end":{"line":546,"column":15}},"loc":{"start":{"line":546,"column":56},"end":{"line":571,"column":3}}},"14":{"name":"(anonymous_18)","decl":{"start":{"line":576,"column":10},"end":{"line":576,"column":15}},"loc":{"start":{"line":576,"column":37},"end":{"line":624,"column":3}}},"15":{"name":"(anonymous_19)","decl":{"start":{"line":629,"column":10},"end":{"line":629,"column":15}},"loc":{"start":{"line":629,"column":37},"end":{"line":657,"column":3}}},"16":{"name":"(anonymous_20)","decl":{"start":{"line":662,"column":10},"end":{"line":662,"column":15}},"loc":{"start":{"line":662,"column":39},"end":{"line":670,"column":3}}},"17":{"name":"(anonymous_21)","decl":{"start":{"line":675,"column":2},"end":{"line":675,"column":7}},"loc":{"start":{"line":675,"column":48},"end":{"line":730,"column":3}}},"18":{"name":"(anonymous_22)","decl":{"start":{"line":735,"column":2},"end":{"line":735,"column":7}},"loc":{"start":{"line":735,"column":66},"end":{"line":759,"column":3}}},"19":{"name":"(anonymous_23)","decl":{"start":{"line":764,"column":2},"end":{"line":764,"column":7}},"loc":{"start":{"line":764,"column":51},"end":{"line":788,"column":3}}}},"branchMap":{"0":{"loc":{"start":{"line":214,"column":18},"end":{"line":214,"column":34}},"type":"binary-expr","locations":[{"start":{"line":214,"column":18},"end":{"line":214,"column":26}},{"start":{"line":214,"column":30},"end":{"line":214,"column":34}}]},"1":{"loc":{"start":{"line":267,"column":16},"end":{"line":267,"column":59}},"type":"cond-expr","locations":[{"start":{"line":267,"column":36},"end":{"line":267,"column":45}},{"start":{"line":267,"column":48},"end":{"line":267,"column":59}}]},"2":{"loc":{"start":{"line":273,"column":22},"end":{"line":273,"column":66}},"type":"cond-expr","locations":[{"start":{"line":273,"column":42},"end":{"line":273,"column":59}},{"start":{"line":273,"column":62},"end":{"line":273,"column":66}}]},"3":{"loc":{"start":{"line":309,"column":12},"end":{"line":309,"column":36}},"type":"binary-expr","locations":[{"start":{"line":309,"column":12},"end":{"line":309,"column":20}},{"start":{"line":309,"column":24},"end":{"line":309,"column":36}}]},"4":{"loc":{"start":{"line":355,"column":4},"end":{"line":360,"column":5}},"type":"if","locations":[{"start":{"line":355,"column":4},"end":{"line":360,"column":5}}]},"5":{"loc":{"start":{"line":376,"column":12},"end":{"line":376,"column":36}},"type":"binary-expr","locations":[{"start":{"line":376,"column":12},"end":{"line":376,"column":20}},{"start":{"line":376,"column":24},"end":{"line":376,"column":36}}]},"6":{"loc":{"start":{"line":402,"column":6},"end":{"line":402,"column":34}},"type":"if","locations":[{"start":{"line":402,"column":6},"end":{"line":402,"column":34}}]},"7":{"loc":{"start":{"line":427,"column":4},"end":{"line":432,"column":5}},"type":"if","locations":[{"start":{"line":427,"column":4},"end":{"line":432,"column":5}}]},"8":{"loc":{"start":{"line":449,"column":12},"end":{"line":449,"column":36}},"type":"binary-expr","locations":[{"start":{"line":449,"column":12},"end":{"line":449,"column":20}},{"start":{"line":449,"column":24},"end":{"line":449,"column":36}}]},"9":{"loc":{"start":{"line":472,"column":12},"end":{"line":472,"column":36}},"type":"binary-expr","locations":[{"start":{"line":472,"column":12},"end":{"line":472,"column":20}},{"start":{"line":472,"column":24},"end":{"line":472,"column":36}}]},"10":{"loc":{"start":{"line":507,"column":4},"end":{"line":509,"column":5}},"type":"if","locations":[{"start":{"line":507,"column":4},"end":{"line":509,"column":5}}]},"11":{"loc":{"start":{"line":525,"column":12},"end":{"line":525,"column":36}},"type":"binary-expr","locations":[{"start":{"line":525,"column":12},"end":{"line":525,"column":20}},{"start":{"line":525,"column":24},"end":{"line":525,"column":36}}]},"12":{"loc":{"start":{"line":536,"column":4},"end":{"line":538,"column":5}},"type":"if","locations":[{"start":{"line":536,"column":4},"end":{"line":538,"column":5}}]},"13":{"loc":{"start":{"line":554,"column":21},"end":{"line":563,"column":12}},"type":"cond-expr","locations":[{"start":{"line":555,"column":10},"end":{"line":559,"column":null}},{"start":{"line":560,"column":10},"end":{"line":563,"column":12}}]},"14":{"loc":{"start":{"line":619,"column":4},"end":{"line":621,"column":5}},"type":"if","locations":[{"start":{"line":619,"column":4},"end":{"line":621,"column":5}}]},"15":{"loc":{"start":{"line":680,"column":4},"end":{"line":682,"column":5}},"type":"if","locations":[{"start":{"line":680,"column":4},"end":{"line":682,"column":5}}]},"16":{"loc":{"start":{"line":717,"column":28},"end":{"line":717,"column":49}},"type":"binary-expr","locations":[{"start":{"line":717,"column":28},"end":{"line":717,"column":43}},{"start":{"line":717,"column":47},"end":{"line":717,"column":49}}]},"17":{"loc":{"start":{"line":719,"column":7},"end":{"line":720,"column":45}},"type":"binary-expr","locations":[{"start":{"line":719,"column":7},"end":{"line":719,"column":62}},{"start":{"line":720,"column":6},"end":{"line":720,"column":45}}]},"18":{"loc":{"start":{"line":739,"column":4},"end":{"line":741,"column":5}},"type":"if","locations":[{"start":{"line":739,"column":4},"end":{"line":741,"column":5}}]},"19":{"loc":{"start":{"line":739,"column":8},"end":{"line":739,"column":40}},"type":"binary-expr","locations":[{"start":{"line":739,"column":8},"end":{"line":739,"column":22}},{"start":{"line":739,"column":26},"end":{"line":739,"column":40}}]},"20":{"loc":{"start":{"line":775,"column":28},"end":{"line":775,"column":45}},"type":"binary-expr","locations":[{"start":{"line":775,"column":28},"end":{"line":775,"column":36}},{"start":{"line":775,"column":40},"end":{"line":775,"column":45}}]},"21":{"loc":{"start":{"line":150,"column":41},"end":{"line":150,"column":null}},"type":"cond-expr","locations":[{"start":{"line":150,"column":48},"end":{"line":150,"column":null}},{"start":{"line":150,"column":48},"end":{"line":150,"column":null}}]},"22":{"loc":{"start":{"line":150,"column":41},"end":{"line":150,"column":48}},"type":"binary-expr","locations":[{"start":{"line":150,"column":41},"end":{"line":150,"column":null}},{"start":{"line":150,"column":41},"end":{"line":150,"column":48}}]},"23":{"loc":{"start":{"line":179,"column":29},"end":{"line":179,"column":null}},"type":"cond-expr","locations":[{"start":{"line":179,"column":36},"end":{"line":179,"column":null}},{"start":{"line":179,"column":36},"end":{"line":179,"column":null}}]},"24":{"loc":{"start":{"line":179,"column":29},"end":{"line":179,"column":36}},"type":"binary-expr","locations":[{"start":{"line":179,"column":29},"end":{"line":179,"column":null}},{"start":{"line":179,"column":29},"end":{"line":179,"column":36}}]},"25":{"loc":{"start":{"line":91,"column":29},"end":{"line":91,"column":null}},"type":"cond-expr","locations":[{"start":{"line":91,"column":42},"end":{"line":91,"column":null}},{"start":{"line":91,"column":42},"end":{"line":91,"column":null}}]},"26":{"loc":{"start":{"line":91,"column":29},"end":{"line":91,"column":42}},"type":"binary-expr","locations":[{"start":{"line":91,"column":29},"end":{"line":91,"column":null}},{"start":{"line":91,"column":29},"end":{"line":91,"column":42}}]},"27":{"loc":{"start":{"line":91,"column":42},"end":{"line":92,"column":null}},"type":"cond-expr","locations":[{"start":{"line":92,"column":50},"end":{"line":92,"column":null}},{"start":{"line":92,"column":50},"end":{"line":92,"column":null}}]},"28":{"loc":{"start":{"line":91,"column":42},"end":{"line":92,"column":50}},"type":"binary-expr","locations":[{"start":{"line":91,"column":42},"end":{"line":92,"column":null}},{"start":{"line":92,"column":33},"end":{"line":92,"column":50}}]},"29":{"loc":{"start":{"line":92,"column":50},"end":{"line":93,"column":null}},"type":"cond-expr","locations":[{"start":{"line":93,"column":42},"end":{"line":93,"column":null}},{"start":{"line":93,"column":42},"end":{"line":93,"column":null}}]},"30":{"loc":{"start":{"line":92,"column":50},"end":{"line":93,"column":42}},"type":"binary-expr","locations":[{"start":{"line":92,"column":50},"end":{"line":93,"column":null}},{"start":{"line":93,"column":29},"end":{"line":93,"column":42}}]},"31":{"loc":{"start":{"line":93,"column":42},"end":{"line":94,"column":null}},"type":"cond-expr","locations":[{"start":{"line":94,"column":49},"end":{"line":94,"column":null}},{"start":{"line":94,"column":49},"end":{"line":94,"column":null}}]},"32":{"loc":{"start":{"line":93,"column":42},"end":{"line":94,"column":49}},"type":"binary-expr","locations":[{"start":{"line":93,"column":42},"end":{"line":94,"column":null}},{"start":{"line":94,"column":36},"end":{"line":94,"column":49}}]},"33":{"loc":{"start":{"line":94,"column":49},"end":{"line":95,"column":null}},"type":"cond-expr","locations":[{"start":{"line":95,"column":73},"end":{"line":95,"column":null}},{"start":{"line":95,"column":73},"end":{"line":95,"column":null}}]},"34":{"loc":{"start":{"line":94,"column":49},"end":{"line":95,"column":73}},"type":"binary-expr","locations":[{"start":{"line":94,"column":49},"end":{"line":95,"column":null}},{"start":{"line":95,"column":68},"end":{"line":95,"column":73}}]}},"s":{"0":1,"1":1,"2":1,"3":1,"4":1,"5":1,"6":1,"7":1,"8":1,"9":50,"10":50,"11":50,"12":50,"13":50,"14":50,"15":50,"16":158,"17":2,"18":2,"19":2,"20":1,"21":1,"22":6,"23":6,"24":6,"25":5,"26":5,"27":5,"28":1,"29":26,"30":26,"31":26,"32":26,"33":26,"34":26,"35":26,"36":26,"37":26,"38":26,"39":26,"40":26,"41":25,"42":25,"43":25,"44":25,"45":25,"46":25,"47":25,"48":25,"49":25,"50":25,"51":25,"52":1,"53":1,"54":26,"55":26,"56":26,"57":26,"58":26,"59":26,"60":26,"61":26,"62":26,"63":25,"64":25,"65":6,"66":6,"67":6,"68":5,"69":1,"70":25,"71":4,"72":25,"73":25,"74":25,"75":25,"76":25,"77":25,"78":25,"79":5,"80":1,"81":4,"82":4,"83":4,"84":3,"85":1,"86":25,"87":3,"88":25,"89":25,"90":25,"91":25,"92":25,"93":25,"94":25,"95":25,"96":25,"97":25,"98":6,"99":6,"100":6,"101":5,"102":1,"103":25,"104":4,"105":25,"106":25,"107":25,"108":25,"109":25,"110":25,"111":2,"112":25,"113":25,"114":25,"115":25,"116":25,"117":25,"118":24,"119":1,"120":1,"121":6,"122":6,"123":6,"124":6,"125":5,"126":5,"127":3,"128":3,"129":2,"130":1,"131":5,"132":2,"133":5,"134":5,"135":5,"136":5,"137":5,"138":5,"139":5,"140":5,"141":5,"142":4,"143":4,"144":1,"145":3,"146":3,"147":3,"148":3,"149":3,"150":3,"151":3,"152":5,"153":5,"154":5,"155":2,"156":3,"157":3,"158":3,"159":3,"160":1,"161":1,"162":1,"163":1},"f":{"0":50,"1":158,"2":2,"3":6,"4":26,"5":26,"6":6,"7":25,"8":4,"9":25,"10":25,"11":6,"12":25,"13":25,"14":6,"15":5,"16":5,"17":4,"18":5,"19":3},"b":{"0":[26,23],"1":[1,25],"2":[1,25],"3":[26,3],"4":[4],"5":[25,3],"6":[1],"7":[3],"8":[25,3],"9":[25,3],"10":[4],"11":[25,3],"12":[2],"13":[3,22],"14":[2],"15":[1],"16":[3,2],"17":[3,2],"18":[2],"19":[5,4],"20":[3,2],"21":[1,0],"22":[1,1],"23":[1,0],"24":[1,1],"25":[1,0],"26":[1,1],"27":[1,0],"28":[1,1],"29":[1,0],"30":[1,1],"31":[1,0],"32":[1,1],"33":[1,0],"34":[1,1]}}
}
