TN:
SF:app/dashboard/work-orders/error.tsx
FN:6,Error
FNF:1
FNH:1
FNDA:6,Error
DA:3,1
DA:4,1
DA:6,1
DA:7,6
LF:4
LH:4
BRDA:14,0,0,6
BRDA:14,0,1,1
BRF:2
BRH:2
end_of_record
TN:
SF:app/dashboard/work-orders/layout.tsx
FN:9,Layout
FNF:1
FNH:0
FNDA:0,Layout
DA:3,0
DA:9,0
DA:10,0
LF:3
LH:0
BRF:0
BRH:0
end_of_record
TN:
SF:app/dashboard/work-orders/loading.tsx
FN:3,Loading
FNF:1
FNH:1
FNDA:2,Loading
DA:1,1
DA:3,1
DA:4,2
LF:3
LH:3
BRF:0
BRH:0
end_of_record
TN:
SF:app/dashboard/work-orders/page.tsx
FN:171,WorkOrdersPage
FN:180,(anonymous_2)
FN:181,(anonymous_3)
FN:185,(anonymous_4)
FN:188,(anonymous_5)
FN:202,(anonymous_6)
FN:209,(anonymous_7)
FN:218,(anonymous_8)
FN:240,(anonymous_9)
FN:241,(anonymous_10)
FN:242,(anonymous_11)
FN:284,(anonymous_12)
FN:302,(anonymous_13)
FN:334,(anonymous_14)
FN:342,(anonymous_15)
FN:345,(anonymous_16)
FN:375,(anonymous_17)
FN:393,(anonymous_18)
FN:413,(anonymous_19)
FN:422,(anonymous_20)
FN:457,(anonymous_21)
FN:463,(anonymous_22)
FN:473,(anonymous_23)
FNF:23
FNH:22
FNDA:40,WorkOrdersPage
FNDA:35,(anonymous_2)
FNDA:0,(anonymous_3)
FNDA:35,(anonymous_4)
FNDA:40,(anonymous_5)
FNDA:40,(anonymous_6)
FNDA:40,(anonymous_7)
FNDA:2,(anonymous_8)
FNDA:88,(anonymous_9)
FNDA:88,(anonymous_10)
FNDA:88,(anonymous_11)
FNDA:1,(anonymous_12)
FNDA:160,(anonymous_13)
FNDA:1,(anonymous_14)
FNDA:1,(anonymous_15)
FNDA:320,(anonymous_16)
FNDA:1,(anonymous_17)
FNDA:1,(anonymous_18)
FNDA:88,(anonymous_19)
FNDA:1,(anonymous_20)
FNDA:3,(anonymous_21)
FNDA:1,(anonymous_22)
FNDA:2,(anonymous_23)
DA:3,1
DA:4,1
DA:5,1
DA:6,1
DA:7,1
DA:8,1
DA:9,1
DA:10,1
DA:11,1
DA:25,1
DA:26,1
DA:27,1
DA:57,1
DA:115,1
DA:122,1
DA:133,1
DA:144,1
DA:152,1
DA:162,1
DA:171,1
DA:172,40
DA:173,40
DA:174,40
DA:175,40
DA:176,40
DA:177,40
DA:178,40
DA:180,40
DA:181,35
DA:182,0
DA:183,0
DA:185,35
DA:188,40
DA:189,40
DA:190,40
DA:191,40
DA:192,40
DA:193,40
DA:194,40
DA:197,40
DA:202,40
DA:203,40
DA:204,35
DA:205,34
DA:206,0
DA:209,40
DA:210,40
DA:211,35
DA:212,34
DA:213,0
DA:216,40
DA:218,40
DA:219,2
DA:220,2
DA:221,2
DA:226,2
DA:227,1
DA:228,1
DA:230,1
DA:231,1
DA:233,1
DA:235,2
DA:240,88
DA:241,88
DA:242,88
DA:244,40
DA:271,40
DA:284,1
DA:303,160
DA:334,1
DA:342,1
DA:346,320
DA:375,1
DA:393,1
DA:414,88
DA:415,88
DA:416,88
DA:417,88
DA:418,88
DA:422,1
DA:457,3
DA:463,1
DA:473,2
LF:83
LH:79
BRDA:192,0,0,0
BRDA:193,1,0,1
BRDA:203,2,0,5
BRDA:204,3,0,1
BRDA:205,4,0,34
BRDA:205,5,0,34
BRDA:205,5,1,34
BRDA:210,6,0,5
BRDA:211,7,0,1
BRDA:212,8,0,34
BRDA:226,9,0,1
BRDA:228,10,0,1
BRDA:228,10,1,1
BRDA:228,10,2,0
BRDA:228,11,0,1
BRDA:228,11,1,0
BRDA:228,12,0,1
BRDA:228,12,1,1
BRDA:230,13,0,1
BRDA:230,13,1,0
BRDA:230,14,0,0
BRDA:230,14,1,1
BRDA:230,15,0,1
BRDA:230,15,1,1
BRDA:233,16,0,1
BRDA:233,16,1,0
BRDA:314,17,0,8
BRDA:314,17,1,152
BRDA:366,18,0,3
BRDA:366,18,1,37
BRDA:380,19,0,2
BRDA:380,19,1,35
BRDA:384,20,0,5
BRDA:384,20,1,30
BRDA:414,21,0,88
BRDA:414,21,1,0
BRDA:415,22,0,88
BRDA:415,22,1,0
BRDA:415,23,0,88
BRDA:415,23,1,0
BRDA:417,24,0,88
BRDA:417,24,1,0
BRDA:417,25,0,0
BRDA:417,25,1,88
BRDA:417,26,0,88
BRDA:417,26,1,88
BRDA:426,27,0,88
BRDA:426,27,1,1
BRDA:431,28,0,88
BRDA:431,28,1,0
BRDA:434,29,0,59
BRDA:434,29,1,29
BRDA:434,30,0,59
BRDA:434,30,1,0
BRDA:467,31,0,88
BRDA:467,31,1,88
BRDA:467,31,2,88
BRF:57
BRH:44
end_of_record
TN:
SF:app/dashboard/work-orders/[id]/layout.tsx
FN:9,Layout
FNF:1
FNH:0
FNDA:0,Layout
DA:3,0
DA:9,0
DA:10,0
LF:3
LH:0
BRF:0
BRH:0
end_of_record
TN:
SF:app/dashboard/work-orders/[id]/page.tsx
FN:155,generateLocalId
FN:160,WorkOrderDetailPage
FN:172,(anonymous_3)
FN:188,(anonymous_4)
FN:194,(anonymous_5)
FN:208,(anonymous_6)
FN:231,(anonymous_7)
FN:242,(anonymous_8)
FN:276,(anonymous_9)
FN:307,(anonymous_10)
FN:337,(anonymous_11)
FN:349,(anonymous_12)
FN:350,(anonymous_13)
FN:385,(anonymous_14)
FN:396,(anonymous_15)
FN:405,(anonymous_16)
FN:432,(anonymous_17)
FN:464,(anonymous_18)
FN:470,(anonymous_19)
FN:571,(anonymous_20)
FN:586,(anonymous_21)
FN:586,(anonymous_22)
FN:596,(anonymous_23)
FN:596,(anonymous_24)
FN:600,(anonymous_25)
FN:612,(anonymous_26)
FN:612,(anonymous_27)
FN:624,(anonymous_28)
FN:624,(anonymous_29)
FN:629,(anonymous_30)
FN:654,(anonymous_31)
FN:669,(anonymous_32)
FN:669,(anonymous_33)
FN:679,(anonymous_34)
FN:679,(anonymous_35)
FN:683,(anonymous_36)
FN:695,(anonymous_37)
FN:695,(anonymous_38)
FN:702,(anonymous_39)
FN:721,DetailsTab
FN:781,LaborTab
FN:785,(anonymous_42)
FN:787,(anonymous_43)
FN:788,(anonymous_44)
FN:791,(anonymous_45)
FN:792,(anonymous_46)
FN:792,(anonymous_47)
FN:795,(anonymous_48)
FN:796,(anonymous_49)
FN:796,(anonymous_50)
FN:799,(anonymous_51)
FN:817,(anonymous_52)
FN:841,(anonymous_53)
FN:846,(anonymous_54)
FN:854,(anonymous_55)
FN:862,(anonymous_56)
FN:871,(anonymous_57)
FN:899,PartsTab
FN:903,(anonymous_59)
FN:905,(anonymous_60)
FN:906,(anonymous_61)
FN:909,(anonymous_62)
FN:910,(anonymous_63)
FN:910,(anonymous_64)
FN:913,(anonymous_65)
FN:914,(anonymous_66)
FN:914,(anonymous_67)
FN:917,(anonymous_68)
FN:935,(anonymous_69)
FN:959,(anonymous_70)
FN:964,(anonymous_71)
FN:972,(anonymous_72)
FN:980,(anonymous_73)
FN:989,(anonymous_74)
FN:1017,TimerTab
FN:1024,(anonymous_76)
FN:1026,(anonymous_77)
FN:1030,(anonymous_78)
FN:1036,(anonymous_79)
FN:1041,(anonymous_80)
FN:1048,(anonymous_81)
FN:1083,(anonymous_82)
FN:1093,(anonymous_83)
FN:1113,(anonymous_84)
FN:1140,PhotosTab
FN:1154,(anonymous_86)
FN:1164,AuditTab
FN:1186,(anonymous_88)
FNF:88
FNH:24
FNDA:0,generateLocalId
FNDA:66,WorkOrderDetailPage
FNDA:66,(anonymous_3)
FNDA:2,(anonymous_4)
FNDA:487,(anonymous_5)
FNDA:3,(anonymous_6)
FNDA:1,(anonymous_7)
FNDA:2,(anonymous_8)
FNDA:1,(anonymous_9)
FNDA:1,(anonymous_10)
FNDA:1,(anonymous_11)
FNDA:61,(anonymous_12)
FNDA:61,(anonymous_13)
FNDA:3,(anonymous_14)
FNDA:4,(anonymous_15)
FNDA:2,(anonymous_16)
FNDA:366,(anonymous_17)
FNDA:366,(anonymous_18)
FNDA:2,(anonymous_19)
FNDA:0,(anonymous_20)
FNDA:1,(anonymous_21)
FNDA:1,(anonymous_22)
FNDA:0,(anonymous_23)
FNDA:0,(anonymous_24)
FNDA:36,(anonymous_25)
FNDA:0,(anonymous_26)
FNDA:0,(anonymous_27)
FNDA:0,(anonymous_28)
FNDA:0,(anonymous_29)
FNDA:1,(anonymous_30)
FNDA:0,(anonymous_31)
FNDA:0,(anonymous_32)
FNDA:0,(anonymous_33)
FNDA:0,(anonymous_34)
FNDA:0,(anonymous_35)
FNDA:12,(anonymous_36)
FNDA:0,(anonymous_37)
FNDA:0,(anonymous_38)
FNDA:0,(anonymous_39)
FNDA:61,DetailsTab
FNDA:0,LaborTab
FNDA:0,(anonymous_42)
FNDA:0,(anonymous_43)
FNDA:0,(anonymous_44)
FNDA:0,(anonymous_45)
FNDA:0,(anonymous_46)
FNDA:0,(anonymous_47)
FNDA:0,(anonymous_48)
FNDA:0,(anonymous_49)
FNDA:0,(anonymous_50)
FNDA:0,(anonymous_51)
FNDA:0,(anonymous_52)
FNDA:0,(anonymous_53)
FNDA:0,(anonymous_54)
FNDA:0,(anonymous_55)
FNDA:0,(anonymous_56)
FNDA:0,(anonymous_57)
FNDA:0,PartsTab
FNDA:0,(anonymous_59)
FNDA:0,(anonymous_60)
FNDA:0,(anonymous_61)
FNDA:0,(anonymous_62)
FNDA:0,(anonymous_63)
FNDA:0,(anonymous_64)
FNDA:0,(anonymous_65)
FNDA:0,(anonymous_66)
FNDA:0,(anonymous_67)
FNDA:0,(anonymous_68)
FNDA:0,(anonymous_69)
FNDA:0,(anonymous_70)
FNDA:0,(anonymous_71)
FNDA:0,(anonymous_72)
FNDA:0,(anonymous_73)
FNDA:0,(anonymous_74)
FNDA:0,TimerTab
FNDA:0,(anonymous_76)
FNDA:0,(anonymous_77)
FNDA:0,(anonymous_78)
FNDA:0,(anonymous_79)
FNDA:0,(anonymous_80)
FNDA:0,(anonymous_81)
FNDA:0,(anonymous_82)
FNDA:0,(anonymous_83)
FNDA:0,(anonymous_84)
FNDA:0,PhotosTab
FNDA:0,(anonymous_86)
FNDA:0,AuditTab
FNDA:0,(anonymous_88)
DA:3,1
DA:4,1
DA:5,1
DA:6,1
DA:7,1
DA:9,1
DA:34,1
DA:35,1
DA:36,1
DA:37,1
DA:39,1
DA:41,1
DA:42,1
DA:111,1
DA:113,1
DA:127,1
DA:134,1
DA:143,1
DA:154,1
DA:156,0
DA:157,0
DA:160,1
DA:161,66
DA:162,66
DA:163,66
DA:164,66
DA:165,66
DA:167,66
DA:172,66
DA:173,66
DA:174,61
DA:175,1
DA:177,60
DA:180,66
DA:181,66
DA:182,66
DA:183,66
DA:184,66
DA:185,66
DA:186,66
DA:188,66
DA:189,2
DA:190,2
DA:191,2
DA:194,487
DA:197,66
DA:208,66
DA:209,3
DA:210,3
DA:211,3
DA:212,3
DA:213,3
DA:218,3
DA:219,1
DA:220,1
DA:222,2
DA:223,2
DA:225,1
DA:227,3
DA:231,66
DA:232,1
DA:233,1
DA:234,1
DA:235,1
DA:236,1
DA:238,0
DA:242,66
DA:243,2
DA:244,1
DA:245,1
DA:246,1
DA:247,1
DA:252,1
DA:253,1
DA:254,1
DA:256,1
DA:261,1
DA:262,0
DA:263,0
DA:265,1
DA:266,1
DA:267,1
DA:268,1
DA:270,0
DA:272,1
DA:276,66
DA:277,1
DA:278,0
DA:279,0
DA:280,0
DA:281,0
DA:285,0
DA:287,0
DA:292,0
DA:293,0
DA:294,0
DA:296,0
DA:297,0
DA:298,0
DA:299,0
DA:301,0
DA:303,0
DA:307,66
DA:308,1
DA:312,66
DA:313,1
DA:329,65
DA:330,4
DA:337,1
DA:342,61
DA:343,61
DA:344,61
DA:345,61
DA:346,61
DA:349,61
DA:350,61
DA:351,61
DA:353,61
DA:385,3
DA:396,4
DA:405,2
DA:433,366
DA:434,366
DA:435,366
DA:436,366
DA:465,366
DA:466,366
DA:467,366
DA:470,2
DA:571,0
DA:586,1
DA:596,0
DA:601,36
DA:612,0
DA:624,0
DA:629,1
DA:654,0
DA:669,0
DA:679,0
DA:684,12
DA:695,0
DA:702,0
DA:722,61
DA:782,0
DA:783,0
DA:785,0
DA:787,0
DA:788,0
DA:791,0
DA:792,0
DA:795,0
DA:796,0
DA:799,0
DA:800,0
DA:801,0
DA:802,0
DA:807,0
DA:808,0
DA:809,0
DA:811,0
DA:813,0
DA:817,0
DA:819,0
DA:842,0
DA:846,0
DA:854,0
DA:862,0
DA:871,0
DA:900,0
DA:901,0
DA:903,0
DA:905,0
DA:906,0
DA:909,0
DA:910,0
DA:913,0
DA:914,0
DA:917,0
DA:918,0
DA:919,0
DA:920,0
DA:925,0
DA:926,0
DA:927,0
DA:929,0
DA:931,0
DA:935,0
DA:937,0
DA:960,0
DA:964,0
DA:972,0
DA:980,0
DA:989,0
DA:1018,0
DA:1019,0
DA:1020,0
DA:1021,0
DA:1024,0
DA:1026,0
DA:1027,0
DA:1028,0
DA:1029,0
DA:1030,0
DA:1031,0
DA:1033,0
DA:1034,0
DA:1036,0
DA:1037,0
DA:1041,0
DA:1042,0
DA:1043,0
DA:1044,0
DA:1045,0
DA:1048,0
DA:1049,0
DA:1050,0
DA:1051,0
DA:1056,0
DA:1057,0
DA:1058,0
DA:1059,0
DA:1060,0
DA:1061,0
DA:1063,0
DA:1065,0
DA:1067,0
DA:1071,0
DA:1083,0
DA:1093,0
DA:1114,0
DA:1141,0
DA:1142,0
DA:1152,0
DA:1155,0
DA:1165,0
DA:1166,0
DA:1176,0
DA:1186,0
LF:238
LH:113
BRDA:165,0,0,66
BRDA:165,0,1,66
BRDA:173,1,0,5
BRDA:174,2,0,1
BRDA:174,3,0,61
BRDA:174,3,1,1
BRDA:174,3,2,1
BRDA:174,3,3,1
BRDA:194,4,0,487
BRDA:194,4,1,0
BRDA:209,5,0,3
BRDA:209,5,1,3
BRDA:209,6,0,3
BRDA:209,6,1,0
BRDA:210,7,0,0
BRDA:210,8,0,3
BRDA:210,8,1,3
BRDA:218,9,0,1
BRDA:220,10,0,1
BRDA:220,10,1,1
BRDA:220,10,2,0
BRDA:220,11,0,1
BRDA:220,11,1,0
BRDA:220,12,0,1
BRDA:220,12,1,1
BRDA:225,13,0,1
BRDA:225,13,1,0
BRDA:234,14,0,0
BRDA:238,15,0,0
BRDA:238,15,1,0
BRDA:243,16,0,1
BRDA:244,17,0,0
BRDA:252,18,0,0
BRDA:253,19,0,0
BRDA:254,20,0,0
BRDA:261,21,0,0
BRDA:263,22,0,0
BRDA:263,22,1,0
BRDA:263,22,2,0
BRDA:263,23,0,0
BRDA:263,23,1,0
BRDA:263,24,0,0
BRDA:263,24,1,0
BRDA:270,25,0,0
BRDA:270,25,1,0
BRDA:277,26,0,1
BRDA:278,27,0,0
BRDA:285,28,0,0
BRDA:292,29,0,0
BRDA:294,30,0,0
BRDA:294,30,1,0
BRDA:294,30,2,0
BRDA:294,31,0,0
BRDA:294,31,1,0
BRDA:294,32,0,0
BRDA:294,32,1,0
BRDA:301,33,0,0
BRDA:301,33,1,0
BRDA:312,34,0,1
BRDA:329,35,0,4
BRDA:329,36,0,65
BRDA:329,36,1,62
BRDA:344,37,0,58
BRDA:344,37,1,3
BRDA:345,38,0,61
BRDA:345,38,1,0
BRDA:345,39,0,61
BRDA:345,39,1,0
BRDA:349,40,0,61
BRDA:349,40,1,0
BRDA:350,41,0,61
BRDA:350,41,1,0
BRDA:361,42,0,61
BRDA:361,42,1,0
BRDA:368,43,0,61
BRDA:368,43,1,0
BRDA:378,44,0,60
BRDA:378,44,1,1
BRDA:379,45,0,60
BRDA:379,45,1,1
BRDA:383,46,0,61
BRDA:383,46,1,58
BRDA:383,46,2,58
BRDA:393,47,0,61
BRDA:393,47,1,13
BRDA:393,47,2,13
BRDA:402,48,0,61
BRDA:402,48,1,48
BRDA:402,48,2,48
BRDA:402,48,3,6
BRDA:411,49,0,61
BRDA:411,49,1,55
BRDA:411,49,2,6
BRDA:438,50,0,366
BRDA:438,50,1,305
BRDA:439,51,0,26
BRDA:439,51,1,279
BRDA:443,52,0,60
BRDA:443,52,1,306
BRDA:445,53,0,86
BRDA:445,53,1,220
BRDA:450,54,0,86
BRDA:450,54,1,280
BRDA:452,55,0,60
BRDA:452,55,1,220
BRDA:472,56,0,61
BRDA:472,56,1,305
BRDA:491,57,0,61
BRDA:491,57,1,61
BRDA:492,58,0,61
BRDA:492,58,1,0
BRDA:492,59,0,0
BRDA:492,59,1,0
BRDA:493,60,0,61
BRDA:493,60,1,0
BRDA:493,61,0,0
BRDA:493,61,1,0
BRDA:494,62,0,61
BRDA:494,62,1,0
BRDA:494,63,0,0
BRDA:494,63,1,0
BRDA:495,64,0,61
BRDA:495,64,1,0
BRDA:495,65,0,0
BRDA:495,65,1,0
BRDA:496,66,0,61
BRDA:496,66,1,0
BRDA:496,67,0,0
BRDA:496,67,1,0
BRDA:523,68,0,61
BRDA:523,68,1,60
BRDA:531,69,0,60
BRDA:531,69,1,60
BRDA:532,70,0,60
BRDA:532,70,1,60
BRDA:537,71,0,61
BRDA:537,71,1,60
BRDA:546,72,0,60
BRDA:546,72,1,0
BRDA:548,73,0,60
BRDA:548,73,1,47
BRDA:562,74,0,61
BRDA:562,74,1,6
BRDA:645,75,0,61
BRDA:645,75,1,2
BRDA:667,76,0,2
BRDA:667,76,1,0
BRDA:670,77,0,2
BRDA:670,77,1,0
BRDA:735,78,0,61
BRDA:735,78,1,0
BRDA:741,79,0,61
BRDA:741,79,1,0
BRDA:744,80,0,61
BRDA:744,80,1,61
BRDA:763,81,0,61
BRDA:763,81,1,0
BRDA:767,82,0,61
BRDA:767,82,1,0
BRDA:771,83,0,61
BRDA:771,83,1,0
BRDA:792,84,0,0
BRDA:792,84,1,0
BRDA:807,85,0,0
BRDA:837,86,0,0
BRDA:837,86,1,0
BRDA:853,87,0,0
BRDA:853,87,1,0
BRDA:861,88,0,0
BRDA:861,88,1,0
BRDA:910,89,0,0
BRDA:910,89,1,0
BRDA:925,90,0,0
BRDA:955,91,0,0
BRDA:955,91,1,0
BRDA:971,92,0,0
BRDA:971,92,1,0
BRDA:979,93,0,0
BRDA:979,93,1,0
BRDA:1027,94,0,0
BRDA:1037,95,0,0
BRDA:1056,96,0,0
BRDA:1057,97,0,0
BRDA:1057,97,1,0
BRDA:1058,98,0,0
BRDA:1061,99,0,0
BRDA:1065,100,0,0
BRDA:1065,100,1,0
BRDA:1081,101,0,0
BRDA:1081,101,1,0
BRDA:1108,102,0,0
BRDA:1108,102,1,0
BRDA:1118,103,0,0
BRDA:1118,103,1,0
BRDA:1120,104,0,0
BRDA:1120,104,1,0
BRDA:1124,105,0,0
BRDA:1124,105,1,0
BRDA:1141,106,0,0
BRDA:1165,107,0,0
BRDA:1192,108,0,0
BRDA:1192,108,1,0
BRDA:1192,108,2,0
BRDA:1194,109,0,0
BRDA:1194,109,1,0
BRDA:1194,110,0,0
BRDA:1194,110,1,0
BRDA:1194,111,0,0
BRDA:1194,111,1,0
BRDA:1194,112,0,0
BRDA:1194,112,1,0
BRDA:1194,113,0,0
BRDA:1194,113,1,0
BRDA:1194,114,0,0
BRDA:1194,114,1,0
BRDA:1200,115,0,0
BRDA:1200,115,1,0
BRF:217
BRH:97
end_of_record
TN:
SF:app/dashboard/work-orders/new/layout.tsx
FN:9,Layout
FNF:1
FNH:0
FNDA:0,Layout
DA:3,0
DA:9,0
DA:10,0
LF:3
LH:0
BRF:0
BRH:0
end_of_record
TN:
SF:app/dashboard/work-orders/new/page.tsx
FN:272,SectionHeader
FN:299,CollapsibleSection
FN:312,(anonymous_2)
FN:335,LiveTotal
FN:336,(anonymous_4)
FN:339,(anonymous_5)
FN:380,NewWorkOrderPage
FN:467,(anonymous_7)
FN:486,(anonymous_8)
FN:487,(anonymous_9)
FN:488,(anonymous_10)
FN:491,(anonymous_11)
FN:505,(anonymous_12)
FN:510,loadVehicles
FN:526,(anonymous_14)
FN:528,(anonymous_15)
FN:536,(anonymous_16)
FN:537,loadTechnicians
FN:553,(anonymous_18)
FN:554,loadBays
FN:568,(anonymous_20)
FN:585,(anonymous_21)
FN:608,(anonymous_22)
FN:642,(anonymous_23)
FN:695,(anonymous_24)
FN:711,(anonymous_25)
FN:747,(anonymous_26)
FN:778,(anonymous_27)
FN:798,(anonymous_28)
FN:822,(anonymous_29)
FN:830,(anonymous_30)
FN:840,(anonymous_31)
FN:844,(anonymous_32)
FN:876,(anonymous_33)
FN:883,(anonymous_34)
FN:926,(anonymous_35)
FN:993,(anonymous_36)
FN:1087,(anonymous_37)
FN:1098,(anonymous_38)
FN:1109,(anonymous_39)
FN:1109,(anonymous_40)
FN:1156,(anonymous_41)
FN:1209,(anonymous_42)
FN:1243,(anonymous_43)
FN:1311,(anonymous_44)
FN:1320,(anonymous_45)
FN:1332,(anonymous_46)
FN:1340,(anonymous_47)
FN:1354,(anonymous_48)
FN:1425,(anonymous_49)
FN:1530,(anonymous_50)
FN:1566,(anonymous_51)
FN:1570,(anonymous_52)
FNF:53
FNH:22
FNDA:1416,SectionHeader
FNDA:0,CollapsibleSection
FNDA:0,(anonymous_2)
FNDA:0,LiveTotal
FNDA:0,(anonymous_4)
FNDA:0,(anonymous_5)
FNDA:178,NewWorkOrderPage
FNDA:1,(anonymous_7)
FNDA:57,(anonymous_8)
FNDA:1,(anonymous_9)
FNDA:57,(anonymous_10)
FNDA:0,(anonymous_11)
FNDA:57,(anonymous_12)
FNDA:0,loadVehicles
FNDA:0,(anonymous_14)
FNDA:0,(anonymous_15)
FNDA:57,(anonymous_16)
FNDA:57,loadTechnicians
FNDA:57,(anonymous_18)
FNDA:57,loadBays
FNDA:0,(anonymous_20)
FNDA:0,(anonymous_21)
FNDA:0,(anonymous_22)
FNDA:0,(anonymous_23)
FNDA:1,(anonymous_24)
FNDA:0,(anonymous_25)
FNDA:885,(anonymous_26)
FNDA:708,(anonymous_27)
FNDA:1593,(anonymous_28)
FNDA:0,(anonymous_29)
FNDA:0,(anonymous_30)
FNDA:0,(anonymous_31)
FNDA:0,(anonymous_32)
FNDA:0,(anonymous_33)
FNDA:0,(anonymous_34)
FNDA:708,(anonymous_35)
FNDA:885,(anonymous_36)
FNDA:10,(anonymous_37)
FNDA:10,(anonymous_38)
FNDA:10,(anonymous_39)
FNDA:5,(anonymous_40)
FNDA:885,(anonymous_41)
FNDA:0,(anonymous_42)
FNDA:0,(anonymous_43)
FNDA:0,(anonymous_44)
FNDA:0,(anonymous_45)
FNDA:0,(anonymous_46)
FNDA:0,(anonymous_47)
FNDA:0,(anonymous_48)
FNDA:0,(anonymous_49)
FNDA:0,(anonymous_50)
FNDA:0,(anonymous_51)
FNDA:0,(anonymous_52)
DA:3,1
DA:4,1
DA:5,1
DA:6,1
DA:7,1
DA:8,1
DA:9,1
DA:10,1
DA:11,1
DA:12,1
DA:13,1
DA:14,1
DA:21,1
DA:57,1
DA:62,1
DA:70,1
DA:87,1
DA:199,1
DA:207,1
DA:214,1
DA:222,1
DA:230,1
DA:237,1
DA:243,1
DA:251,1
DA:263,1
DA:265,1
DA:267,1
DA:278,1416
DA:307,0
DA:308,0
DA:312,0
DA:336,0
DA:337,0
DA:338,0
DA:339,0
DA:340,0
DA:341,0
DA:342,0
DA:343,0
DA:345,0
DA:346,0
DA:347,0
DA:348,0
DA:351,0
DA:380,1
DA:381,178
DA:384,178
DA:385,177
DA:386,177
DA:387,177
DA:388,177
DA:391,177
DA:392,177
DA:393,177
DA:396,177
DA:397,177
DA:400,177
DA:403,177
DA:404,177
DA:405,177
DA:408,177
DA:417,177
DA:453,177
DA:454,177
DA:455,177
DA:456,177
DA:457,177
DA:458,177
DA:459,177
DA:460,177
DA:467,177
DA:468,1
DA:469,1
DA:470,1
DA:472,0
DA:473,0
DA:474,0
DA:475,0
DA:476,0
DA:477,0
DA:478,0
DA:480,0
DA:482,0
DA:486,177
DA:487,57
DA:488,57
DA:491,177
DA:492,0
DA:493,0
DA:494,0
DA:495,0
DA:496,0
DA:497,0
DA:499,0
DA:500,0
DA:505,177
DA:506,57
DA:507,57
DA:508,57
DA:511,0
DA:512,0
DA:513,0
DA:514,0
DA:515,0
DA:516,0
DA:518,0
DA:520,0
DA:523,0
DA:526,177
DA:527,0
DA:528,0
DA:529,0
DA:530,0
DA:531,0
DA:536,177
DA:538,57
DA:539,57
DA:540,57
DA:541,56
DA:542,56
DA:544,1
DA:546,57
DA:549,57
DA:553,177
DA:555,57
DA:556,57
DA:557,57
DA:558,57
DA:559,57
DA:561,0
DA:564,57
DA:568,177
DA:569,0
DA:570,0
DA:571,0
DA:572,0
DA:573,0
DA:574,0
DA:575,0
DA:576,0
DA:578,0
DA:580,0
DA:585,177
DA:586,0
DA:602,0
DA:608,177
DA:609,0
DA:610,0
DA:641,0
DA:642,0
DA:660,0
DA:665,0
DA:666,0
DA:667,0
DA:669,0
DA:670,0
DA:671,0
DA:673,0
DA:680,177
DA:695,1
DA:711,0
DA:748,885
DA:749,885
DA:750,885
DA:779,708
DA:799,1593
DA:823,0
DA:824,0
DA:825,0
DA:826,0
DA:827,0
DA:830,0
DA:841,0
DA:844,0
DA:876,0
DA:884,0
DA:927,708
DA:994,885
DA:1088,10
DA:1099,10
DA:1109,10
DA:1110,5
DA:1157,885
DA:1209,0
DA:1244,0
DA:1245,0
DA:1246,0
DA:1312,0
DA:1321,0
DA:1332,0
DA:1341,0
DA:1342,0
DA:1354,0
DA:1426,0
DA:1530,0
DA:1567,0
DA:1570,0
LF:198
LH:101
BRDA:288,0,0,1416
BRDA:288,0,1,1062
BRDA:299,1,0,0
BRDA:322,2,0,0
BRDA:322,2,1,0
BRDA:325,3,0,0
BRDA:325,3,1,0
BRDA:327,4,0,0
BRDA:327,4,1,0
BRDA:340,5,0,0
BRDA:340,5,1,0
BRDA:341,6,0,0
BRDA:341,6,1,0
BRDA:343,7,0,0
BRDA:343,7,1,0
BRDA:468,8,0,1
BRDA:475,9,0,0
BRDA:477,10,0,0
BRDA:477,10,1,0
BRDA:477,11,0,0
BRDA:477,11,1,0
BRDA:477,12,0,0
BRDA:477,12,1,0
BRDA:477,13,0,0
BRDA:477,13,1,0
BRDA:478,14,0,0
BRDA:478,14,1,0
BRDA:494,15,0,0
BRDA:494,15,1,0
BRDA:494,15,2,0
BRDA:499,16,0,0
BRDA:506,17,0,57
BRDA:514,18,0,0
BRDA:516,19,0,0
BRDA:516,19,1,0
BRDA:516,20,0,0
BRDA:516,20,1,0
BRDA:516,21,0,0
BRDA:516,21,1,0
BRDA:516,22,0,0
BRDA:516,22,1,0
BRDA:529,23,0,0
BRDA:529,23,1,0
BRDA:530,24,0,0
BRDA:530,25,0,0
BRDA:530,25,1,0
BRDA:530,26,0,0
BRDA:530,26,1,0
BRDA:540,27,0,1
BRDA:542,28,0,56
BRDA:542,28,1,0
BRDA:542,29,0,56
BRDA:542,29,1,56
BRDA:542,30,0,56
BRDA:542,30,1,0
BRDA:542,31,0,56
BRDA:542,31,1,56
BRDA:557,32,0,0
BRDA:559,33,0,57
BRDA:559,33,1,0
BRDA:559,34,0,57
BRDA:559,34,1,57
BRDA:559,35,0,57
BRDA:559,35,1,0
BRDA:559,36,0,57
BRDA:559,36,1,57
BRDA:570,37,0,0
BRDA:574,38,0,0
BRDA:576,39,0,0
BRDA:576,39,1,0
BRDA:576,40,0,0
BRDA:576,40,1,0
BRDA:576,41,0,0
BRDA:576,41,1,0
BRDA:576,42,0,0
BRDA:576,42,1,0
BRDA:587,43,0,0
BRDA:587,43,1,0
BRDA:591,44,0,0
BRDA:591,44,1,0
BRDA:592,45,0,0
BRDA:592,45,1,0
BRDA:595,46,0,0
BRDA:595,46,1,0
BRDA:613,47,0,0
BRDA:613,47,1,0
BRDA:615,48,0,0
BRDA:615,48,1,0
BRDA:616,49,0,0
BRDA:616,49,1,0
BRDA:617,50,0,0
BRDA:617,50,1,0
BRDA:618,51,0,0
BRDA:618,51,1,0
BRDA:619,52,0,0
BRDA:619,52,1,0
BRDA:620,53,0,0
BRDA:620,53,1,0
BRDA:621,54,0,0
BRDA:621,54,1,0
BRDA:622,55,0,0
BRDA:622,55,1,0
BRDA:623,56,0,0
BRDA:623,56,1,0
BRDA:624,57,0,0
BRDA:624,57,1,0
BRDA:625,58,0,0
BRDA:625,58,1,0
BRDA:626,59,0,0
BRDA:626,59,1,0
BRDA:627,60,0,0
BRDA:627,60,1,0
BRDA:628,61,0,0
BRDA:628,61,1,0
BRDA:629,62,0,0
BRDA:629,62,1,0
BRDA:630,63,0,0
BRDA:630,63,1,0
BRDA:631,64,0,0
BRDA:631,64,1,0
BRDA:632,65,0,0
BRDA:632,65,1,0
BRDA:633,66,0,0
BRDA:633,66,1,0
BRDA:634,67,0,0
BRDA:634,67,1,0
BRDA:635,68,0,0
BRDA:635,68,1,0
BRDA:636,69,0,0
BRDA:636,69,1,0
BRDA:637,70,0,0
BRDA:637,70,1,0
BRDA:638,71,0,0
BRDA:638,71,1,0
BRDA:641,72,0,0
BRDA:644,73,0,0
BRDA:644,73,1,0
BRDA:645,74,0,0
BRDA:645,74,1,0
BRDA:646,75,0,0
BRDA:646,75,1,0
BRDA:647,76,0,0
BRDA:647,76,1,0
BRDA:648,77,0,0
BRDA:648,77,1,0
BRDA:649,78,0,0
BRDA:649,78,1,0
BRDA:650,79,0,0
BRDA:650,79,1,0
BRDA:651,80,0,0
BRDA:651,80,1,0
BRDA:652,81,0,0
BRDA:652,81,1,0
BRDA:653,82,0,0
BRDA:653,82,1,0
BRDA:653,83,0,0
BRDA:653,83,1,0
BRDA:654,84,0,0
BRDA:654,84,1,0
BRDA:655,85,0,0
BRDA:655,85,1,0
BRDA:656,86,0,0
BRDA:656,86,1,0
BRDA:666,87,0,0
BRDA:667,88,0,0
BRDA:667,88,1,0
BRDA:667,88,2,0
BRDA:667,89,0,0
BRDA:667,89,1,0
BRDA:667,90,0,0
BRDA:667,90,1,0
BRDA:669,91,0,0
BRDA:669,91,1,0
BRDA:669,92,0,0
BRDA:669,92,1,0
BRDA:669,93,0,0
BRDA:669,93,1,0
BRDA:671,94,0,0
BRDA:671,94,1,0
BRDA:673,95,0,0
BRDA:673,95,1,0
BRDA:759,96,0,177
BRDA:759,96,1,708
BRDA:763,97,0,177
BRDA:763,97,1,708
BRDA:764,98,0,177
BRDA:764,98,1,708
BRDA:825,99,0,0
BRDA:835,100,0,177
BRDA:835,100,1,0
BRDA:838,101,0,177
BRDA:838,101,1,0
BRDA:838,101,2,0
BRDA:838,101,3,0
BRDA:848,102,0,0
BRDA:848,102,1,0
BRDA:848,102,2,0
BRDA:851,103,0,0
BRDA:851,103,1,0
BRDA:852,104,0,0
BRDA:852,104,1,0
BRDA:859,105,0,177
BRDA:859,105,1,0
BRDA:864,106,0,0
BRDA:864,106,1,0
BRDA:868,107,0,177
BRDA:868,107,1,0
BRDA:877,108,0,177
BRDA:877,108,1,0
BRDA:881,109,0,177
BRDA:881,109,1,0
BRDA:881,110,0,0
BRDA:881,110,1,0
BRDA:885,111,0,0
BRDA:885,111,1,0
BRDA:885,112,0,0
BRDA:885,112,1,0
BRDA:889,113,0,177
BRDA:889,113,1,0
BRDA:892,114,0,177
BRDA:892,114,1,0
BRDA:894,115,0,0
BRDA:894,115,1,0
BRDA:900,116,0,0
BRDA:900,116,1,0
BRDA:906,117,0,0
BRDA:906,117,1,0
BRDA:912,118,0,0
BRDA:912,118,1,0
BRDA:997,119,0,0
BRDA:997,119,1,885
BRDA:1004,120,0,177
BRDA:1004,120,1,708
BRDA:1004,121,0,177
BRDA:1004,121,1,531
BRDA:1009,122,0,0
BRDA:1009,122,1,885
BRDA:1097,123,0,171
BRDA:1097,123,1,6
BRDA:1160,124,0,177
BRDA:1160,124,1,708
BRDA:1177,125,0,177
BRDA:1177,125,1,0
BRDA:1231,126,0,177
BRDA:1231,126,1,0
BRDA:1250,127,0,0
BRDA:1250,127,1,0
BRDA:1332,128,0,0
BRDA:1332,128,1,0
BRDA:1345,129,0,0
BRDA:1345,129,1,0
BRDA:1347,130,0,0
BRDA:1347,130,1,0
BRDA:1364,131,0,0
BRDA:1364,131,1,0
BRDA:1373,132,0,0
BRDA:1373,132,1,0
BRDA:1435,133,0,0
BRDA:1435,133,1,0
BRDA:1453,134,0,177
BRDA:1453,134,1,0
BRDA:1511,135,0,177
BRDA:1511,135,1,0
BRDA:1557,136,0,0
BRDA:1557,136,1,177
BRDA:1561,137,0,177
BRDA:1561,137,1,0
BRDA:1575,138,0,0
BRDA:1575,138,1,0
BRDA:1577,139,0,0
BRDA:1577,139,1,0
BRDA:1581,140,0,0
BRDA:1581,140,1,0
BRDA:1584,141,0,0
BRDA:1584,141,1,0
BRF:275
BRH:47
end_of_record
